This is XeTeX, Version 3.14159265-2.6-0.999992 (MiKTeX 2.9.7440 64-bit) (preloaded format=xelatex 2020.6.1)  21 SEP 2020 08:00
entering extended mode
**./LING200midterm-Thursday,_4_June_2020.tex
(LING200midterm-Thursday,_4_June_2020.tex
LaTeX2e <2020-02-02> patch level 5
L3 programming layer <2020-05-15>
("C:\Users\Kaili-Pants\AppData\Local\Programs\MiKTeX 2.9\tex/latex/base\article
.cls"
Document Class: article 2019/12/20 v1.4l Standard LaTeX document class

("C:\Users\Kaili-Pants\AppData\Local\Programs\MiKTeX 2.9\tex/latex/base\size12.
clo"
File: size12.clo 2019/12/20 v1.4l Standard LaTeX file (size option)
)
\c@part=\count163
\c@section=\count164
\c@subsection=\count165
\c@subsubsection=\count166
\c@paragraph=\count167
\c@subparagraph=\count168
\c@figure=\count169
\c@table=\count170
\abovecaptionskip=\skip47
\belowcaptionskip=\skip48
\bibindent=\dimen134
)
("C:\Users\Kaili-Pants\AppData\Local\Programs\MiKTeX 2.9\tex/latex/parskip\pars
kip.sty"
Package: parskip 2020-05-19 v2.0e non-zero parskip adjustments

("C:\Users\Kaili-Pants\AppData\Local\Programs\MiKTeX 2.9\tex/latex/kvoptions\kv
options.sty"
Package: kvoptions 2019/11/29 v3.13 Key value format for package options (HO)

("C:\Users\Kaili-Pants\AppData\Local\Programs\MiKTeX 2.9\tex/latex/graphics\key
val.sty"
Package: keyval 2014/10/28 v1.15 key=value parser (DPC)
\KV@toks@=\toks15
)
("C:\Users\Kaili-Pants\AppData\Local\Programs\MiKTeX 2.9\tex/generic/ltxcmds\lt
xcmds.sty"
Package: ltxcmds 2019/12/15 v1.24 LaTeX kernel commands for general use (HO)
)
("C:\Users\Kaili-Pants\AppData\Local\Programs\MiKTeX 2.9\tex/generic/kvsetkeys\
kvsetkeys.sty"
Package: kvsetkeys 2019/12/15 v1.18 Key value parser (HO)
))
("C:\Users\Kaili-Pants\AppData\Local\Programs\MiKTeX 2.9\tex/latex/etoolbox\eto
olbox.sty"
Package: etoolbox 2019/09/21 v2.5h e-TeX tools for LaTeX (JAW)
\etb@tempcnta=\count171
))
("C:\Users\Kaili-Pants\AppData\Local\Programs\MiKTeX 2.9\tex/latex/geometry\geo
metry.sty"
Package: geometry 2020/01/02 v5.9 Page Geometry

("C:\Users\Kaili-Pants\AppData\Local\Programs\MiKTeX 2.9\tex/generic/iftex\ifvt
ex.sty"
Package: ifvtex 2019/10/25 v1.7 ifvtex legacy package. Use iftex instead.

("C:\Users\Kaili-Pants\AppData\Local\Programs\MiKTeX 2.9\tex/generic/iftex\ifte
x.sty"
Package: iftex 2020/03/06 v1.0d TeX engine tests
))
\Gm@cnth=\count172
\Gm@cntv=\count173
\c@Gm@tempcnt=\count174
\Gm@bindingoffset=\dimen135
\Gm@wd@mp=\dimen136
\Gm@odd@mp=\dimen137
\Gm@even@mp=\dimen138
\Gm@layoutwidth=\dimen139
\Gm@layoutheight=\dimen140
\Gm@layouthoffset=\dimen141
\Gm@layoutvoffset=\dimen142
\Gm@dimlist=\toks16

("C:\Users\Kaili-Pants\AppData\Local\Programs\MiKTeX 2.9\tex/xelatex/xetexconfi
g\geometry.cfg"))
("C:\Users\Kaili-Pants\AppData\Local\Programs\MiKTeX 2.9\tex/latex/preprint\ful
lpage.sty"
Package: fullpage 1999/02/23 1.1 (PWD)
\FP@margin=\skip49
)
("C:\Users\Kaili-Pants\AppData\Local\Programs\MiKTeX 2.9\tex/latex/moresize\mor
esize.sty"
Package: moresize 1999/07/26 v1.9 (more font sizes)
)
("C:\Users\Kaili-Pants\AppData\Local\Programs\MiKTeX 2.9\tex/latex/graphics\gra
phicx.sty"
Package: graphicx 2019/11/30 v1.2a Enhanced LaTeX Graphics (DPC,SPQR)

("C:\Users\Kaili-Pants\AppData\Local\Programs\MiKTeX 2.9\tex/latex/graphics\gra
phics.sty"
Package: graphics 2019/11/30 v1.4a Standard LaTeX Graphics (DPC,SPQR)

("C:\Users\Kaili-Pants\AppData\Local\Programs\MiKTeX 2.9\tex/latex/graphics\tri
g.sty"
Package: trig 2016/01/03 v1.10 sin cos tan (DPC)
)
("C:\Users\Kaili-Pants\AppData\Local\Programs\MiKTeX 2.9\tex/latex/graphics-cfg
\graphics.cfg"
File: graphics.cfg 2016/06/04 v1.11 sample graphics configuration
)
Package graphics Info: Driver file: xetex.def on input line 105.

("C:\Users\Kaili-Pants\AppData\Local\Programs\MiKTeX 2.9\tex/latex/graphics-def
\xetex.def"
File: xetex.def 2017/06/24 v5.0h Graphics/color driver for xetex
))
\Gin@req@height=\dimen143
\Gin@req@width=\dimen144
)
("C:\Users\Kaili-Pants\AppData\Local\Programs\MiKTeX 2.9\tex/latex/caption\capt
ion.sty"
Package: caption 2020/05/10 v3.4j Customizing captions (AR)

("C:\Users\Kaili-Pants\AppData\Local\Programs\MiKTeX 2.9\tex/latex/caption\capt
ion3.sty"
Package: caption3 2020/05/10 v1.11 caption3 kernel (AR)
Package caption3 Info: TeX engine: e-TeX on input line 61.
\captionmargin=\dimen145
\captionmargin@=\dimen146
\captionwidth=\dimen147
\caption@tempdima=\dimen148
\caption@indent=\dimen149
\caption@parindent=\dimen150
\caption@hangindent=\dimen151
Package caption Info: Standard document class detected.
)
\c@caption@flags=\count175
\c@continuedfloat=\count176
)
("C:\Users\Kaili-Pants\AppData\Local\Programs\MiKTeX 2.9\tex/latex/caption\subc
aption.sty"
Package: subcaption 2020/01/22 v1.3d Sub-captions (AR)
\c@subfigure=\count177
\c@subtable=\count178
)
("C:\Users\Kaili-Pants\AppData\Local\Programs\MiKTeX 2.9\tex/latex/float\float.
sty"
Package: float 2001/11/08 v1.3d Float enhancements (AL)
\c@float@type=\count179
\float@exts=\toks17
\float@box=\box45
\@float@everytoks=\toks18
\@floatcapt=\box46
)
("C:\Users\Kaili-Pants\AppData\Local\Programs\MiKTeX 2.9\tex/latex/xcolor\xcolo
r.sty"
Package: xcolor 2016/05/11 v2.12 LaTeX color extensions (UK)

("C:\Users\Kaili-Pants\AppData\Local\Programs\MiKTeX 2.9\tex/latex/graphics-cfg
\color.cfg"
File: color.cfg 2016/01/02 v1.6 sample color configuration
)
Package xcolor Info: Driver file: xetex.def on input line 225.
Package xcolor Info: Model `cmy' substituted by `cmy0' on input line 1348.
Package xcolor Info: Model `RGB' extended on input line 1364.
Package xcolor Info: Model `HTML' substituted by `rgb' on input line 1366.
Package xcolor Info: Model `Hsb' substituted by `hsb' on input line 1367.
Package xcolor Info: Model `tHsb' substituted by `hsb' on input line 1368.
Package xcolor Info: Model `HSB' substituted by `hsb' on input line 1369.
Package xcolor Info: Model `Gray' substituted by `gray' on input line 1370.
Package xcolor Info: Model `wave' substituted by `hsb' on input line 1371.
)
("C:\Users\Kaili-Pants\AppData\Local\Programs\MiKTeX 2.9\tex/latex/soul\soul.st
y"
Package: soul 2003/11/17 v2.4 letterspacing/underlining (mf)
\SOUL@word=\toks19
\SOUL@lasttoken=\toks20
\SOUL@cmds=\toks21
\SOUL@buffer=\toks22
\SOUL@token=\toks23
\SOUL@spaceskip=\skip50
\SOUL@ttwidth=\dimen152
\SOUL@uldp=\dimen153
\SOUL@ulht=\dimen154
)
("C:\Users\Kaili-Pants\AppData\Local\Programs\MiKTeX 2.9\tex/latex/fontspec\fon
tspec.sty"
("C:\Users\Kaili-Pants\AppData\Local\Programs\MiKTeX 2.9\tex/latex/l3packages/x
parse\xparse.sty"
("C:\Users\Kaili-Pants\AppData\Local\Programs\MiKTeX 2.9\tex/latex/l3kernel\exp
l3.sty"
Package: expl3 2020-05-15 L3 programming layer (loader) 

("C:\Users\Kaili-Pants\AppData\Local\Programs\MiKTeX 2.9\tex/latex/l3backend\l3
backend-xdvipdfmx.def"
File: l3backend-xdvipdfmx.def 2020-05-05 L3 backend support: xdvipdfmx
\g__graphics_track_int=\count180
\l__pdf_internal_box=\box47
\g__pdf_backend_object_int=\count181
\g__pdf_backend_annotation_int=\count182
))
Package: xparse 2020-05-15 L3 Experimental document command parser

("C:\Users\Kaili-Pants\AppData\Local\Programs\MiKTeX 2.9\tex/latex/l3packages/x
parse\xparse-generic.tex"
\l__xparse_current_arg_int=\count183
\g__xparse_grabber_int=\count184
\l__xparse_m_args_int=\count185
\l__xparse_v_nesting_int=\count186
))
Package: fontspec 2020/02/21 v2.7i Font selection for XeLaTeX and LuaLaTeX

("C:\Users\Kaili-Pants\AppData\Local\Programs\MiKTeX 2.9\tex/latex/fontspec\fon
tspec-xetex.sty"
Package: fontspec-xetex 2020/02/21 v2.7i Font selection for XeLaTeX and LuaLaTe
X
\l__fontspec_script_int=\count187
\l__fontspec_language_int=\count188
\l__fontspec_strnum_int=\count189
\l__fontspec_tmp_int=\count190
\l__fontspec_tmpa_int=\count191
\l__fontspec_tmpb_int=\count192
\l__fontspec_tmpc_int=\count193
\l__fontspec_em_int=\count194
\l__fontspec_emdef_int=\count195
\l__fontspec_strong_int=\count196
\l__fontspec_strongdef_int=\count197
\l__fontspec_tmpa_dim=\dimen155
\l__fontspec_tmpb_dim=\dimen156
\l__fontspec_tmpc_dim=\dimen157

("C:\Users\Kaili-Pants\AppData\Local\Programs\MiKTeX 2.9\tex/latex/base\fontenc
.sty"
Package: fontenc 2020/02/11 v2.0o Standard LaTeX package
)
("C:\Users\Kaili-Pants\AppData\Local\Programs\MiKTeX 2.9\tex/latex/fontspec\fon
tspec.cfg")))

Package fontspec Info: Could not resolve font "Doulos SIL/BI" (it probably
(fontspec)             doesn't exist).


Package fontspec Info: Could not resolve font "Doulos SIL/B" (it probably
(fontspec)             doesn't exist).


Package fontspec Info: Could not resolve font "Doulos SIL/I" (it probably
(fontspec)             doesn't exist).


Package fontspec Info: Font family 'DoulosSIL(0)' created for font 'Doulos
(fontspec)             SIL' with options [Ligatures=TeX].
(fontspec)              
(fontspec)              This font family consists of the following NFSS
(fontspec)             series/shapes:
(fontspec)              
(fontspec)             - 'normal' (m/n) with NFSS spec.: <->"Doulos
(fontspec)             SIL/OT:script=latn;language=dflt;mapping=tex-text;"
(fontspec)             - 'small caps'  (m/sc) with NFSS spec.: <->"Doulos
(fontspec)             SIL/OT:script=latn;language=dflt;+smcp;mapping=tex-text;
"

 (LING200midterm-Thursday,_4_June_2020.aux)
\openout1 = `LING200midterm-Thursday,_4_June_2020.aux'.

LaTeX Font Info:    Checking defaults for OML/cmm/m/it on input line 18.
LaTeX Font Info:    ... okay on input line 18.
LaTeX Font Info:    Checking defaults for OMS/cmsy/m/n on input line 18.
LaTeX Font Info:    ... okay on input line 18.
LaTeX Font Info:    Checking defaults for OT1/cmr/m/n on input line 18.
LaTeX Font Info:    ... okay on input line 18.
LaTeX Font Info:    Checking defaults for T1/cmr/m/n on input line 18.
LaTeX Font Info:    ... okay on input line 18.
LaTeX Font Info:    Checking defaults for TS1/cmr/m/n on input line 18.
LaTeX Font Info:    Trying to load font information for TS1+cmr on input line 1
8.

("C:\Users\Kaili-Pants\AppData\Local\Programs\MiKTeX 2.9\tex/latex/base\ts1cmr.
fd"
File: ts1cmr.fd 2019/12/16 v2.5j Standard LaTeX font definitions
)
LaTeX Font Info:    ... okay on input line 18.
LaTeX Font Info:    Checking defaults for TU/lmr/m/n on input line 18.
LaTeX Font Info:    ... okay on input line 18.
LaTeX Font Info:    Checking defaults for OMX/cmex/m/n on input line 18.
LaTeX Font Info:    ... okay on input line 18.
LaTeX Font Info:    Checking defaults for U/cmr/m/n on input line 18.
LaTeX Font Info:    ... okay on input line 18.

*geometry* detected driver: pdftex
*geometry* verbose mode - [ preamble ] result:
* driver: pdftex
* paper: <default>
* layout: <same size as paper>
* layoutoffset:(h,v)=(0.0pt,0.0pt)
* modes: 
* h-part:(L,W,R)=(36.135pt, 542.02501pt, 36.135pt)
* v-part:(T,H,B)=(36.135pt, 722.7pt, 36.135pt)
* \paperwidth=614.295pt
* \paperheight=794.96999pt
* \textwidth=469.75502pt
* \textheight=620.43001pt
* \oddsidemargin=0.0pt
* \evensidemargin=0.0pt
* \topmargin=0.0pt
* \headheight=0.0pt
* \headsep=0.0pt
* \topskip=12.0pt
* \footskip=30.0pt
* \marginparwidth=44.0pt
* \marginparsep=10.0pt
* \columnsep=10.0pt
* \skip\footins=10.8pt plus 4.0pt minus 2.0pt
* \hoffset=0.0pt
* \voffset=0.0pt
* \mag=1000
* \@twocolumnfalse
* \@twosidefalse
* \@mparswitchfalse
* \@reversemarginfalse
* (1in=72.27pt=25.4mm, 1cm=28.453pt)

Package caption Info: Begin \AtBeginDocument code.
Package caption Info: float package is loaded.
Package caption Info: End \AtBeginDocument code.

Package fontspec Info: Adjusting the maths setup (use [no-math] to avoid
(fontspec)             this).

\symlegacymaths=\mathgroup4
LaTeX Font Info:    Overwriting symbol font `legacymaths' in version `bold'
(Font)                  OT1/cmr/m/n --> OT1/cmr/bx/n on input line 18.
LaTeX Font Info:    Redeclaring math accent \acute on input line 18.
LaTeX Font Info:    Redeclaring math accent \grave on input line 18.
LaTeX Font Info:    Redeclaring math accent \ddot on input line 18.
LaTeX Font Info:    Redeclaring math accent \tilde on input line 18.
LaTeX Font Info:    Redeclaring math accent \bar on input line 18.
LaTeX Font Info:    Redeclaring math accent \breve on input line 18.
LaTeX Font Info:    Redeclaring math accent \check on input line 18.
LaTeX Font Info:    Redeclaring math accent \hat on input line 18.
LaTeX Font Info:    Redeclaring math accent \dot on input line 18.
LaTeX Font Info:    Redeclaring math accent \mathring on input line 18.
LaTeX Font Info:    Redeclaring math symbol \colon on input line 18.
LaTeX Font Info:    Redeclaring math symbol \Gamma on input line 18.
LaTeX Font Info:    Redeclaring math symbol \Delta on input line 18.
LaTeX Font Info:    Redeclaring math symbol \Theta on input line 18.
LaTeX Font Info:    Redeclaring math symbol \Lambda on input line 18.
LaTeX Font Info:    Redeclaring math symbol \Xi on input line 18.
LaTeX Font Info:    Redeclaring math symbol \Pi on input line 18.
LaTeX Font Info:    Redeclaring math symbol \Sigma on input line 18.
LaTeX Font Info:    Redeclaring math symbol \Upsilon on input line 18.
LaTeX Font Info:    Redeclaring math symbol \Phi on input line 18.
LaTeX Font Info:    Redeclaring math symbol \Psi on input line 18.
LaTeX Font Info:    Redeclaring math symbol \Omega on input line 18.
LaTeX Font Info:    Redeclaring math symbol \mathdollar on input line 18.
LaTeX Font Info:    Redeclaring symbol font `operators' on input line 18.
LaTeX Font Info:    Encoding `OT1' has changed to `TU' for symbol font
(Font)              `operators' in the math version `normal' on input line 18.
LaTeX Font Info:    Overwriting symbol font `operators' in version `normal'
(Font)                  OT1/cmr/m/n --> TU/DoulosSIL(0)/m/n on input line 18.
LaTeX Font Info:    Encoding `OT1' has changed to `TU' for symbol font
(Font)              `operators' in the math version `bold' on input line 18.
LaTeX Font Info:    Overwriting symbol font `operators' in version `bold'
(Font)                  OT1/cmr/bx/n --> TU/DoulosSIL(0)/m/n on input line 18.
LaTeX Font Info:    Overwriting symbol font `operators' in version `normal'
(Font)                  TU/DoulosSIL(0)/m/n --> TU/DoulosSIL(0)/m/n on input li
ne 18.
LaTeX Font Info:    Overwriting math alphabet `\mathit' in version `normal'
(Font)                  OT1/cmr/m/it --> TU/DoulosSIL(0)/m/it on input line 18.

LaTeX Font Info:    Overwriting math alphabet `\mathbf' in version `normal'
(Font)                  OT1/cmr/bx/n --> TU/DoulosSIL(0)/b/n on input line 18.
LaTeX Font Info:    Overwriting math alphabet `\mathsf' in version `normal'
(Font)                  OT1/cmss/m/n --> TU/lmss/m/n on input line 18.
LaTeX Font Info:    Overwriting math alphabet `\mathtt' in version `normal'
(Font)                  OT1/cmtt/m/n --> TU/lmtt/m/n on input line 18.
LaTeX Font Info:    Overwriting symbol font `operators' in version `bold'
(Font)                  TU/DoulosSIL(0)/m/n --> TU/DoulosSIL(0)/b/n on input li
ne 18.
LaTeX Font Info:    Overwriting math alphabet `\mathit' in version `bold'
(Font)                  OT1/cmr/bx/it --> TU/DoulosSIL(0)/b/it on input line 18
.
LaTeX Font Info:    Overwriting math alphabet `\mathsf' in version `bold'
(Font)                  OT1/cmss/bx/n --> TU/lmss/b/n on input line 18.
LaTeX Font Info:    Overwriting math alphabet `\mathtt' in version `bold'
(Font)                  OT1/cmtt/m/n --> TU/lmtt/b/n on input line 18.

LaTeX Font Warning: Font shape `TU/DoulosSIL(0)/b/n' undefined
(Font)              using `TU/DoulosSIL(0)/m/n' instead on input line 21.

[1

] [2]
Underfull \hbox (badness 10000) in paragraph at lines 38--39

 []


Underfull \hbox (badness 10000) in paragraph at lines 40--41

 []


Underfull \hbox (badness 10000) in paragraph at lines 42--43

 []

File: ../images/ukrainian.png Graphic file (type bmp)
<../images/ukrainian.png>
[3]
Underfull \hbox (badness 10000) in paragraph at lines 50--51

 []


Underfull \hbox (badness 10000) in paragraph at lines 52--53

 []


Underfull \hbox (badness 10000) in paragraph at lines 54--55

 []

[4]
Underfull \hbox (badness 10000) in paragraph at lines 61--62

 []


Underfull \hbox (badness 10000) in paragraph at lines 63--64

 []


Underfull \hbox (badness 10000) in paragraph at lines 65--66

 []

[5]
Underfull \hbox (badness 10000) in paragraph at lines 72--73

 []


Underfull \hbox (badness 10000) in paragraph at lines 74--75

 []

LaTeX Font Info:    External font `cmex10' loaded for size
(Font)              <12> on input line 76.
LaTeX Font Info:    External font `cmex10' loaded for size
(Font)              <8> on input line 76.
LaTeX Font Info:    External font `cmex10' loaded for size
(Font)              <6> on input line 76.

Underfull \hbox (badness 10000) in paragraph at lines 76--77

 []

File: ../images/asl_apple.png Graphic file (type bmp)
<../images/asl_apple.png>
File: ../images/asl_candy.png Graphic file (type bmp)
<../images/asl_candy.png>
[6] [7]
Underfull \hbox (badness 10000) in paragraph at lines 89--90

 []


Underfull \hbox (badness 10000) in paragraph at lines 91--92

 []


Underfull \hbox (badness 10000) in paragraph at lines 93--94

 []

[8] [9] [10]
Underfull \hbox (badness 10000) in paragraph at lines 118--119

 []


Underfull \hbox (badness 10000) in paragraph at lines 120--121

 []


Underfull \hbox (badness 10000) in paragraph at lines 122--123

 []

[11]
Underfull \hbox (badness 10000) in paragraph at lines 129--130

 []


Underfull \hbox (badness 10000) in paragraph at lines 131--132

 []


Underfull \hbox (badness 10000) in paragraph at lines 133--134

 []

[12]
Underfull \hbox (badness 10000) in paragraph at lines 140--141

 []


Underfull \hbox (badness 10000) in paragraph at lines 142--143

 []


Underfull \hbox (badness 10000) in paragraph at lines 144--145

 []

File: ../images/english11.png Graphic file (type bmp)
<../images/english11.png>
[13]
Underfull \hbox (badness 10000) in paragraph at lines 152--153

 []


Underfull \hbox (badness 10000) in paragraph at lines 154--155

 []


Underfull \hbox (badness 10000) in paragraph at lines 156--157

 []

[14]
Underfull \hbox (badness 10000) in paragraph at lines 163--164

 []


Underfull \hbox (badness 10000) in paragraph at lines 165--166

 []


Underfull \hbox (badness 10000) in paragraph at lines 167--168

 []

[15] [16] [17]
Underfull \hbox (badness 10000) in paragraph at lines 190--191

 []


Underfull \hbox (badness 10000) in paragraph at lines 192--193

 []


Underfull \hbox (badness 10000) in paragraph at lines 194--195

 []

[18]
Underfull \hbox (badness 10000) in paragraph at lines 201--202

 []


Underfull \hbox (badness 10000) in paragraph at lines 203--204

 []


Underfull \hbox (badness 10000) in paragraph at lines 205--206

 []

File: ../images/malayalam.png Graphic file (type bmp)
<../images/malayalam.png>
[19]
Underfull \hbox (badness 10000) in paragraph at lines 213--214

 []


Underfull \hbox (badness 10000) in paragraph at lines 215--216

 []


Underfull \hbox (badness 10000) in paragraph at lines 217--218

 []

File: ../images/canadianfrench.png Graphic file (type bmp)
<../images/canadianfrench.png>
[20]
Underfull \hbox (badness 10000) in paragraph at lines 227--228

 []


Underfull \hbox (badness 10000) in paragraph at lines 229--230

 []


Underfull \hbox (badness 10000) in paragraph at lines 231--232

 []

[21]
Underfull \hbox (badness 10000) in paragraph at lines 238--239

 []


Underfull \hbox (badness 10000) in paragraph at lines 240--241

 []


Underfull \hbox (badness 10000) in paragraph at lines 242--243

 []

[22] [23] [24]
Underfull \hbox (badness 10000) in paragraph at lines 265--266

 []


Underfull \hbox (badness 10000) in paragraph at lines 267--268

 []


Underfull \hbox (badness 10000) in paragraph at lines 269--270

 []

[25]
Underfull \hbox (badness 10000) in paragraph at lines 276--277

 []


Underfull \hbox (badness 10000) in paragraph at lines 278--279

 []


Underfull \hbox (badness 10000) in paragraph at lines 280--281

 []

File: ../images/english11.png Graphic file (type bmp)
<../images/english11.png>
[26]
Underfull \hbox (badness 10000) in paragraph at lines 288--289

 []


Underfull \hbox (badness 10000) in paragraph at lines 290--291

 []


Underfull \hbox (badness 10000) in paragraph at lines 292--293

 []

[27]
Underfull \hbox (badness 10000) in paragraph at lines 299--300

 []


Underfull \hbox (badness 10000) in paragraph at lines 301--302

 []


Underfull \hbox (badness 10000) in paragraph at lines 303--304

 []

[28]
Underfull \hbox (badness 10000) in paragraph at lines 310--311

 []


Underfull \hbox (badness 10000) in paragraph at lines 312--313

 []


Underfull \hbox (badness 10000) in paragraph at lines 314--315

 []

[29] [30] [31]
Underfull \hbox (badness 10000) in paragraph at lines 337--338

 []


Underfull \hbox (badness 10000) in paragraph at lines 339--340

 []


Underfull \hbox (badness 10000) in paragraph at lines 341--342

 []

File: ../images/ukrainian.png Graphic file (type bmp)
<../images/ukrainian.png>
[32]
Underfull \hbox (badness 10000) in paragraph at lines 349--350

 []


Underfull \hbox (badness 10000) in paragraph at lines 351--352

 []


Underfull \hbox (badness 10000) in paragraph at lines 353--354

 []

File: ../images/english12.png Graphic file (type bmp)
<../images/english12.png>
[33]
Underfull \hbox (badness 10000) in paragraph at lines 361--362

 []


Underfull \hbox (badness 10000) in paragraph at lines 363--364

 []


Underfull \hbox (badness 10000) in paragraph at lines 365--366

 []

[34]
Underfull \hbox (badness 10000) in paragraph at lines 372--373

 []


Underfull \hbox (badness 10000) in paragraph at lines 374--375

 []


Underfull \hbox (badness 10000) in paragraph at lines 376--377

 []

File: ../images/swahiliverbs.png Graphic file (type bmp)
<../images/swahiliverbs.png>
[35]
Underfull \hbox (badness 10000) in paragraph at lines 386--387

 []


Underfull \hbox (badness 10000) in paragraph at lines 388--389

 []


Underfull \hbox (badness 10000) in paragraph at lines 390--391

 []

File: ../images/taiwansign_jealous.png Graphic file (type bmp)
<../images/taiwansign_jealous.png>
[36] [37] [38]
Underfull \hbox (badness 10000) in paragraph at lines 417--418

 []


Underfull \hbox (badness 10000) in paragraph at lines 419--420

 []


Underfull \hbox (badness 10000) in paragraph at lines 421--422

 []

[39]
Underfull \hbox (badness 10000) in paragraph at lines 428--429

 []


Underfull \hbox (badness 10000) in paragraph at lines 430--431

 []


Underfull \hbox (badness 10000) in paragraph at lines 432--433

 []

[40]
Underfull \hbox (badness 10000) in paragraph at lines 439--440

 []


Underfull \hbox (badness 10000) in paragraph at lines 441--442

 []


Underfull \hbox (badness 10000) in paragraph at lines 443--444

 []

[41]
Underfull \hbox (badness 10000) in paragraph at lines 450--451

 []


Underfull \hbox (badness 10000) in paragraph at lines 452--453

 []


Underfull \hbox (badness 10000) in paragraph at lines 454--455

 []

[42]
Underfull \hbox (badness 10000) in paragraph at lines 461--462

 []


Underfull \hbox (badness 10000) in paragraph at lines 463--464

 []


Underfull \hbox (badness 10000) in paragraph at lines 465--466

 []

File: ../images/asl_apple.png Graphic file (type bmp)
<../images/asl_apple.png>
File: ../images/asl_candy.png Graphic file (type bmp)
<../images/asl_candy.png>
[43] [44] [45] [46]
Underfull \hbox (badness 10000) in paragraph at lines 494--495

 []


Underfull \hbox (badness 10000) in paragraph at lines 496--497

 []


Underfull \hbox (badness 10000) in paragraph at lines 498--499

 []

[47]
Underfull \hbox (badness 10000) in paragraph at lines 505--506

 []


Underfull \hbox (badness 10000) in paragraph at lines 507--508

 []


Underfull \hbox (badness 10000) in paragraph at lines 509--510

 []

[48]
Underfull \hbox (badness 10000) in paragraph at lines 516--517

 []


Underfull \hbox (badness 10000) in paragraph at lines 518--519

 []


Underfull \hbox (badness 10000) in paragraph at lines 520--521

 []

[49]
Underfull \hbox (badness 10000) in paragraph at lines 527--528

 []


Underfull \hbox (badness 10000) in paragraph at lines 529--530

 []


Underfull \hbox (badness 10000) in paragraph at lines 531--532

 []

File: ../images/asl_apple.png Graphic file (type bmp)
<../images/asl_apple.png>
File: ../images/asl_candy.png Graphic file (type bmp)
<../images/asl_candy.png>
[50] [51]
Underfull \hbox (badness 10000) in paragraph at lines 544--545

 []


Underfull \hbox (badness 10000) in paragraph at lines 546--547

 []


Underfull \hbox (badness 10000) in paragraph at lines 548--549

 []

[52] [53] [54]
Underfull \hbox (badness 10000) in paragraph at lines 571--572

 []


Underfull \hbox (badness 10000) in paragraph at lines 573--574

 []


Underfull \hbox (badness 10000) in paragraph at lines 575--576

 []

[55]
Underfull \hbox (badness 10000) in paragraph at lines 582--583

 []


Underfull \hbox (badness 10000) in paragraph at lines 584--585

 []


Underfull \hbox (badness 10000) in paragraph at lines 586--587

 []

[56]
Underfull \hbox (badness 10000) in paragraph at lines 593--594

 []


Underfull \hbox (badness 10000) in paragraph at lines 595--596

 []


Underfull \hbox (badness 10000) in paragraph at lines 597--598

 []

[57]
Underfull \hbox (badness 10000) in paragraph at lines 604--605

 []


Underfull \hbox (badness 10000) in paragraph at lines 606--607

 []


Underfull \hbox (badness 10000) in paragraph at lines 608--609

 []

[58]
Underfull \hbox (badness 10000) in paragraph at lines 615--616

 []


Underfull \hbox (badness 10000) in paragraph at lines 617--618

 []


Underfull \hbox (badness 10000) in paragraph at lines 619--620

 []

File: ../images/malayalam.png Graphic file (type bmp)
<../images/malayalam.png>
[59] [60] [61]
Underfull \hbox (badness 10000) in paragraph at lines 643--644

 []


Underfull \hbox (badness 10000) in paragraph at lines 645--646

 []


Underfull \hbox (badness 10000) in paragraph at lines 647--648

 []

[62]
Underfull \hbox (badness 10000) in paragraph at lines 654--655

 []


Underfull \hbox (badness 10000) in paragraph at lines 656--657

 []


Underfull \hbox (badness 10000) in paragraph at lines 658--659

 []

[63]
Underfull \hbox (badness 10000) in paragraph at lines 665--666

 []


Underfull \hbox (badness 10000) in paragraph at lines 667--668

 []


Underfull \hbox (badness 10000) in paragraph at lines 669--670

 []

File: ../images/swahiliverbs.png Graphic file (type bmp)
<../images/swahiliverbs.png>
[64]
Underfull \hbox (badness 10000) in paragraph at lines 679--680

 []


Underfull \hbox (badness 10000) in paragraph at lines 681--682

 []


Underfull \hbox (badness 10000) in paragraph at lines 683--684

 []

File: ../images/malayalam.png Graphic file (type bmp)
<../images/malayalam.png>
[65]
Underfull \hbox (badness 10000) in paragraph at lines 691--692

 []


Underfull \hbox (badness 10000) in paragraph at lines 693--694

 []


Underfull \hbox (badness 10000) in paragraph at lines 695--696

 []

[66] [67] [68]
Underfull \hbox (badness 10000) in paragraph at lines 718--719

 []


Underfull \hbox (badness 10000) in paragraph at lines 720--721

 []


Underfull \hbox (badness 10000) in paragraph at lines 722--723

 []

[69]
Underfull \hbox (badness 10000) in paragraph at lines 729--730

 []


Underfull \hbox (badness 10000) in paragraph at lines 731--732

 []


Underfull \hbox (badness 10000) in paragraph at lines 733--734

 []

File: ../images/english12.png Graphic file (type bmp)
<../images/english12.png>
[70]
Underfull \hbox (badness 10000) in paragraph at lines 741--742

 []


Underfull \hbox (badness 10000) in paragraph at lines 743--744

 []


Underfull \hbox (badness 10000) in paragraph at lines 745--746

 []

[71]
Underfull \hbox (badness 10000) in paragraph at lines 754--755

 []


Underfull \hbox (badness 10000) in paragraph at lines 756--757

 []


Underfull \hbox (badness 10000) in paragraph at lines 758--759

 []

[72]
Underfull \hbox (badness 10000) in paragraph at lines 765--766

 []


Underfull \hbox (badness 10000) in paragraph at lines 767--768

 []


Underfull \hbox (badness 10000) in paragraph at lines 769--770

 []

[73] [74] [75]
Underfull \hbox (badness 10000) in paragraph at lines 792--793

 []


Underfull \hbox (badness 10000) in paragraph at lines 794--795

 []


Underfull \hbox (badness 10000) in paragraph at lines 796--797

 []

[76]
Underfull \hbox (badness 10000) in paragraph at lines 803--804

 []


Underfull \hbox (badness 10000) in paragraph at lines 805--806

 []


Underfull \hbox (badness 10000) in paragraph at lines 807--808

 []

[77]
Underfull \hbox (badness 10000) in paragraph at lines 814--815

 []


Underfull \hbox (badness 10000) in paragraph at lines 816--817

 []


Underfull \hbox (badness 10000) in paragraph at lines 818--819

 []

File: ../images/asl_apple.png Graphic file (type bmp)
<../images/asl_apple.png>
File: ../images/asl_candy.png Graphic file (type bmp)
<../images/asl_candy.png>
[78] [79]
Underfull \hbox (badness 10000) in paragraph at lines 831--832

 []


Underfull \hbox (badness 10000) in paragraph at lines 833--834

 []


Underfull \hbox (badness 10000) in paragraph at lines 835--836

 []

[80]
Underfull \hbox (badness 10000) in paragraph at lines 844--845

 []


Underfull \hbox (badness 10000) in paragraph at lines 846--847

 []


Underfull \hbox (badness 10000) in paragraph at lines 848--849

 []

File: ../images/canadianfrench.png Graphic file (type bmp)
<../images/canadianfrench.png>
[81] [82] [83]
Underfull \hbox (badness 10000) in paragraph at lines 874--875

 []


Underfull \hbox (badness 10000) in paragraph at lines 876--877

 []


Underfull \hbox (badness 10000) in paragraph at lines 878--879

 []

File: ../images/ukrainian.png Graphic file (type bmp)
<../images/ukrainian.png>
[84]
Underfull \hbox (badness 10000) in paragraph at lines 886--887

 []


Underfull \hbox (badness 10000) in paragraph at lines 888--889

 []


Underfull \hbox (badness 10000) in paragraph at lines 890--891

 []

[85]
Underfull \hbox (badness 10000) in paragraph at lines 897--898

 []


Underfull \hbox (badness 10000) in paragraph at lines 899--900

 []


Underfull \hbox (badness 10000) in paragraph at lines 901--902

 []

File: ../images/sagittal_z.png Graphic file (type bmp)
<../images/sagittal_z.png>
[86]
Underfull \hbox (badness 10000) in paragraph at lines 909--910

 []


Underfull \hbox (badness 10000) in paragraph at lines 911--912

 []


Underfull \hbox (badness 10000) in paragraph at lines 913--914

 []

File: ../images/malayalam.png Graphic file (type bmp)
<../images/malayalam.png>
[87]
Underfull \hbox (badness 10000) in paragraph at lines 921--922

 []


Underfull \hbox (badness 10000) in paragraph at lines 923--924

 []


Underfull \hbox (badness 10000) in paragraph at lines 925--926

 []

[88] [89] [90]
Underfull \hbox (badness 10000) in paragraph at lines 948--949

 []


Underfull \hbox (badness 10000) in paragraph at lines 950--951

 []


Underfull \hbox (badness 10000) in paragraph at lines 952--953

 []

[91]
Underfull \hbox (badness 10000) in paragraph at lines 959--960

 []


Underfull \hbox (badness 10000) in paragraph at lines 961--962

 []


Underfull \hbox (badness 10000) in paragraph at lines 963--964

 []

[92]
Underfull \hbox (badness 10000) in paragraph at lines 970--971

 []


Underfull \hbox (badness 10000) in paragraph at lines 972--973

 []


Underfull \hbox (badness 10000) in paragraph at lines 974--975

 []

File: ../images/asl_stay.png Graphic file (type bmp)
<../images/asl_stay.png>
File: ../images/asl_awkward.png Graphic file (type bmp)
<../images/asl_awkward.png>
[93] [94]
Underfull \hbox (badness 10000) in paragraph at lines 987--988

 []


Underfull \hbox (badness 10000) in paragraph at lines 989--990

 []


Underfull \hbox (badness 10000) in paragraph at lines 991--992

 []

[95]
Underfull \hbox (badness 10000) in paragraph at lines 998--999

 []


Underfull \hbox (badness 10000) in paragraph at lines 1000--1001

 []


Underfull \hbox (badness 10000) in paragraph at lines 1002--1003

 []

[96] [97] [98]
Underfull \hbox (badness 10000) in paragraph at lines 1025--1026

 []


Underfull \hbox (badness 10000) in paragraph at lines 1027--1028

 []


Underfull \hbox (badness 10000) in paragraph at lines 1029--1030

 []

[99]
Underfull \hbox (badness 10000) in paragraph at lines 1036--1037

 []


Underfull \hbox (badness 10000) in paragraph at lines 1038--1039

 []


Underfull \hbox (badness 10000) in paragraph at lines 1040--1041

 []

[100]
Underfull \hbox (badness 10000) in paragraph at lines 1047--1048

 []


Underfull \hbox (badness 10000) in paragraph at lines 1049--1050

 []


Underfull \hbox (badness 10000) in paragraph at lines 1051--1052

 []

File: ../images/klingon.png Graphic file (type bmp)
<../images/klingon.png>
[101]
Underfull \hbox (badness 10000) in paragraph at lines 1061--1062

 []


Underfull \hbox (badness 10000) in paragraph at lines 1063--1064

 []


Underfull \hbox (badness 10000) in paragraph at lines 1065--1066

 []

[102]
Underfull \hbox (badness 10000) in paragraph at lines 1072--1073

 []


Underfull \hbox (badness 10000) in paragraph at lines 1074--1075

 []


Underfull \hbox (badness 10000) in paragraph at lines 1076--1077

 []

File: ../images/asl_apple.png Graphic file (type bmp)
<../images/asl_apple.png>
File: ../images/asl_candy.png Graphic file (type bmp)
<../images/asl_candy.png>
[103] [104] [105] [106]
Underfull \hbox (badness 10000) in paragraph at lines 1105--1106

 []


Underfull \hbox (badness 10000) in paragraph at lines 1107--1108

 []


Underfull \hbox (badness 10000) in paragraph at lines 1109--1110

 []

[107]
Underfull \hbox (badness 10000) in paragraph at lines 1116--1117

 []


Underfull \hbox (badness 10000) in paragraph at lines 1118--1119

 []


Underfull \hbox (badness 10000) in paragraph at lines 1120--1121

 []

File: ../images/english_labials.png Graphic file (type bmp)
<../images/english_labials.png>
[108]
Underfull \hbox (badness 10000) in paragraph at lines 1130--1131

 []


Underfull \hbox (badness 10000) in paragraph at lines 1132--1133

 []


Underfull \hbox (badness 10000) in paragraph at lines 1134--1135

 []

File: ../images/asl_stay.png Graphic file (type bmp)
<../images/asl_stay.png>
File: ../images/asl_awkward.png Graphic file (type bmp)
<../images/asl_awkward.png>
[109] [110]
Underfull \hbox (badness 10000) in paragraph at lines 1147--1148

 []


Underfull \hbox (badness 10000) in paragraph at lines 1149--1150

 []


Underfull \hbox (badness 10000) in paragraph at lines 1151--1152

 []

[111]
Underfull \hbox (badness 10000) in paragraph at lines 1158--1159

 []


Underfull \hbox (badness 10000) in paragraph at lines 1160--1161

 []


Underfull \hbox (badness 10000) in paragraph at lines 1162--1163

 []

[112] [113] [114]
Underfull \hbox (badness 10000) in paragraph at lines 1187--1188

 []


Underfull \hbox (badness 10000) in paragraph at lines 1189--1190

 []


Underfull \hbox (badness 10000) in paragraph at lines 1191--1192

 []

[115]
Underfull \hbox (badness 10000) in paragraph at lines 1198--1199

 []


Underfull \hbox (badness 10000) in paragraph at lines 1200--1201

 []


Underfull \hbox (badness 10000) in paragraph at lines 1202--1203

 []

[116]
Underfull \hbox (badness 10000) in paragraph at lines 1209--1210

 []


Underfull \hbox (badness 10000) in paragraph at lines 1211--1212

 []


Underfull \hbox (badness 10000) in paragraph at lines 1213--1214

 []

[117]
Underfull \hbox (badness 10000) in paragraph at lines 1222--1223

 []


Underfull \hbox (badness 10000) in paragraph at lines 1224--1225

 []


Underfull \hbox (badness 10000) in paragraph at lines 1226--1227

 []

[118]
Underfull \hbox (badness 10000) in paragraph at lines 1235--1236

 []


Underfull \hbox (badness 10000) in paragraph at lines 1237--1238

 []


Underfull \hbox (badness 10000) in paragraph at lines 1239--1240

 []

File: ../images/asl_stay.png Graphic file (type bmp)
<../images/asl_stay.png>
File: ../images/asl_awkward.png Graphic file (type bmp)
<../images/asl_awkward.png>
[119] [120] [121] [122]
Underfull \hbox (badness 10000) in paragraph at lines 1268--1269

 []


Underfull \hbox (badness 10000) in paragraph at lines 1270--1271

 []


Underfull \hbox (badness 10000) in paragraph at lines 1272--1273

 []

[123]
Underfull \hbox (badness 10000) in paragraph at lines 1279--1280

 []


Underfull \hbox (badness 10000) in paragraph at lines 1281--1282

 []


Underfull \hbox (badness 10000) in paragraph at lines 1283--1284

 []

File: ../images/sagittal_t.png Graphic file (type bmp)
<../images/sagittal_t.png>
[124]
Underfull \hbox (badness 10000) in paragraph at lines 1291--1292

 []


Underfull \hbox (badness 10000) in paragraph at lines 1293--1294

 []


Underfull \hbox (badness 10000) in paragraph at lines 1295--1296

 []

File: ../images/klingon.png Graphic file (type bmp)
<../images/klingon.png>
[125]
Underfull \hbox (badness 10000) in paragraph at lines 1305--1306

 []


Underfull \hbox (badness 10000) in paragraph at lines 1307--1308

 []


Underfull \hbox (badness 10000) in paragraph at lines 1309--1310

 []

File: ../images/malayalam.png Graphic file (type bmp)
<../images/malayalam.png>
[126]
Underfull \hbox (badness 10000) in paragraph at lines 1317--1318

 []


Underfull \hbox (badness 10000) in paragraph at lines 1319--1320

 []


Underfull \hbox (badness 10000) in paragraph at lines 1321--1322

 []

[127] [128] [129]
Underfull \hbox (badness 10000) in paragraph at lines 1344--1345

 []


Underfull \hbox (badness 10000) in paragraph at lines 1346--1347

 []


Underfull \hbox (badness 10000) in paragraph at lines 1348--1349

 []

[130]
Underfull \hbox (badness 10000) in paragraph at lines 1355--1356

 []


Underfull \hbox (badness 10000) in paragraph at lines 1357--1358

 []


Underfull \hbox (badness 10000) in paragraph at lines 1359--1360

 []

[131]
Underfull \hbox (badness 10000) in paragraph at lines 1366--1367

 []


Underfull \hbox (badness 10000) in paragraph at lines 1368--1369

 []


Underfull \hbox (badness 10000) in paragraph at lines 1370--1371

 []

[132]
Underfull \hbox (badness 10000) in paragraph at lines 1377--1378

 []


Underfull \hbox (badness 10000) in paragraph at lines 1379--1380

 []


Underfull \hbox (badness 10000) in paragraph at lines 1381--1382

 []

File: ../images/asl_stay.png Graphic file (type bmp)
<../images/asl_stay.png>
File: ../images/asl_awkward.png Graphic file (type bmp)
<../images/asl_awkward.png>
[133] [134]
Underfull \hbox (badness 10000) in paragraph at lines 1394--1395

 []


Underfull \hbox (badness 10000) in paragraph at lines 1396--1397

 []


Underfull \hbox (badness 10000) in paragraph at lines 1398--1399

 []

File: ../images/klingon.png Graphic file (type bmp)
<../images/klingon.png>
[135] [136] [137]
Underfull \hbox (badness 10000) in paragraph at lines 1424--1425

 []


Underfull \hbox (badness 10000) in paragraph at lines 1426--1427

 []


Underfull \hbox (badness 10000) in paragraph at lines 1428--1429

 []

[138]
Underfull \hbox (badness 10000) in paragraph at lines 1435--1436

 []


Underfull \hbox (badness 10000) in paragraph at lines 1437--1438

 []


Underfull \hbox (badness 10000) in paragraph at lines 1439--1440

 []

[139]
Underfull \hbox (badness 10000) in paragraph at lines 1446--1447

 []


Underfull \hbox (badness 10000) in paragraph at lines 1448--1449

 []


Underfull \hbox (badness 10000) in paragraph at lines 1450--1451

 []

File: ../images/english_labials.png Graphic file (type bmp)
<../images/english_labials.png>
[140]
Underfull \hbox (badness 10000) in paragraph at lines 1460--1461

 []


Underfull \hbox (badness 10000) in paragraph at lines 1462--1463

 []


Underfull \hbox (badness 10000) in paragraph at lines 1464--1465

 []

File: ../images/staticpalatography_fricative.png Graphic file (type bmp)
<../images/staticpalatography_fricative.png>
[141]
Underfull \hbox (badness 10000) in paragraph at lines 1474--1475

 []


Underfull \hbox (badness 10000) in paragraph at lines 1476--1477

 []


Underfull \hbox (badness 10000) in paragraph at lines 1478--1479

 []

File: ../images/asl_apple.png Graphic file (type bmp)
<../images/asl_apple.png>
File: ../images/asl_candy.png Graphic file (type bmp)
<../images/asl_candy.png>
[142] [143] [144] (LING200midterm-Thursday,_4_June_2020.aux)

LaTeX Font Warning: Some font shapes were not available, defaults substituted.

 ) 
Here is how much of TeX's memory you used:
 6698 strings out of 414044
 156215 string characters out of 2891679
 459252 words of memory out of 3000000
 24299 multiletter control sequences out of 15000+200000
 535475 words of font info for 45 fonts, out of 3000000 for 9000
 1348 hyphenation exceptions out of 8191
 44i,5n,82p,860b,262s stack positions out of 5000i,500n,10000p,200000b,50000s

Output written on LING200midterm-Thursday,_4_June_2020.pdf (144 pages).
