This is XeTeX, Version 3.14159265-2.6-0.999992 (MiKTeX 2.9.7440 64-bit) (preloaded format=xelatex 2020.6.1)  25 SEP 2020 16:16
entering extended mode
**./LING200midterm-questionbank.tex
(LING200midterm-questionbank.tex
LaTeX2e <2020-02-02> patch level 5
L3 programming layer <2020-05-15>
("C:\Users\Kaili-Pants\AppData\Local\Programs\MiKTeX 2.9\tex/latex/base\article
.cls"
Document Class: article 2019/12/20 v1.4l Standard LaTeX document class

("C:\Users\Kaili-Pants\AppData\Local\Programs\MiKTeX 2.9\tex/latex/base\size12.
clo"
File: size12.clo 2019/12/20 v1.4l Standard LaTeX file (size option)
)
\c@part=\count163
\c@section=\count164
\c@subsection=\count165
\c@subsubsection=\count166
\c@paragraph=\count167
\c@subparagraph=\count168
\c@figure=\count169
\c@table=\count170
\abovecaptionskip=\skip47
\belowcaptionskip=\skip48
\bibindent=\dimen134
)
("C:\Users\Kaili-Pants\AppData\Local\Programs\MiKTeX 2.9\tex/latex/parskip\pars
kip.sty"
Package: parskip 2020-05-19 v2.0e non-zero parskip adjustments

("C:\Users\Kaili-Pants\AppData\Local\Programs\MiKTeX 2.9\tex/latex/kvoptions\kv
options.sty"
Package: kvoptions 2019/11/29 v3.13 Key value format for package options (HO)

("C:\Users\Kaili-Pants\AppData\Local\Programs\MiKTeX 2.9\tex/latex/graphics\key
val.sty"
Package: keyval 2014/10/28 v1.15 key=value parser (DPC)
\KV@toks@=\toks15
)
("C:\Users\Kaili-Pants\AppData\Local\Programs\MiKTeX 2.9\tex/generic/ltxcmds\lt
xcmds.sty"
Package: ltxcmds 2019/12/15 v1.24 LaTeX kernel commands for general use (HO)
)
("C:\Users\Kaili-Pants\AppData\Local\Programs\MiKTeX 2.9\tex/generic/kvsetkeys\
kvsetkeys.sty"
Package: kvsetkeys 2019/12/15 v1.18 Key value parser (HO)
))
("C:\Users\Kaili-Pants\AppData\Local\Programs\MiKTeX 2.9\tex/latex/etoolbox\eto
olbox.sty"
Package: etoolbox 2019/09/21 v2.5h e-TeX tools for LaTeX (JAW)
\etb@tempcnta=\count171
))
("C:\Users\Kaili-Pants\AppData\Local\Programs\MiKTeX 2.9\tex/latex/geometry\geo
metry.sty"
Package: geometry 2020/01/02 v5.9 Page Geometry

("C:\Users\Kaili-Pants\AppData\Local\Programs\MiKTeX 2.9\tex/generic/iftex\ifvt
ex.sty"
Package: ifvtex 2019/10/25 v1.7 ifvtex legacy package. Use iftex instead.

("C:\Users\Kaili-Pants\AppData\Local\Programs\MiKTeX 2.9\tex/generic/iftex\ifte
x.sty"
Package: iftex 2020/03/06 v1.0d TeX engine tests
))
\Gm@cnth=\count172
\Gm@cntv=\count173
\c@Gm@tempcnt=\count174
\Gm@bindingoffset=\dimen135
\Gm@wd@mp=\dimen136
\Gm@odd@mp=\dimen137
\Gm@even@mp=\dimen138
\Gm@layoutwidth=\dimen139
\Gm@layoutheight=\dimen140
\Gm@layouthoffset=\dimen141
\Gm@layoutvoffset=\dimen142
\Gm@dimlist=\toks16

("C:\Users\Kaili-Pants\AppData\Local\Programs\MiKTeX 2.9\tex/xelatex/xetexconfi
g\geometry.cfg"))
("C:\Users\Kaili-Pants\AppData\Local\Programs\MiKTeX 2.9\tex/latex/preprint\ful
lpage.sty"
Package: fullpage 1999/02/23 1.1 (PWD)
\FP@margin=\skip49
)
("C:\Users\Kaili-Pants\AppData\Local\Programs\MiKTeX 2.9\tex/latex/moresize\mor
esize.sty"
Package: moresize 1999/07/26 v1.9 (more font sizes)
)
("C:\Users\Kaili-Pants\AppData\Local\Programs\MiKTeX 2.9\tex/latex/graphics\gra
phicx.sty"
Package: graphicx 2019/11/30 v1.2a Enhanced LaTeX Graphics (DPC,SPQR)

("C:\Users\Kaili-Pants\AppData\Local\Programs\MiKTeX 2.9\tex/latex/graphics\gra
phics.sty"
Package: graphics 2019/11/30 v1.4a Standard LaTeX Graphics (DPC,SPQR)

("C:\Users\Kaili-Pants\AppData\Local\Programs\MiKTeX 2.9\tex/latex/graphics\tri
g.sty"
Package: trig 2016/01/03 v1.10 sin cos tan (DPC)
)
("C:\Users\Kaili-Pants\AppData\Local\Programs\MiKTeX 2.9\tex/latex/graphics-cfg
\graphics.cfg"
File: graphics.cfg 2016/06/04 v1.11 sample graphics configuration
)
Package graphics Info: Driver file: xetex.def on input line 105.

("C:\Users\Kaili-Pants\AppData\Local\Programs\MiKTeX 2.9\tex/latex/graphics-def
\xetex.def"
File: xetex.def 2017/06/24 v5.0h Graphics/color driver for xetex
))
\Gin@req@height=\dimen143
\Gin@req@width=\dimen144
)
("C:\Users\Kaili-Pants\AppData\Local\Programs\MiKTeX 2.9\tex/latex/caption\capt
ion.sty"
Package: caption 2020/05/10 v3.4j Customizing captions (AR)

("C:\Users\Kaili-Pants\AppData\Local\Programs\MiKTeX 2.9\tex/latex/caption\capt
ion3.sty"
Package: caption3 2020/05/10 v1.11 caption3 kernel (AR)
Package caption3 Info: TeX engine: e-TeX on input line 61.
\captionmargin=\dimen145
\captionmargin@=\dimen146
\captionwidth=\dimen147
\caption@tempdima=\dimen148
\caption@indent=\dimen149
\caption@parindent=\dimen150
\caption@hangindent=\dimen151
Package caption Info: Standard document class detected.
)
\c@caption@flags=\count175
\c@continuedfloat=\count176
)
("C:\Users\Kaili-Pants\AppData\Local\Programs\MiKTeX 2.9\tex/latex/float\float.
sty"
Package: float 2001/11/08 v1.3d Float enhancements (AL)
\c@float@type=\count177
\float@exts=\toks17
\float@box=\box45
\@float@everytoks=\toks18
\@floatcapt=\box46
)
("C:\Users\Kaili-Pants\AppData\Local\Programs\MiKTeX 2.9\tex/latex/xcolor\xcolo
r.sty"
Package: xcolor 2016/05/11 v2.12 LaTeX color extensions (UK)

("C:\Users\Kaili-Pants\AppData\Local\Programs\MiKTeX 2.9\tex/latex/graphics-cfg
\color.cfg"
File: color.cfg 2016/01/02 v1.6 sample color configuration
)
Package xcolor Info: Driver file: xetex.def on input line 225.
Package xcolor Info: Model `cmy' substituted by `cmy0' on input line 1348.
Package xcolor Info: Model `RGB' extended on input line 1364.
Package xcolor Info: Model `HTML' substituted by `rgb' on input line 1366.
Package xcolor Info: Model `Hsb' substituted by `hsb' on input line 1367.
Package xcolor Info: Model `tHsb' substituted by `hsb' on input line 1368.
Package xcolor Info: Model `HSB' substituted by `hsb' on input line 1369.
Package xcolor Info: Model `Gray' substituted by `gray' on input line 1370.
Package xcolor Info: Model `wave' substituted by `hsb' on input line 1371.
)
("C:\Users\Kaili-Pants\AppData\Local\Programs\MiKTeX 2.9\tex/latex/soul\soul.st
y"
Package: soul 2003/11/17 v2.4 letterspacing/underlining (mf)
\SOUL@word=\toks19
\SOUL@lasttoken=\toks20
\SOUL@cmds=\toks21
\SOUL@buffer=\toks22
\SOUL@token=\toks23
\SOUL@spaceskip=\skip50
\SOUL@ttwidth=\dimen152
\SOUL@uldp=\dimen153
\SOUL@ulht=\dimen154
)
("C:\Users\Kaili-Pants\AppData\Local\Programs\MiKTeX 2.9\tex/latex/fontspec\fon
tspec.sty"
("C:\Users\Kaili-Pants\AppData\Local\Programs\MiKTeX 2.9\tex/latex/l3packages/x
parse\xparse.sty"
("C:\Users\Kaili-Pants\AppData\Local\Programs\MiKTeX 2.9\tex/latex/l3kernel\exp
l3.sty"
Package: expl3 2020-05-15 L3 programming layer (loader) 

("C:\Users\Kaili-Pants\AppData\Local\Programs\MiKTeX 2.9\tex/latex/l3backend\l3
backend-xdvipdfmx.def"
File: l3backend-xdvipdfmx.def 2020-05-05 L3 backend support: xdvipdfmx
\g__graphics_track_int=\count178
\l__pdf_internal_box=\box47
\g__pdf_backend_object_int=\count179
\g__pdf_backend_annotation_int=\count180
))
Package: xparse 2020-05-15 L3 Experimental document command parser

("C:\Users\Kaili-Pants\AppData\Local\Programs\MiKTeX 2.9\tex/latex/l3packages/x
parse\xparse-generic.tex"
\l__xparse_current_arg_int=\count181
\g__xparse_grabber_int=\count182
\l__xparse_m_args_int=\count183
\l__xparse_v_nesting_int=\count184
))
Package: fontspec 2020/02/21 v2.7i Font selection for XeLaTeX and LuaLaTeX

("C:\Users\Kaili-Pants\AppData\Local\Programs\MiKTeX 2.9\tex/latex/fontspec\fon
tspec-xetex.sty"
Package: fontspec-xetex 2020/02/21 v2.7i Font selection for XeLaTeX and LuaLaTe
X
\l__fontspec_script_int=\count185
\l__fontspec_language_int=\count186
\l__fontspec_strnum_int=\count187
\l__fontspec_tmp_int=\count188
\l__fontspec_tmpa_int=\count189
\l__fontspec_tmpb_int=\count190
\l__fontspec_tmpc_int=\count191
\l__fontspec_em_int=\count192
\l__fontspec_emdef_int=\count193
\l__fontspec_strong_int=\count194
\l__fontspec_strongdef_int=\count195
\l__fontspec_tmpa_dim=\dimen155
\l__fontspec_tmpb_dim=\dimen156
\l__fontspec_tmpc_dim=\dimen157

("C:\Users\Kaili-Pants\AppData\Local\Programs\MiKTeX 2.9\tex/latex/base\fontenc
.sty"
Package: fontenc 2020/02/11 v2.0o Standard LaTeX package
)
("C:\Users\Kaili-Pants\AppData\Local\Programs\MiKTeX 2.9\tex/latex/fontspec\fon
tspec.cfg")))

Package fontspec Info: Could not resolve font "Doulos SIL/BI" (it probably
(fontspec)             doesn't exist).


Package fontspec Info: Could not resolve font "Doulos SIL/B" (it probably
(fontspec)             doesn't exist).


Package fontspec Info: Could not resolve font "Doulos SIL/I" (it probably
(fontspec)             doesn't exist).


Package fontspec Info: Font family 'DoulosSIL(0)' created for font 'Doulos
(fontspec)             SIL' with options [Ligatures=TeX].
(fontspec)              
(fontspec)              This font family consists of the following NFSS
(fontspec)             series/shapes:
(fontspec)              
(fontspec)             - 'normal' (m/n) with NFSS spec.: <->"Doulos
(fontspec)             SIL/OT:script=latn;language=dflt;mapping=tex-text;"
(fontspec)             - 'small caps'  (m/sc) with NFSS spec.: <->"Doulos
(fontspec)             SIL/OT:script=latn;language=dflt;+smcp;mapping=tex-text;
"

 (LING200midterm-questionbank.aux)
\openout1 = `LING200midterm-questionbank.aux'.

LaTeX Font Info:    Checking defaults for OML/cmm/m/it on input line 18.
LaTeX Font Info:    ... okay on input line 18.
LaTeX Font Info:    Checking defaults for OMS/cmsy/m/n on input line 18.
LaTeX Font Info:    ... okay on input line 18.
LaTeX Font Info:    Checking defaults for OT1/cmr/m/n on input line 18.
LaTeX Font Info:    ... okay on input line 18.
LaTeX Font Info:    Checking defaults for T1/cmr/m/n on input line 18.
LaTeX Font Info:    ... okay on input line 18.
LaTeX Font Info:    Checking defaults for TS1/cmr/m/n on input line 18.
LaTeX Font Info:    Trying to load font information for TS1+cmr on input line 1
8.

("C:\Users\Kaili-Pants\AppData\Local\Programs\MiKTeX 2.9\tex/latex/base\ts1cmr.
fd"
File: ts1cmr.fd 2019/12/16 v2.5j Standard LaTeX font definitions
)
LaTeX Font Info:    ... okay on input line 18.
LaTeX Font Info:    Checking defaults for TU/lmr/m/n on input line 18.
LaTeX Font Info:    ... okay on input line 18.
LaTeX Font Info:    Checking defaults for OMX/cmex/m/n on input line 18.
LaTeX Font Info:    ... okay on input line 18.
LaTeX Font Info:    Checking defaults for U/cmr/m/n on input line 18.
LaTeX Font Info:    ... okay on input line 18.

*geometry* detected driver: pdftex
*geometry* verbose mode - [ preamble ] result:
* driver: pdftex
* paper: <default>
* layout: <same size as paper>
* layoutoffset:(h,v)=(0.0pt,0.0pt)
* modes: 
* h-part:(L,W,R)=(36.135pt, 542.02501pt, 36.135pt)
* v-part:(T,H,B)=(36.135pt, 722.7pt, 36.135pt)
* \paperwidth=614.295pt
* \paperheight=794.96999pt
* \textwidth=469.75502pt
* \textheight=620.43001pt
* \oddsidemargin=0.0pt
* \evensidemargin=0.0pt
* \topmargin=0.0pt
* \headheight=0.0pt
* \headsep=0.0pt
* \topskip=12.0pt
* \footskip=30.0pt
* \marginparwidth=44.0pt
* \marginparsep=10.0pt
* \columnsep=10.0pt
* \skip\footins=10.8pt plus 4.0pt minus 2.0pt
* \hoffset=0.0pt
* \voffset=0.0pt
* \mag=1000
* \@twocolumnfalse
* \@twosidefalse
* \@mparswitchfalse
* \@reversemarginfalse
* (1in=72.27pt=25.4mm, 1cm=28.453pt)

Package caption Info: Begin \AtBeginDocument code.
Package caption Info: float package is loaded.
Package caption Info: End \AtBeginDocument code.

Package fontspec Info: Adjusting the maths setup (use [no-math] to avoid
(fontspec)             this).

\symlegacymaths=\mathgroup4
LaTeX Font Info:    Overwriting symbol font `legacymaths' in version `bold'
(Font)                  OT1/cmr/m/n --> OT1/cmr/bx/n on input line 18.
LaTeX Font Info:    Redeclaring math accent \acute on input line 18.
LaTeX Font Info:    Redeclaring math accent \grave on input line 18.
LaTeX Font Info:    Redeclaring math accent \ddot on input line 18.
LaTeX Font Info:    Redeclaring math accent \tilde on input line 18.
LaTeX Font Info:    Redeclaring math accent \bar on input line 18.
LaTeX Font Info:    Redeclaring math accent \breve on input line 18.
LaTeX Font Info:    Redeclaring math accent \check on input line 18.
LaTeX Font Info:    Redeclaring math accent \hat on input line 18.
LaTeX Font Info:    Redeclaring math accent \dot on input line 18.
LaTeX Font Info:    Redeclaring math accent \mathring on input line 18.
LaTeX Font Info:    Redeclaring math symbol \colon on input line 18.
LaTeX Font Info:    Redeclaring math symbol \Gamma on input line 18.
LaTeX Font Info:    Redeclaring math symbol \Delta on input line 18.
LaTeX Font Info:    Redeclaring math symbol \Theta on input line 18.
LaTeX Font Info:    Redeclaring math symbol \Lambda on input line 18.
LaTeX Font Info:    Redeclaring math symbol \Xi on input line 18.
LaTeX Font Info:    Redeclaring math symbol \Pi on input line 18.
LaTeX Font Info:    Redeclaring math symbol \Sigma on input line 18.
LaTeX Font Info:    Redeclaring math symbol \Upsilon on input line 18.
LaTeX Font Info:    Redeclaring math symbol \Phi on input line 18.
LaTeX Font Info:    Redeclaring math symbol \Psi on input line 18.
LaTeX Font Info:    Redeclaring math symbol \Omega on input line 18.
LaTeX Font Info:    Redeclaring math symbol \mathdollar on input line 18.
LaTeX Font Info:    Redeclaring symbol font `operators' on input line 18.
LaTeX Font Info:    Encoding `OT1' has changed to `TU' for symbol font
(Font)              `operators' in the math version `normal' on input line 18.
LaTeX Font Info:    Overwriting symbol font `operators' in version `normal'
(Font)                  OT1/cmr/m/n --> TU/DoulosSIL(0)/m/n on input line 18.
LaTeX Font Info:    Encoding `OT1' has changed to `TU' for symbol font
(Font)              `operators' in the math version `bold' on input line 18.
LaTeX Font Info:    Overwriting symbol font `operators' in version `bold'
(Font)                  OT1/cmr/bx/n --> TU/DoulosSIL(0)/m/n on input line 18.
LaTeX Font Info:    Overwriting symbol font `operators' in version `normal'
(Font)                  TU/DoulosSIL(0)/m/n --> TU/DoulosSIL(0)/m/n on input li
ne 18.
LaTeX Font Info:    Overwriting math alphabet `\mathit' in version `normal'
(Font)                  OT1/cmr/m/it --> TU/DoulosSIL(0)/m/it on input line 18.

LaTeX Font Info:    Overwriting math alphabet `\mathbf' in version `normal'
(Font)                  OT1/cmr/bx/n --> TU/DoulosSIL(0)/b/n on input line 18.
LaTeX Font Info:    Overwriting math alphabet `\mathsf' in version `normal'
(Font)                  OT1/cmss/m/n --> TU/lmss/m/n on input line 18.
LaTeX Font Info:    Overwriting math alphabet `\mathtt' in version `normal'
(Font)                  OT1/cmtt/m/n --> TU/lmtt/m/n on input line 18.
LaTeX Font Info:    Overwriting symbol font `operators' in version `bold'
(Font)                  TU/DoulosSIL(0)/m/n --> TU/DoulosSIL(0)/b/n on input li
ne 18.
LaTeX Font Info:    Overwriting math alphabet `\mathit' in version `bold'
(Font)                  OT1/cmr/bx/it --> TU/DoulosSIL(0)/b/it on input line 18
.
LaTeX Font Info:    Overwriting math alphabet `\mathsf' in version `bold'
(Font)                  OT1/cmss/bx/n --> TU/lmss/b/n on input line 18.
LaTeX Font Info:    Overwriting math alphabet `\mathtt' in version `bold'
(Font)                  OT1/cmtt/m/n --> TU/lmtt/b/n on input line 18.

LaTeX Font Warning: Font shape `TU/DoulosSIL(0)/b/n' undefined
(Font)              using `TU/DoulosSIL(0)/m/n' instead on input line 21.

[1

]
LaTeX Font Info:    External font `cmex10' loaded for size
(Font)              <12> on input line 28.
LaTeX Font Info:    External font `cmex10' loaded for size
(Font)              <8> on input line 28.
LaTeX Font Info:    External font `cmex10' loaded for size
(Font)              <6> on input line 28.

Underfull \hbox (badness 10000) in paragraph at lines 30--31

 []


Underfull \hbox (badness 10000) in paragraph at lines 32--33

 []


Underfull \hbox (badness 10000) in paragraph at lines 34--35

 []


Underfull \hbox (badness 10000) in paragraph at lines 43--44

 []


Underfull \hbox (badness 10000) in paragraph at lines 45--46

 []


Underfull \hbox (badness 10000) in paragraph at lines 47--48

 []


Underfull \hbox (badness 10000) in paragraph at lines 56--57

 []


Underfull \hbox (badness 10000) in paragraph at lines 58--59

 []


Underfull \hbox (badness 10000) in paragraph at lines 60--61

 []


Underfull \hbox (badness 10000) in paragraph at lines 69--70

 []


Underfull \hbox (badness 10000) in paragraph at lines 71--72

 []

[2]
Underfull \hbox (badness 10000) in paragraph at lines 73--74

 []


Underfull \hbox (badness 10000) in paragraph at lines 82--83

 []


Underfull \hbox (badness 10000) in paragraph at lines 84--85

 []


Underfull \hbox (badness 10000) in paragraph at lines 86--87

 []


Underfull \hbox (badness 10000) in paragraph at lines 95--96

 []


Underfull \hbox (badness 10000) in paragraph at lines 97--98

 []


Underfull \hbox (badness 10000) in paragraph at lines 99--100

 []


Underfull \hbox (badness 10000) in paragraph at lines 108--109

 []


Underfull \hbox (badness 10000) in paragraph at lines 110--111

 []


Underfull \hbox (badness 10000) in paragraph at lines 112--113

 []

[3]
Underfull \hbox (badness 10000) in paragraph at lines 121--122

 []


Underfull \hbox (badness 10000) in paragraph at lines 123--124

 []


Underfull \hbox (badness 10000) in paragraph at lines 125--126

 []


Underfull \hbox (badness 10000) in paragraph at lines 134--135

 []


Underfull \hbox (badness 10000) in paragraph at lines 136--137

 []


Underfull \hbox (badness 10000) in paragraph at lines 138--139

 []


Underfull \hbox (badness 10000) in paragraph at lines 147--148

 []


Underfull \hbox (badness 10000) in paragraph at lines 149--150

 []


Underfull \hbox (badness 10000) in paragraph at lines 151--152

 []


Underfull \hbox (badness 10000) in paragraph at lines 160--161

 []


Underfull \hbox (badness 10000) in paragraph at lines 162--163

 []


Underfull \hbox (badness 10000) in paragraph at lines 164--165

 []

[4]
Underfull \hbox (badness 10000) in paragraph at lines 173--174

 []


Underfull \hbox (badness 10000) in paragraph at lines 175--176

 []


Underfull \hbox (badness 10000) in paragraph at lines 177--178

 []

[5]
Underfull \hbox (badness 10000) in paragraph at lines 188--189

 []


Underfull \hbox (badness 10000) in paragraph at lines 190--191

 []


Underfull \hbox (badness 10000) in paragraph at lines 192--193

 []

File: ../images/swahiliverbs.png Graphic file (type bmp)
<../images/swahiliverbs.png>

Underfull \hbox (badness 10000) in paragraph at lines 204--205

 []


Underfull \hbox (badness 10000) in paragraph at lines 206--207

 []


Underfull \hbox (badness 10000) in paragraph at lines 208--209

 []

File: ../images/swahiliverbs.png Graphic file (type bmp)
<../images/swahiliverbs.png>
[6]
Underfull \hbox (badness 10000) in paragraph at lines 220--221

 []


Underfull \hbox (badness 10000) in paragraph at lines 222--223

 []


Underfull \hbox (badness 10000) in paragraph at lines 224--225

 []

File: ../images/swahiliverbs.png Graphic file (type bmp)
<../images/swahiliverbs.png>
[7]
Underfull \hbox (badness 10000) in paragraph at lines 236--237

 []


Underfull \hbox (badness 10000) in paragraph at lines 238--239

 []


Underfull \hbox (badness 10000) in paragraph at lines 240--241

 []

File: ../images/swahiliverbs.png Graphic file (type bmp)
<../images/swahiliverbs.png>

Underfull \hbox (badness 10000) in paragraph at lines 252--253

 []


Underfull \hbox (badness 10000) in paragraph at lines 254--255

 []


Underfull \hbox (badness 10000) in paragraph at lines 256--257

 []

File: ../images/swahiliverbs.png Graphic file (type bmp)
<../images/swahiliverbs.png>
[8]
Underfull \hbox (badness 10000) in paragraph at lines 268--269

 []


Underfull \hbox (badness 10000) in paragraph at lines 270--271

 []


Underfull \hbox (badness 10000) in paragraph at lines 272--273

 []

File: ../images/swahiliverbs.png Graphic file (type bmp)
<../images/swahiliverbs.png>
[9]
Underfull \hbox (badness 10000) in paragraph at lines 284--285

 []


Underfull \hbox (badness 10000) in paragraph at lines 286--287

 []


Underfull \hbox (badness 10000) in paragraph at lines 288--289

 []

File: ../images/swahiliverbs.png Graphic file (type bmp)
<../images/swahiliverbs.png>

Underfull \hbox (badness 10000) in paragraph at lines 300--301

 []


Underfull \hbox (badness 10000) in paragraph at lines 302--303

 []


Underfull \hbox (badness 10000) in paragraph at lines 304--305

 []

File: ../images/swahiliverbs.png Graphic file (type bmp)
<../images/swahiliverbs.png>
[10]
Underfull \hbox (badness 10000) in paragraph at lines 316--317

 []


Underfull \hbox (badness 10000) in paragraph at lines 318--319

 []


Underfull \hbox (badness 10000) in paragraph at lines 320--321

 []

File: ../images/swahiliverbs.png Graphic file (type bmp)
<../images/swahiliverbs.png>
[11]
Underfull \hbox (badness 10000) in paragraph at lines 332--333

 []


Underfull \hbox (badness 10000) in paragraph at lines 334--335

 []


Underfull \hbox (badness 10000) in paragraph at lines 336--337

 []

File: ../images/swahiliverbs.png Graphic file (type bmp)
<../images/swahiliverbs.png>

Underfull \hbox (badness 10000) in paragraph at lines 348--349

 []


Underfull \hbox (badness 10000) in paragraph at lines 350--351

 []


Underfull \hbox (badness 10000) in paragraph at lines 352--353

 []

File: ../images/luiseno.png Graphic file (type bmp)
<../images/luiseno.png>
[12]
Underfull \hbox (badness 10000) in paragraph at lines 364--365

 []


Underfull \hbox (badness 10000) in paragraph at lines 366--367

 []


Underfull \hbox (badness 10000) in paragraph at lines 368--369

 []

File: ../images/luiseno.png Graphic file (type bmp)
<../images/luiseno.png>

Underfull \hbox (badness 10000) in paragraph at lines 380--381

 []


Underfull \hbox (badness 10000) in paragraph at lines 382--383

 []


Underfull \hbox (badness 10000) in paragraph at lines 384--385

 []

[13]
File: ../images/luiseno.png Graphic file (type bmp)
<../images/luiseno.png>

Underfull \hbox (badness 10000) in paragraph at lines 396--397

 []


Underfull \hbox (badness 10000) in paragraph at lines 398--399

 []


Underfull \hbox (badness 10000) in paragraph at lines 400--401

 []

File: ../images/luiseno.png Graphic file (type bmp)
<../images/luiseno.png>

Underfull \hbox (badness 10000) in paragraph at lines 412--413

 []

[14]
Underfull \hbox (badness 10000) in paragraph at lines 414--415

 []


Underfull \hbox (badness 10000) in paragraph at lines 416--417

 []

File: ../images/luiseno.png Graphic file (type bmp)
<../images/luiseno.png>

Underfull \hbox (badness 10000) in paragraph at lines 428--429

 []


Underfull \hbox (badness 10000) in paragraph at lines 430--431

 []


Underfull \hbox (badness 10000) in paragraph at lines 432--433

 []

File: ../images/luiseno.png Graphic file (type bmp)
<../images/luiseno.png>
[15]
Underfull \hbox (badness 10000) in paragraph at lines 444--445

 []


Underfull \hbox (badness 10000) in paragraph at lines 446--447

 []


Underfull \hbox (badness 10000) in paragraph at lines 448--449

 []

File: ../images/luiseno.png Graphic file (type bmp)
<../images/luiseno.png>

Underfull \hbox (badness 10000) in paragraph at lines 460--461

 []


Underfull \hbox (badness 10000) in paragraph at lines 462--463

 []


Underfull \hbox (badness 10000) in paragraph at lines 464--465

 []

[16]
File: ../images/luiseno.png Graphic file (type bmp)
<../images/luiseno.png>

Underfull \hbox (badness 10000) in paragraph at lines 476--477

 []


Underfull \hbox (badness 10000) in paragraph at lines 478--479

 []


Underfull \hbox (badness 10000) in paragraph at lines 480--481

 []

File: ../images/luiseno.png Graphic file (type bmp)
<../images/luiseno.png>

Underfull \hbox (badness 10000) in paragraph at lines 492--493

 []

[17]
Underfull \hbox (badness 10000) in paragraph at lines 494--495

 []


Underfull \hbox (badness 10000) in paragraph at lines 496--497

 []

File: ../images/luiseno.png Graphic file (type bmp)
<../images/luiseno.png>

Underfull \hbox (badness 10000) in paragraph at lines 508--509

 []


Underfull \hbox (badness 10000) in paragraph at lines 510--511

 []


Underfull \hbox (badness 10000) in paragraph at lines 512--513

 []


Underfull \hbox (badness 10000) in paragraph at lines 519--520

 []


Underfull \hbox (badness 10000) in paragraph at lines 521--522

 []


Underfull \hbox (badness 10000) in paragraph at lines 523--524

 []

File: ../images/klingon.png Graphic file (type bmp)
<../images/klingon.png>
[18]
Underfull \hbox (badness 10000) in paragraph at lines 535--536

 []


Underfull \hbox (badness 10000) in paragraph at lines 537--538

 []


Underfull \hbox (badness 10000) in paragraph at lines 539--540

 []

File: ../images/klingon.png Graphic file (type bmp)
<../images/klingon.png>
[19]
Underfull \hbox (badness 10000) in paragraph at lines 551--552

 []


Underfull \hbox (badness 10000) in paragraph at lines 553--554

 []


Underfull \hbox (badness 10000) in paragraph at lines 555--556

 []

File: ../images/klingon.png Graphic file (type bmp)
<../images/klingon.png>
[20] [21]
Underfull \hbox (badness 10000) in paragraph at lines 569--570

 []


Underfull \hbox (badness 10000) in paragraph at lines 571--572

 []


Underfull \hbox (badness 10000) in paragraph at lines 573--574

 []


Underfull \hbox (badness 10000) in paragraph at lines 580--581

 []


Underfull \hbox (badness 10000) in paragraph at lines 582--583

 []


Underfull \hbox (badness 10000) in paragraph at lines 584--585

 []


Underfull \hbox (badness 10000) in paragraph at lines 593--594

 []


Underfull \hbox (badness 10000) in paragraph at lines 595--596

 []


Underfull \hbox (badness 10000) in paragraph at lines 597--598

 []

[22]
Underfull \hbox (badness 10000) in paragraph at lines 606--607

 []


Underfull \hbox (badness 10000) in paragraph at lines 608--609

 []


Underfull \hbox (badness 10000) in paragraph at lines 610--611

 []

File: ../images/staticpalatography_fricative.png Graphic file (type bmp)
<../images/staticpalatography_fricative.png>

Underfull \hbox (badness 10000) in paragraph at lines 622--623

 []


Underfull \hbox (badness 10000) in paragraph at lines 624--625

 []


Underfull \hbox (badness 10000) in paragraph at lines 626--627

 []

File: ../images/staticpalatography_fricative.png Graphic file (type bmp)
<../images/staticpalatography_fricative.png>

Underfull \hbox (badness 10000) in paragraph at lines 638--639

 []

[23]
Underfull \hbox (badness 10000) in paragraph at lines 640--641

 []


Underfull \hbox (badness 10000) in paragraph at lines 642--643

 []

File: ../images/staticpalatography_stop.png Graphic file (type bmp)
<../images/staticpalatography_stop.png>

Underfull \hbox (badness 10000) in paragraph at lines 654--655

 []


Underfull \hbox (badness 10000) in paragraph at lines 656--657

 []


Underfull \hbox (badness 10000) in paragraph at lines 658--659

 []

File: ../images/staticpalatography_stop.png Graphic file (type bmp)
<../images/staticpalatography_stop.png>

Underfull \hbox (badness 10000) in paragraph at lines 670--671

 []


Underfull \hbox (badness 10000) in paragraph at lines 672--673

 []

[24]
Underfull \hbox (badness 10000) in paragraph at lines 674--675

 []

File: ../images/staticpalatography_fricative.png Graphic file (type bmp)
<../images/staticpalatography_fricative.png>

Underfull \hbox (badness 10000) in paragraph at lines 686--687

 []


Underfull \hbox (badness 10000) in paragraph at lines 688--689

 []


Underfull \hbox (badness 10000) in paragraph at lines 690--691

 []

File: ../images/staticpalatography_stop.png Graphic file (type bmp)
<../images/staticpalatography_stop.png>
[25]
Underfull \hbox (badness 10000) in paragraph at lines 704--705

 []


Underfull \hbox (badness 10000) in paragraph at lines 706--707

 []


Underfull \hbox (badness 10000) in paragraph at lines 708--709

 []


Underfull \hbox (badness 10000) in paragraph at lines 717--718

 []


Underfull \hbox (badness 10000) in paragraph at lines 719--720

 []


Underfull \hbox (badness 10000) in paragraph at lines 721--722

 []


Underfull \hbox (badness 10000) in paragraph at lines 730--731

 []


Underfull \hbox (badness 10000) in paragraph at lines 732--733

 []


Underfull \hbox (badness 10000) in paragraph at lines 734--735

 []


Underfull \hbox (badness 10000) in paragraph at lines 743--744

 []


Underfull \hbox (badness 10000) in paragraph at lines 745--746

 []

[26]
Underfull \hbox (badness 10000) in paragraph at lines 747--748

 []


Underfull \hbox (badness 10000) in paragraph at lines 756--757

 []


Underfull \hbox (badness 10000) in paragraph at lines 758--759

 []


Underfull \hbox (badness 10000) in paragraph at lines 760--761

 []


Underfull \hbox (badness 10000) in paragraph at lines 769--770

 []


Underfull \hbox (badness 10000) in paragraph at lines 771--772

 []


Underfull \hbox (badness 10000) in paragraph at lines 773--774

 []


Underfull \hbox (badness 10000) in paragraph at lines 782--783

 []


Underfull \hbox (badness 10000) in paragraph at lines 784--785

 []


Underfull \hbox (badness 10000) in paragraph at lines 786--787

 []

[27]
Underfull \hbox (badness 10000) in paragraph at lines 795--796

 []


Underfull \hbox (badness 10000) in paragraph at lines 797--798

 []


Underfull \hbox (badness 10000) in paragraph at lines 799--800

 []


Underfull \hbox (badness 10000) in paragraph at lines 808--809

 []


Underfull \hbox (badness 10000) in paragraph at lines 810--811

 []


Underfull \hbox (badness 10000) in paragraph at lines 812--813

 []


Underfull \hbox (badness 10000) in paragraph at lines 821--822

 []


Underfull \hbox (badness 10000) in paragraph at lines 823--824

 []


Underfull \hbox (badness 10000) in paragraph at lines 825--826

 []


Underfull \hbox (badness 10000) in paragraph at lines 834--835

 []


Underfull \hbox (badness 10000) in paragraph at lines 836--837

 []

[28]
Underfull \hbox (badness 10000) in paragraph at lines 838--839

 []


Underfull \hbox (badness 10000) in paragraph at lines 847--848

 []


Underfull \hbox (badness 10000) in paragraph at lines 849--850

 []


Underfull \hbox (badness 10000) in paragraph at lines 851--852

 []


Underfull \hbox (badness 10000) in paragraph at lines 862--863

 []


Underfull \hbox (badness 10000) in paragraph at lines 864--865

 []


Underfull \hbox (badness 10000) in paragraph at lines 866--867

 []

[29]
Underfull \hbox (badness 10000) in paragraph at lines 877--878

 []


Underfull \hbox (badness 10000) in paragraph at lines 879--880

 []


Underfull \hbox (badness 10000) in paragraph at lines 881--882

 []


Underfull \hbox (badness 10000) in paragraph at lines 892--893

 []


Underfull \hbox (badness 10000) in paragraph at lines 894--895

 []


Underfull \hbox (badness 10000) in paragraph at lines 896--897

 []

[30]
Underfull \hbox (badness 10000) in paragraph at lines 907--908

 []


Underfull \hbox (badness 10000) in paragraph at lines 909--910

 []


Underfull \hbox (badness 10000) in paragraph at lines 911--912

 []


Underfull \hbox (badness 10000) in paragraph at lines 922--923

 []


Underfull \hbox (badness 10000) in paragraph at lines 924--925

 []


Underfull \hbox (badness 10000) in paragraph at lines 926--927

 []

[31]
Underfull \hbox (badness 10000) in paragraph at lines 937--938

 []


Underfull \hbox (badness 10000) in paragraph at lines 939--940

 []


Underfull \hbox (badness 10000) in paragraph at lines 941--942

 []


Underfull \hbox (badness 10000) in paragraph at lines 952--953

 []


Underfull \hbox (badness 10000) in paragraph at lines 954--955

 []


Underfull \hbox (badness 10000) in paragraph at lines 956--957

 []

[32]
Underfull \hbox (badness 10000) in paragraph at lines 967--968

 []


Underfull \hbox (badness 10000) in paragraph at lines 969--970

 []


Underfull \hbox (badness 10000) in paragraph at lines 971--972

 []

File: ../images/sagittal_t.png Graphic file (type bmp)
<../images/sagittal_t.png>

Underfull \hbox (badness 10000) in paragraph at lines 981--982

 []


Underfull \hbox (badness 10000) in paragraph at lines 983--984

 []


Underfull \hbox (badness 10000) in paragraph at lines 985--986

 []

File: ../images/sagittal_m.png Graphic file (type bmp)
<../images/sagittal_m.png>
[33]
Underfull \hbox (badness 10000) in paragraph at lines 995--996

 []


Underfull \hbox (badness 10000) in paragraph at lines 997--998

 []


Underfull \hbox (badness 10000) in paragraph at lines 999--1000

 []

File: ../images/sagittal_eth.png Graphic file (type bmp)
<../images/sagittal_eth.png>

Underfull \hbox (badness 10000) in paragraph at lines 1009--1010

 []


Underfull \hbox (badness 10000) in paragraph at lines 1011--1012

 []


Underfull \hbox (badness 10000) in paragraph at lines 1013--1014

 []

File: ../images/sagittal_p.png Graphic file (type bmp)
<../images/sagittal_p.png>
[34]
Underfull \hbox (badness 10000) in paragraph at lines 1023--1024

 []


Underfull \hbox (badness 10000) in paragraph at lines 1025--1026

 []


Underfull \hbox (badness 10000) in paragraph at lines 1027--1028

 []

File: ../images/sagittal_z.png Graphic file (type bmp)
<../images/sagittal_z.png>

Underfull \hbox (badness 10000) in paragraph at lines 1037--1038

 []


Underfull \hbox (badness 10000) in paragraph at lines 1039--1040

 []


Underfull \hbox (badness 10000) in paragraph at lines 1041--1042

 []

[35]
File: ../images/taiwansign_fit.png Graphic file (type bmp)
<../images/taiwansign_fit.png>

Underfull \hbox (badness 10000) in paragraph at lines 1054--1055

 []


Underfull \hbox (badness 10000) in paragraph at lines 1056--1057

 []


Underfull \hbox (badness 10000) in paragraph at lines 1058--1059

 []

File: ../images/taiwansign_consistent.png Graphic file (type bmp)
<../images/taiwansign_consistent.png>
[36]
Underfull \hbox (badness 10000) in paragraph at lines 1071--1072

 []


Underfull \hbox (badness 10000) in paragraph at lines 1073--1074

 []


Underfull \hbox (badness 10000) in paragraph at lines 1075--1076

 []

File: ../images/taiwansign_wrong.png Graphic file (type bmp)
<../images/taiwansign_wrong.png>
[37]
Underfull \hbox (badness 10000) in paragraph at lines 1088--1089

 []


Underfull \hbox (badness 10000) in paragraph at lines 1090--1091

 []


Underfull \hbox (badness 10000) in paragraph at lines 1092--1093

 []

File: ../images/taiwansign_jealous.png Graphic file (type bmp)
<../images/taiwansign_jealous.png>
[38]
Underfull \hbox (badness 10000) in paragraph at lines 1105--1106

 []


Underfull \hbox (badness 10000) in paragraph at lines 1107--1108

 []


Underfull \hbox (badness 10000) in paragraph at lines 1109--1110

 []

File: ../images/taiwansign_thing.png Graphic file (type bmp)
<../images/taiwansign_thing.png>
[39]
Underfull \hbox (badness 10000) in paragraph at lines 1122--1123

 []


Underfull \hbox (badness 10000) in paragraph at lines 1124--1125

 []


Underfull \hbox (badness 10000) in paragraph at lines 1126--1127

 []


Underfull \hbox (badness 10000) in paragraph at lines 1135--1136

 []


Underfull \hbox (badness 10000) in paragraph at lines 1137--1138

 []


Underfull \hbox (badness 10000) in paragraph at lines 1139--1140

 []

[40]
Underfull \hbox (badness 10000) in paragraph at lines 1148--1149

 []


Underfull \hbox (badness 10000) in paragraph at lines 1150--1151

 []


Underfull \hbox (badness 10000) in paragraph at lines 1152--1153

 []


Underfull \hbox (badness 10000) in paragraph at lines 1161--1162

 []


Underfull \hbox (badness 10000) in paragraph at lines 1163--1164

 []


Underfull \hbox (badness 10000) in paragraph at lines 1165--1166

 []


Underfull \hbox (badness 10000) in paragraph at lines 1174--1175

 []


Underfull \hbox (badness 10000) in paragraph at lines 1176--1177

 []


Underfull \hbox (badness 10000) in paragraph at lines 1178--1179

 []


Underfull \hbox (badness 10000) in paragraph at lines 1187--1188

 []


Underfull \hbox (badness 10000) in paragraph at lines 1189--1190

 []


Underfull \hbox (badness 10000) in paragraph at lines 1191--1192

 []

[41]
Underfull \hbox (badness 10000) in paragraph at lines 1200--1201

 []


Underfull \hbox (badness 10000) in paragraph at lines 1202--1203

 []


Underfull \hbox (badness 10000) in paragraph at lines 1204--1205

 []


Underfull \hbox (badness 10000) in paragraph at lines 1213--1214

 []


Underfull \hbox (badness 10000) in paragraph at lines 1215--1216

 []


Underfull \hbox (badness 10000) in paragraph at lines 1217--1218

 []

[42]
Underfull \hbox (badness 10000) in paragraph at lines 1228--1229

 []


Underfull \hbox (badness 10000) in paragraph at lines 1230--1231

 []


Underfull \hbox (badness 10000) in paragraph at lines 1232--1233

 []


Underfull \hbox (badness 10000) in paragraph at lines 1241--1242

 []


Underfull \hbox (badness 10000) in paragraph at lines 1243--1244

 []


Underfull \hbox (badness 10000) in paragraph at lines 1245--1246

 []


Underfull \hbox (badness 10000) in paragraph at lines 1254--1255

 []


Underfull \hbox (badness 10000) in paragraph at lines 1256--1257

 []


Underfull \hbox (badness 10000) in paragraph at lines 1258--1259

 []


Underfull \hbox (badness 10000) in paragraph at lines 1267--1268

 []


Underfull \hbox (badness 10000) in paragraph at lines 1269--1270

 []

[43]
Underfull \hbox (badness 10000) in paragraph at lines 1271--1272

 []


Underfull \hbox (badness 10000) in paragraph at lines 1280--1281

 []


Underfull \hbox (badness 10000) in paragraph at lines 1282--1283

 []


Underfull \hbox (badness 10000) in paragraph at lines 1284--1285

 []


Underfull \hbox (badness 10000) in paragraph at lines 1293--1294

 []


Underfull \hbox (badness 10000) in paragraph at lines 1295--1296

 []


Underfull \hbox (badness 10000) in paragraph at lines 1297--1298

 []


Underfull \hbox (badness 10000) in paragraph at lines 1306--1307

 []


Underfull \hbox (badness 10000) in paragraph at lines 1308--1309

 []


Underfull \hbox (badness 10000) in paragraph at lines 1310--1311

 []

[44]
Underfull \hbox (badness 10000) in paragraph at lines 1319--1320

 []


Underfull \hbox (badness 10000) in paragraph at lines 1321--1322

 []


Underfull \hbox (badness 10000) in paragraph at lines 1323--1324

 []


Underfull \hbox (badness 10000) in paragraph at lines 1332--1333

 []


Underfull \hbox (badness 10000) in paragraph at lines 1334--1335

 []


Underfull \hbox (badness 10000) in paragraph at lines 1336--1337

 []


Underfull \hbox (badness 10000) in paragraph at lines 1345--1346

 []


Underfull \hbox (badness 10000) in paragraph at lines 1347--1348

 []


Underfull \hbox (badness 10000) in paragraph at lines 1349--1350

 []


Underfull \hbox (badness 10000) in paragraph at lines 1358--1359

 []

[45]
Underfull \hbox (badness 10000) in paragraph at lines 1360--1361

 []


Underfull \hbox (badness 10000) in paragraph at lines 1362--1363

 []


Underfull \hbox (badness 10000) in paragraph at lines 1371--1372

 []


Underfull \hbox (badness 10000) in paragraph at lines 1373--1374

 []


Underfull \hbox (badness 10000) in paragraph at lines 1375--1376

 []


Underfull \hbox (badness 10000) in paragraph at lines 1384--1385

 []


Underfull \hbox (badness 10000) in paragraph at lines 1386--1387

 []


Underfull \hbox (badness 10000) in paragraph at lines 1388--1389

 []


Underfull \hbox (badness 10000) in paragraph at lines 1397--1398

 []


Underfull \hbox (badness 10000) in paragraph at lines 1399--1400

 []


Underfull \hbox (badness 10000) in paragraph at lines 1401--1402

 []

[46] [47]
Underfull \hbox (badness 10000) in paragraph at lines 1412--1413

 []


Underfull \hbox (badness 10000) in paragraph at lines 1414--1415

 []


Underfull \hbox (badness 10000) in paragraph at lines 1416--1417

 []


Underfull \hbox (badness 10000) in paragraph at lines 1425--1426

 []


Underfull \hbox (badness 10000) in paragraph at lines 1427--1428

 []


Underfull \hbox (badness 10000) in paragraph at lines 1429--1430

 []


Underfull \hbox (badness 10000) in paragraph at lines 1438--1439

 []


Underfull \hbox (badness 10000) in paragraph at lines 1440--1441

 []


Underfull \hbox (badness 10000) in paragraph at lines 1442--1443

 []


Underfull \hbox (badness 10000) in paragraph at lines 1451--1452

 []


Underfull \hbox (badness 10000) in paragraph at lines 1453--1454

 []

[48]
Underfull \hbox (badness 10000) in paragraph at lines 1455--1456

 []


Underfull \hbox (badness 10000) in paragraph at lines 1464--1465

 []


Underfull \hbox (badness 10000) in paragraph at lines 1466--1467

 []


Underfull \hbox (badness 10000) in paragraph at lines 1468--1469

 []


Underfull \hbox (badness 10000) in paragraph at lines 1477--1478

 []


Underfull \hbox (badness 10000) in paragraph at lines 1479--1480

 []


Underfull \hbox (badness 10000) in paragraph at lines 1481--1482

 []


Underfull \hbox (badness 10000) in paragraph at lines 1490--1491

 []


Underfull \hbox (badness 10000) in paragraph at lines 1492--1493

 []


Underfull \hbox (badness 10000) in paragraph at lines 1494--1495

 []

[49]
Underfull \hbox (badness 10000) in paragraph at lines 1503--1504

 []


Underfull \hbox (badness 10000) in paragraph at lines 1505--1506

 []


Underfull \hbox (badness 10000) in paragraph at lines 1507--1508

 []


Underfull \hbox (badness 10000) in paragraph at lines 1516--1517

 []


Underfull \hbox (badness 10000) in paragraph at lines 1518--1519

 []


Underfull \hbox (badness 10000) in paragraph at lines 1520--1521

 []


Underfull \hbox (badness 10000) in paragraph at lines 1529--1530

 []


Underfull \hbox (badness 10000) in paragraph at lines 1531--1532

 []


Underfull \hbox (badness 10000) in paragraph at lines 1533--1534

 []


Underfull \hbox (badness 10000) in paragraph at lines 1542--1543

 []

[50]
Underfull \hbox (badness 10000) in paragraph at lines 1544--1545

 []


Underfull \hbox (badness 10000) in paragraph at lines 1546--1547

 []


Underfull \hbox (badness 10000) in paragraph at lines 1555--1556

 []


Underfull \hbox (badness 10000) in paragraph at lines 1557--1558

 []


Underfull \hbox (badness 10000) in paragraph at lines 1559--1560

 []


Underfull \hbox (badness 10000) in paragraph at lines 1568--1569

 []


Underfull \hbox (badness 10000) in paragraph at lines 1570--1571

 []


Underfull \hbox (badness 10000) in paragraph at lines 1572--1573

 []

[51]
Underfull \hbox (badness 10000) in paragraph at lines 1583--1584

 []


Underfull \hbox (badness 10000) in paragraph at lines 1585--1586

 []


Underfull \hbox (badness 10000) in paragraph at lines 1587--1588

 []


Underfull \hbox (badness 10000) in paragraph at lines 1596--1597

 []


Underfull \hbox (badness 10000) in paragraph at lines 1598--1599

 []


Underfull \hbox (badness 10000) in paragraph at lines 1600--1601

 []


Underfull \hbox (badness 10000) in paragraph at lines 1609--1610

 []


Underfull \hbox (badness 10000) in paragraph at lines 1611--1612

 []


Underfull \hbox (badness 10000) in paragraph at lines 1613--1614

 []


Underfull \hbox (badness 10000) in paragraph at lines 1622--1623

 []


Underfull \hbox (badness 10000) in paragraph at lines 1624--1625

 []


Underfull \hbox (badness 10000) in paragraph at lines 1626--1627

 []

[52]
Underfull \hbox (badness 10000) in paragraph at lines 1635--1636

 []


Underfull \hbox (badness 10000) in paragraph at lines 1637--1638

 []


Underfull \hbox (badness 10000) in paragraph at lines 1639--1640

 []


Underfull \hbox (badness 10000) in paragraph at lines 1648--1649

 []


Underfull \hbox (badness 10000) in paragraph at lines 1650--1651

 []


Underfull \hbox (badness 10000) in paragraph at lines 1652--1653

 []


Underfull \hbox (badness 10000) in paragraph at lines 1661--1662

 []


Underfull \hbox (badness 10000) in paragraph at lines 1663--1664

 []


Underfull \hbox (badness 10000) in paragraph at lines 1665--1666

 []


Underfull \hbox (badness 10000) in paragraph at lines 1674--1675

 []

[53]
Underfull \hbox (badness 10000) in paragraph at lines 1676--1677

 []


Underfull \hbox (badness 10000) in paragraph at lines 1678--1679

 []


Underfull \hbox (badness 10000) in paragraph at lines 1687--1688

 []


Underfull \hbox (badness 10000) in paragraph at lines 1689--1690

 []


Underfull \hbox (badness 10000) in paragraph at lines 1691--1692

 []


Underfull \hbox (badness 10000) in paragraph at lines 1700--1701

 []


Underfull \hbox (badness 10000) in paragraph at lines 1702--1703

 []


Underfull \hbox (badness 10000) in paragraph at lines 1704--1705

 []

[54]
Underfull \hbox (badness 10000) in paragraph at lines 1715--1716

 []


Underfull \hbox (badness 10000) in paragraph at lines 1717--1718

 []


Underfull \hbox (badness 10000) in paragraph at lines 1719--1720

 []


Underfull \hbox (badness 10000) in paragraph at lines 1728--1729

 []


Underfull \hbox (badness 10000) in paragraph at lines 1730--1731

 []


Underfull \hbox (badness 10000) in paragraph at lines 1732--1733

 []

[55]
Underfull \hbox (badness 10000) in paragraph at lines 1741--1742

 []


Underfull \hbox (badness 10000) in paragraph at lines 1743--1744

 []


Underfull \hbox (badness 10000) in paragraph at lines 1745--1746

 []


Underfull \hbox (badness 10000) in paragraph at lines 1754--1755

 []


Underfull \hbox (badness 10000) in paragraph at lines 1756--1757

 []


Underfull \hbox (badness 10000) in paragraph at lines 1758--1759

 []

File: ../images/ukrainian.png Graphic file (type bmp)
<../images/ukrainian.png>
[56]
Overfull \hbox (44.80432pt too wide) in paragraph at lines 1768--1769
[]$[]$ 
 []


Underfull \hbox (badness 10000) in paragraph at lines 1770--1771

 []


Underfull \hbox (badness 10000) in paragraph at lines 1772--1773

 []


Underfull \hbox (badness 10000) in paragraph at lines 1774--1775

 []


Underfull \hbox (badness 10000) in paragraph at lines 1781--1782

 []


Underfull \hbox (badness 10000) in paragraph at lines 1783--1784

 []


Underfull \hbox (badness 10000) in paragraph at lines 1785--1786

 []

File: ../images/quiz4question5_a.png Graphic file (type bmp)
<../images/quiz4question5_a.png>

Underfull \hbox (badness 10000) in paragraph at lines 1795--1796

 []


Underfull \hbox (badness 10000) in paragraph at lines 1797--1798

 []


Underfull \hbox (badness 10000) in paragraph at lines 1799--1800

 []

File: ../images/quiz4question5_b.png Graphic file (type bmp)
<../images/quiz4question5_b.png>
[57]
Underfull \hbox (badness 10000) in paragraph at lines 1809--1810

 []


Underfull \hbox (badness 10000) in paragraph at lines 1811--1812

 []


Underfull \hbox (badness 10000) in paragraph at lines 1813--1814

 []

File: ../images/quiz4question5_c.png Graphic file (type bmp)
<../images/quiz4question5_c.png>

Underfull \hbox (badness 10000) in paragraph at lines 1823--1824

 []

[58]
Underfull \hbox (badness 10000) in paragraph at lines 1825--1826

 []


Underfull \hbox (badness 10000) in paragraph at lines 1827--1828

 []

File: ../images/quiz4question5_d.png Graphic file (type bmp)
<../images/quiz4question5_d.png>

Underfull \hbox (badness 10000) in paragraph at lines 1837--1838

 []


Underfull \hbox (badness 10000) in paragraph at lines 1839--1840

 []


Underfull \hbox (badness 10000) in paragraph at lines 1841--1842

 []


Underfull \hbox (badness 10000) in paragraph at lines 1850--1851

 []


Underfull \hbox (badness 10000) in paragraph at lines 1852--1853

 []

[59]
Underfull \hbox (badness 10000) in paragraph at lines 1854--1855

 []

File: ../images/english_labials.png Graphic file (type bmp)
<../images/english_labials.png>

Underfull \hbox (badness 10000) in paragraph at lines 1866--1867

 []


Underfull \hbox (badness 10000) in paragraph at lines 1868--1869

 []


Underfull \hbox (badness 10000) in paragraph at lines 1870--1871

 []

File: ../images/english_labials.png Graphic file (type bmp)
<../images/english_labials.png>

Underfull \hbox (badness 10000) in paragraph at lines 1882--1883

 []


Underfull \hbox (badness 10000) in paragraph at lines 1884--1885

 []


Underfull \hbox (badness 10000) in paragraph at lines 1886--1887

 []

[60]
File: ../images/korean.png Graphic file (type bmp)
<../images/korean.png>

Underfull \hbox (badness 10000) in paragraph at lines 1898--1899

 []


Underfull \hbox (badness 10000) in paragraph at lines 1900--1901

 []


Underfull \hbox (badness 10000) in paragraph at lines 1902--1903

 []

File: ../images/canadianfrench.png Graphic file (type bmp)
<../images/canadianfrench.png>
[61]
Underfull \hbox (badness 10000) in paragraph at lines 1914--1915

 []


Underfull \hbox (badness 10000) in paragraph at lines 1916--1917

 []


Underfull \hbox (badness 10000) in paragraph at lines 1918--1919

 []

File: ../images/canadianfrench.png Graphic file (type bmp)
<../images/canadianfrench.png>
[62]
Underfull \hbox (badness 10000) in paragraph at lines 1930--1931

 []


Underfull \hbox (badness 10000) in paragraph at lines 1932--1933

 []


Underfull \hbox (badness 10000) in paragraph at lines 1934--1935

 []

File: ../images/canadianfrench.png Graphic file (type bmp)
<../images/canadianfrench.png>
[63]
Underfull \hbox (badness 10000) in paragraph at lines 1946--1947

 []


Underfull \hbox (badness 10000) in paragraph at lines 1948--1949

 []


Underfull \hbox (badness 10000) in paragraph at lines 1950--1951

 []

File: ../images/canadianfrench.png Graphic file (type bmp)
<../images/canadianfrench.png>
[64]
Underfull \hbox (badness 10000) in paragraph at lines 1962--1963

 []


Underfull \hbox (badness 10000) in paragraph at lines 1964--1965

 []


Underfull \hbox (badness 10000) in paragraph at lines 1966--1967

 []

File: ../images/canadianfrench.png Graphic file (type bmp)
<../images/canadianfrench.png>
[65]
Underfull \hbox (badness 10000) in paragraph at lines 1978--1979

 []


Underfull \hbox (badness 10000) in paragraph at lines 1980--1981

 []


Underfull \hbox (badness 10000) in paragraph at lines 1982--1983

 []

File: ../images/canadianfrench.png Graphic file (type bmp)
<../images/canadianfrench.png>
[66]
Underfull \hbox (badness 10000) in paragraph at lines 1994--1995

 []


Underfull \hbox (badness 10000) in paragraph at lines 1996--1997

 []


Underfull \hbox (badness 10000) in paragraph at lines 1998--1999

 []

File: ../images/english_laterals.png Graphic file (type bmp)
<../images/english_laterals.png>
[67]
Underfull \hbox (badness 10000) in paragraph at lines 2010--2011

 []


Underfull \hbox (badness 10000) in paragraph at lines 2012--2013

 []


Underfull \hbox (badness 10000) in paragraph at lines 2014--2015

 []

File: ../images/english_labials.png Graphic file (type bmp)
<../images/english_labials.png>

Underfull \hbox (badness 10000) in paragraph at lines 2026--2027

 []

[68]
Underfull \hbox (badness 10000) in paragraph at lines 2028--2029

 []


Underfull \hbox (badness 10000) in paragraph at lines 2030--2031

 []

File: ../images/english_labials.png Graphic file (type bmp)
<../images/english_labials.png>

Underfull \hbox (badness 10000) in paragraph at lines 2042--2043

 []


Underfull \hbox (badness 10000) in paragraph at lines 2044--2045

 []


Underfull \hbox (badness 10000) in paragraph at lines 2046--2047

 []

File: ../images/korean.png Graphic file (type bmp)
<../images/korean.png>
[69]
Underfull \hbox (badness 10000) in paragraph at lines 2058--2059

 []


Underfull \hbox (badness 10000) in paragraph at lines 2060--2061

 []


Underfull \hbox (badness 10000) in paragraph at lines 2062--2063

 []

File: ../images/korean.png Graphic file (type bmp)
<../images/korean.png>
[70]
Underfull \hbox (badness 10000) in paragraph at lines 2074--2075

 []


Underfull \hbox (badness 10000) in paragraph at lines 2076--2077

 []


Underfull \hbox (badness 10000) in paragraph at lines 2078--2079

 []

File: ../images/english_laterals.png Graphic file (type bmp)
<../images/english_laterals.png>

Underfull \hbox (badness 10000) in paragraph at lines 2090--2091

 []


Underfull \hbox (badness 10000) in paragraph at lines 2092--2093

 []


Underfull \hbox (badness 10000) in paragraph at lines 2094--2095

 []

File: ../images/english_laterals.png Graphic file (type bmp)
<../images/english_laterals.png>
[71]
Underfull \hbox (badness 10000) in paragraph at lines 2106--2107

 []


Underfull \hbox (badness 10000) in paragraph at lines 2108--2109

 []


Underfull \hbox (badness 10000) in paragraph at lines 2110--2111

 []

File: ../images/peng70ao_a.png Graphic file (type bmp)
<../images/peng70ao_a.png>

Underfull \hbox (badness 10000) in paragraph at lines 2120--2121

 []


Underfull \hbox (badness 10000) in paragraph at lines 2122--2123

 []


Underfull \hbox (badness 10000) in paragraph at lines 2124--2125

 []

[72]
File: ../images/peng70ao_b.png Graphic file (type bmp)
<../images/peng70ao_b.png>

Underfull \hbox (badness 10000) in paragraph at lines 2134--2135

 []


Underfull \hbox (badness 10000) in paragraph at lines 2136--2137

 []


Underfull \hbox (badness 10000) in paragraph at lines 2138--2139

 []

File: ../images/peng70ao_c.png Graphic file (type bmp)
<../images/peng70ao_c.png>

Underfull \hbox (badness 10000) in paragraph at lines 2148--2149

 []


Underfull \hbox (badness 10000) in paragraph at lines 2150--2151

 []


Underfull \hbox (badness 10000) in paragraph at lines 2152--2153

 []

File: ../images/peng70ao_d.png Graphic file (type bmp)
<../images/peng70ao_d.png>
[73]
Underfull \hbox (badness 10000) in paragraph at lines 2162--2163

 []


Underfull \hbox (badness 10000) in paragraph at lines 2164--2165

 []


Underfull \hbox (badness 10000) in paragraph at lines 2166--2167

 []


Underfull \hbox (badness 10000) in paragraph at lines 2177--2178

 []


Underfull \hbox (badness 10000) in paragraph at lines 2179--2180

 []


Underfull \hbox (badness 10000) in paragraph at lines 2181--2182

 []


Underfull \hbox (badness 10000) in paragraph at lines 2192--2193

 []


Underfull \hbox (badness 10000) in paragraph at lines 2194--2195

 []


Underfull \hbox (badness 10000) in paragraph at lines 2196--2197

 []

[74]
Underfull \hbox (badness 10000) in paragraph at lines 2207--2208

 []


Underfull \hbox (badness 10000) in paragraph at lines 2209--2210

 []


Underfull \hbox (badness 10000) in paragraph at lines 2211--2212

 []


Underfull \hbox (badness 10000) in paragraph at lines 2222--2223

 []


Underfull \hbox (badness 10000) in paragraph at lines 2224--2225

 []


Underfull \hbox (badness 10000) in paragraph at lines 2226--2227

 []


Underfull \hbox (badness 10000) in paragraph at lines 2237--2238

 []


Underfull \hbox (badness 10000) in paragraph at lines 2239--2240

 []


Underfull \hbox (badness 10000) in paragraph at lines 2241--2242

 []

[75]
Underfull \hbox (badness 10000) in paragraph at lines 2252--2253

 []


Underfull \hbox (badness 10000) in paragraph at lines 2254--2255

 []


Underfull \hbox (badness 10000) in paragraph at lines 2256--2257

 []


Underfull \hbox (badness 10000) in paragraph at lines 2267--2268

 []


Underfull \hbox (badness 10000) in paragraph at lines 2269--2270

 []


Underfull \hbox (badness 10000) in paragraph at lines 2271--2272

 []


Underfull \hbox (badness 10000) in paragraph at lines 2282--2283

 []


Underfull \hbox (badness 10000) in paragraph at lines 2284--2285

 []


Underfull \hbox (badness 10000) in paragraph at lines 2286--2287

 []

[76]
Underfull \hbox (badness 10000) in paragraph at lines 2297--2298

 []


Underfull \hbox (badness 10000) in paragraph at lines 2299--2300

 []


Underfull \hbox (badness 10000) in paragraph at lines 2301--2302

 []


Underfull \hbox (badness 10000) in paragraph at lines 2312--2313

 []


Underfull \hbox (badness 10000) in paragraph at lines 2314--2315

 []


Underfull \hbox (badness 10000) in paragraph at lines 2316--2317

 []


Underfull \hbox (badness 10000) in paragraph at lines 2327--2328

 []


Underfull \hbox (badness 10000) in paragraph at lines 2329--2330

 []


Underfull \hbox (badness 10000) in paragraph at lines 2331--2332

 []

[77]
Underfull \hbox (badness 10000) in paragraph at lines 2342--2343

 []


Underfull \hbox (badness 10000) in paragraph at lines 2344--2345

 []


Underfull \hbox (badness 10000) in paragraph at lines 2346--2347

 []

File: ../images/japanese.png Graphic file (type bmp)
<../images/japanese.png>

Underfull \hbox (badness 10000) in paragraph at lines 2356--2357

 []


Underfull \hbox (badness 10000) in paragraph at lines 2358--2359

 []


Underfull \hbox (badness 10000) in paragraph at lines 2360--2361

 []

File: ../images/japanese.png Graphic file (type bmp)
<../images/japanese.png>
[78]
Underfull \hbox (badness 10000) in paragraph at lines 2370--2371

 []


Underfull \hbox (badness 10000) in paragraph at lines 2372--2373

 []


Underfull \hbox (badness 10000) in paragraph at lines 2374--2375

 []

File: ../images/tamil.png Graphic file (type bmp)
<../images/tamil.png>
[79] [80]
Overfull \hbox (59.32173pt too wide) in paragraph at lines 2384--2385
[]$[]$ 
 []


Underfull \hbox (badness 10000) in paragraph at lines 2386--2387

 []


Underfull \hbox (badness 10000) in paragraph at lines 2388--2389

 []


Underfull \hbox (badness 10000) in paragraph at lines 2390--2391

 []

File: ../images/asl_apple.png Graphic file (type bmp)
<../images/asl_apple.png>
File: ../images/asl_candy.png Graphic file (type bmp)
<../images/asl_candy.png>
[81]
Underfull \hbox (badness 10000) in paragraph at lines 2405--2406

 []


Underfull \hbox (badness 10000) in paragraph at lines 2407--2408

 []


Underfull \hbox (badness 10000) in paragraph at lines 2409--2410

 []

File: ../images/asl_stay.png Graphic file (type bmp)
<../images/asl_stay.png>
File: ../images/asl_awkward.png Graphic file (type bmp)
<../images/asl_awkward.png>
[82] [83]
Underfull \hbox (badness 10000) in paragraph at lines 2424--2425

 []


Underfull \hbox (badness 10000) in paragraph at lines 2426--2427

 []


Underfull \hbox (badness 10000) in paragraph at lines 2428--2429

 []

File: ../images/asl_apple.png Graphic file (type bmp)
<../images/asl_apple.png>
File: ../images/asl_now.png Graphic file (type bmp)
<../images/asl_now.png>
[84] [85]
Underfull \hbox (badness 10000) in paragraph at lines 2443--2444

 []


Underfull \hbox (badness 10000) in paragraph at lines 2445--2446

 []


Underfull \hbox (badness 10000) in paragraph at lines 2447--2448

 []

File: ../images/malayalam.png Graphic file (type bmp)
<../images/malayalam.png>
[86]
Underfull \hbox (badness 10000) in paragraph at lines 2457--2458

 []


Underfull \hbox (badness 10000) in paragraph at lines 2459--2460

 []


Underfull \hbox (badness 10000) in paragraph at lines 2461--2462

 []

File: ../images/english11.png Graphic file (type bmp)
<../images/english11.png>
[87]
Underfull \hbox (badness 10000) in paragraph at lines 2471--2472

 []


Underfull \hbox (badness 10000) in paragraph at lines 2473--2474

 []


Underfull \hbox (badness 10000) in paragraph at lines 2475--2476

 []

File: ../images/english12.png Graphic file (type bmp)
<../images/english12.png>
[88] [89]
Overfull \hbox (7.42358pt too wide) in paragraph at lines 2485--2486
[]$[]$ 
 []


Underfull \hbox (badness 10000) in paragraph at lines 2487--2488

 []


Underfull \hbox (badness 10000) in paragraph at lines 2489--2490

 []


Underfull \hbox (badness 10000) in paragraph at lines 2491--2492

 []

File: ../images/peng71_englishr.png Graphic file (type bmp)
<../images/peng71_englishr.png>

Underfull \hbox (badness 10000) in paragraph at lines 2503--2504

 []


Underfull \hbox (badness 10000) in paragraph at lines 2505--2506

 []


Underfull \hbox (badness 10000) in paragraph at lines 2507--2508

 []

File: ../images/peng71_englishr.png Graphic file (type bmp)
<../images/peng71_englishr.png>
[90]
Underfull \hbox (badness 10000) in paragraph at lines 2519--2520

 []


Underfull \hbox (badness 10000) in paragraph at lines 2521--2522

 []


Underfull \hbox (badness 10000) in paragraph at lines 2523--2524

 []

File: ../images/peng71_englishr.png Graphic file (type bmp)
<../images/peng71_englishr.png>

Underfull \hbox (badness 10000) in paragraph at lines 2535--2536

 []


Underfull \hbox (badness 10000) in paragraph at lines 2537--2538

 []


Underfull \hbox (badness 10000) in paragraph at lines 2539--2540

 []

[91]
File: ../images/peng71_englishr.png Graphic file (type bmp)
<../images/peng71_englishr.png>

Underfull \hbox (badness 10000) in paragraph at lines 2551--2552

 []


Underfull \hbox (badness 10000) in paragraph at lines 2553--2554

 []


Underfull \hbox (badness 10000) in paragraph at lines 2555--2556

 []


Underfull \hbox (badness 10000) in paragraph at lines 2564--2565

 []


Underfull \hbox (badness 10000) in paragraph at lines 2566--2567

 []


Underfull \hbox (badness 10000) in paragraph at lines 2568--2569

 []

[92]
Underfull \hbox (badness 10000) in paragraph at lines 2577--2578

 []


Underfull \hbox (badness 10000) in paragraph at lines 2579--2580

 []


Underfull \hbox (badness 10000) in paragraph at lines 2581--2582

 []


Underfull \hbox (badness 10000) in paragraph at lines 2590--2591

 []


Underfull \hbox (badness 10000) in paragraph at lines 2592--2593

 []


Underfull \hbox (badness 10000) in paragraph at lines 2594--2595

 []


Underfull \hbox (badness 10000) in paragraph at lines 2603--2604

 []


Underfull \hbox (badness 10000) in paragraph at lines 2605--2606

 []


Underfull \hbox (badness 10000) in paragraph at lines 2607--2608

 []


Underfull \hbox (badness 10000) in paragraph at lines 2616--2617

 []


Underfull \hbox (badness 10000) in paragraph at lines 2618--2619

 []

[93]
Underfull \hbox (badness 10000) in paragraph at lines 2620--2621

 []

[94] (LING200midterm-questionbank.aux)

LaTeX Font Warning: Some font shapes were not available, defaults substituted.

 ) 
Here is how much of TeX's memory you used:
 6778 strings out of 414044
 159009 string characters out of 2891679
 459680 words of memory out of 3000000
 24357 multiletter control sequences out of 15000+200000
 535483 words of font info for 46 fonts, out of 3000000 for 9000
 1348 hyphenation exceptions out of 8191
 44i,6n,82p,851b,262s stack positions out of 5000i,500n,10000p,200000b,50000s

Output written on LING200midterm-questionbank.pdf (94 pages).
