This is XeTeX, Version 3.14159265-2.6-0.999992 (MiKTeX 2.9.7440 64-bit) (preloaded format=xelatex 2020.6.1)  21 SEP 2020 07:59
entering extended mode
**./LING200midterm-Friday,_5_June_2020_instructorcopy.tex
(LING200midterm-Friday,_5_June_2020_instructorcopy.tex
LaTeX2e <2020-02-02> patch level 5
L3 programming layer <2020-05-15>
("C:\Users\Kaili-Pants\AppData\Local\Programs\MiKTeX 2.9\tex/latex/base\article
.cls"
Document Class: article 2019/12/20 v1.4l Standard LaTeX document class

("C:\Users\Kaili-Pants\AppData\Local\Programs\MiKTeX 2.9\tex/latex/base\size12.
clo"
File: size12.clo 2019/12/20 v1.4l Standard LaTeX file (size option)
)
\c@part=\count163
\c@section=\count164
\c@subsection=\count165
\c@subsubsection=\count166
\c@paragraph=\count167
\c@subparagraph=\count168
\c@figure=\count169
\c@table=\count170
\abovecaptionskip=\skip47
\belowcaptionskip=\skip48
\bibindent=\dimen134
)
("C:\Users\Kaili-Pants\AppData\Local\Programs\MiKTeX 2.9\tex/latex/parskip\pars
kip.sty"
Package: parskip 2020-05-19 v2.0e non-zero parskip adjustments

("C:\Users\Kaili-Pants\AppData\Local\Programs\MiKTeX 2.9\tex/latex/kvoptions\kv
options.sty"
Package: kvoptions 2019/11/29 v3.13 Key value format for package options (HO)

("C:\Users\Kaili-Pants\AppData\Local\Programs\MiKTeX 2.9\tex/latex/graphics\key
val.sty"
Package: keyval 2014/10/28 v1.15 key=value parser (DPC)
\KV@toks@=\toks15
)
("C:\Users\Kaili-Pants\AppData\Local\Programs\MiKTeX 2.9\tex/generic/ltxcmds\lt
xcmds.sty"
Package: ltxcmds 2019/12/15 v1.24 LaTeX kernel commands for general use (HO)
)
("C:\Users\Kaili-Pants\AppData\Local\Programs\MiKTeX 2.9\tex/generic/kvsetkeys\
kvsetkeys.sty"
Package: kvsetkeys 2019/12/15 v1.18 Key value parser (HO)
))
("C:\Users\Kaili-Pants\AppData\Local\Programs\MiKTeX 2.9\tex/latex/etoolbox\eto
olbox.sty"
Package: etoolbox 2019/09/21 v2.5h e-TeX tools for LaTeX (JAW)
\etb@tempcnta=\count171
))
("C:\Users\Kaili-Pants\AppData\Local\Programs\MiKTeX 2.9\tex/latex/geometry\geo
metry.sty"
Package: geometry 2020/01/02 v5.9 Page Geometry

("C:\Users\Kaili-Pants\AppData\Local\Programs\MiKTeX 2.9\tex/generic/iftex\ifvt
ex.sty"
Package: ifvtex 2019/10/25 v1.7 ifvtex legacy package. Use iftex instead.

("C:\Users\Kaili-Pants\AppData\Local\Programs\MiKTeX 2.9\tex/generic/iftex\ifte
x.sty"
Package: iftex 2020/03/06 v1.0d TeX engine tests
))
\Gm@cnth=\count172
\Gm@cntv=\count173
\c@Gm@tempcnt=\count174
\Gm@bindingoffset=\dimen135
\Gm@wd@mp=\dimen136
\Gm@odd@mp=\dimen137
\Gm@even@mp=\dimen138
\Gm@layoutwidth=\dimen139
\Gm@layoutheight=\dimen140
\Gm@layouthoffset=\dimen141
\Gm@layoutvoffset=\dimen142
\Gm@dimlist=\toks16

("C:\Users\Kaili-Pants\AppData\Local\Programs\MiKTeX 2.9\tex/xelatex/xetexconfi
g\geometry.cfg"))
("C:\Users\Kaili-Pants\AppData\Local\Programs\MiKTeX 2.9\tex/latex/preprint\ful
lpage.sty"
Package: fullpage 1999/02/23 1.1 (PWD)
\FP@margin=\skip49
)
("C:\Users\Kaili-Pants\AppData\Local\Programs\MiKTeX 2.9\tex/latex/moresize\mor
esize.sty"
Package: moresize 1999/07/26 v1.9 (more font sizes)
)
("C:\Users\Kaili-Pants\AppData\Local\Programs\MiKTeX 2.9\tex/latex/graphics\gra
phicx.sty"
Package: graphicx 2019/11/30 v1.2a Enhanced LaTeX Graphics (DPC,SPQR)

("C:\Users\Kaili-Pants\AppData\Local\Programs\MiKTeX 2.9\tex/latex/graphics\gra
phics.sty"
Package: graphics 2019/11/30 v1.4a Standard LaTeX Graphics (DPC,SPQR)

("C:\Users\Kaili-Pants\AppData\Local\Programs\MiKTeX 2.9\tex/latex/graphics\tri
g.sty"
Package: trig 2016/01/03 v1.10 sin cos tan (DPC)
)
("C:\Users\Kaili-Pants\AppData\Local\Programs\MiKTeX 2.9\tex/latex/graphics-cfg
\graphics.cfg"
File: graphics.cfg 2016/06/04 v1.11 sample graphics configuration
)
Package graphics Info: Driver file: xetex.def on input line 105.

("C:\Users\Kaili-Pants\AppData\Local\Programs\MiKTeX 2.9\tex/latex/graphics-def
\xetex.def"
File: xetex.def 2017/06/24 v5.0h Graphics/color driver for xetex
))
\Gin@req@height=\dimen143
\Gin@req@width=\dimen144
)
("C:\Users\Kaili-Pants\AppData\Local\Programs\MiKTeX 2.9\tex/latex/caption\capt
ion.sty"
Package: caption 2020/05/10 v3.4j Customizing captions (AR)

("C:\Users\Kaili-Pants\AppData\Local\Programs\MiKTeX 2.9\tex/latex/caption\capt
ion3.sty"
Package: caption3 2020/05/10 v1.11 caption3 kernel (AR)
Package caption3 Info: TeX engine: e-TeX on input line 61.
\captionmargin=\dimen145
\captionmargin@=\dimen146
\captionwidth=\dimen147
\caption@tempdima=\dimen148
\caption@indent=\dimen149
\caption@parindent=\dimen150
\caption@hangindent=\dimen151
Package caption Info: Standard document class detected.
)
\c@caption@flags=\count175
\c@continuedfloat=\count176
)
("C:\Users\Kaili-Pants\AppData\Local\Programs\MiKTeX 2.9\tex/latex/caption\subc
aption.sty"
Package: subcaption 2020/01/22 v1.3d Sub-captions (AR)
\c@subfigure=\count177
\c@subtable=\count178
)
("C:\Users\Kaili-Pants\AppData\Local\Programs\MiKTeX 2.9\tex/latex/float\float.
sty"
Package: float 2001/11/08 v1.3d Float enhancements (AL)
\c@float@type=\count179
\float@exts=\toks17
\float@box=\box45
\@float@everytoks=\toks18
\@floatcapt=\box46
)
("C:\Users\Kaili-Pants\AppData\Local\Programs\MiKTeX 2.9\tex/latex/xcolor\xcolo
r.sty"
Package: xcolor 2016/05/11 v2.12 LaTeX color extensions (UK)

("C:\Users\Kaili-Pants\AppData\Local\Programs\MiKTeX 2.9\tex/latex/graphics-cfg
\color.cfg"
File: color.cfg 2016/01/02 v1.6 sample color configuration
)
Package xcolor Info: Driver file: xetex.def on input line 225.
Package xcolor Info: Model `cmy' substituted by `cmy0' on input line 1348.
Package xcolor Info: Model `RGB' extended on input line 1364.
Package xcolor Info: Model `HTML' substituted by `rgb' on input line 1366.
Package xcolor Info: Model `Hsb' substituted by `hsb' on input line 1367.
Package xcolor Info: Model `tHsb' substituted by `hsb' on input line 1368.
Package xcolor Info: Model `HSB' substituted by `hsb' on input line 1369.
Package xcolor Info: Model `Gray' substituted by `gray' on input line 1370.
Package xcolor Info: Model `wave' substituted by `hsb' on input line 1371.
)
("C:\Users\Kaili-Pants\AppData\Local\Programs\MiKTeX 2.9\tex/latex/soul\soul.st
y"
Package: soul 2003/11/17 v2.4 letterspacing/underlining (mf)
\SOUL@word=\toks19
\SOUL@lasttoken=\toks20
\SOUL@cmds=\toks21
\SOUL@buffer=\toks22
\SOUL@token=\toks23
\SOUL@spaceskip=\skip50
\SOUL@ttwidth=\dimen152
\SOUL@uldp=\dimen153
\SOUL@ulht=\dimen154
)
("C:\Users\Kaili-Pants\AppData\Local\Programs\MiKTeX 2.9\tex/latex/fontspec\fon
tspec.sty"
("C:\Users\Kaili-Pants\AppData\Local\Programs\MiKTeX 2.9\tex/latex/l3packages/x
parse\xparse.sty"
("C:\Users\Kaili-Pants\AppData\Local\Programs\MiKTeX 2.9\tex/latex/l3kernel\exp
l3.sty"
Package: expl3 2020-05-15 L3 programming layer (loader) 

("C:\Users\Kaili-Pants\AppData\Local\Programs\MiKTeX 2.9\tex/latex/l3backend\l3
backend-xdvipdfmx.def"
File: l3backend-xdvipdfmx.def 2020-05-05 L3 backend support: xdvipdfmx
\g__graphics_track_int=\count180
\l__pdf_internal_box=\box47
\g__pdf_backend_object_int=\count181
\g__pdf_backend_annotation_int=\count182
))
Package: xparse 2020-05-15 L3 Experimental document command parser

("C:\Users\Kaili-Pants\AppData\Local\Programs\MiKTeX 2.9\tex/latex/l3packages/x
parse\xparse-generic.tex"
\l__xparse_current_arg_int=\count183
\g__xparse_grabber_int=\count184
\l__xparse_m_args_int=\count185
\l__xparse_v_nesting_int=\count186
))
Package: fontspec 2020/02/21 v2.7i Font selection for XeLaTeX and LuaLaTeX

("C:\Users\Kaili-Pants\AppData\Local\Programs\MiKTeX 2.9\tex/latex/fontspec\fon
tspec-xetex.sty"
Package: fontspec-xetex 2020/02/21 v2.7i Font selection for XeLaTeX and LuaLaTe
X
\l__fontspec_script_int=\count187
\l__fontspec_language_int=\count188
\l__fontspec_strnum_int=\count189
\l__fontspec_tmp_int=\count190
\l__fontspec_tmpa_int=\count191
\l__fontspec_tmpb_int=\count192
\l__fontspec_tmpc_int=\count193
\l__fontspec_em_int=\count194
\l__fontspec_emdef_int=\count195
\l__fontspec_strong_int=\count196
\l__fontspec_strongdef_int=\count197
\l__fontspec_tmpa_dim=\dimen155
\l__fontspec_tmpb_dim=\dimen156
\l__fontspec_tmpc_dim=\dimen157

("C:\Users\Kaili-Pants\AppData\Local\Programs\MiKTeX 2.9\tex/latex/base\fontenc
.sty"
Package: fontenc 2020/02/11 v2.0o Standard LaTeX package
)
("C:\Users\Kaili-Pants\AppData\Local\Programs\MiKTeX 2.9\tex/latex/fontspec\fon
tspec.cfg")))

Package fontspec Info: Could not resolve font "Doulos SIL/BI" (it probably
(fontspec)             doesn't exist).


Package fontspec Info: Could not resolve font "Doulos SIL/B" (it probably
(fontspec)             doesn't exist).


Package fontspec Info: Could not resolve font "Doulos SIL/I" (it probably
(fontspec)             doesn't exist).


Package fontspec Info: Font family 'DoulosSIL(0)' created for font 'Doulos
(fontspec)             SIL' with options [Ligatures=TeX].
(fontspec)              
(fontspec)              This font family consists of the following NFSS
(fontspec)             series/shapes:
(fontspec)              
(fontspec)             - 'normal' (m/n) with NFSS spec.: <->"Doulos
(fontspec)             SIL/OT:script=latn;language=dflt;mapping=tex-text;"
(fontspec)             - 'small caps'  (m/sc) with NFSS spec.: <->"Doulos
(fontspec)             SIL/OT:script=latn;language=dflt;+smcp;mapping=tex-text;
"


No file LING200midterm-Friday,_5_June_2020_instructorcopy.aux.
\openout1 = `LING200midterm-Friday,_5_June_2020_instructorcopy.aux'.

LaTeX Font Info:    Checking defaults for OML/cmm/m/it on input line 18.
LaTeX Font Info:    ... okay on input line 18.
LaTeX Font Info:    Checking defaults for OMS/cmsy/m/n on input line 18.
LaTeX Font Info:    ... okay on input line 18.
LaTeX Font Info:    Checking defaults for OT1/cmr/m/n on input line 18.
LaTeX Font Info:    ... okay on input line 18.
LaTeX Font Info:    Checking defaults for T1/cmr/m/n on input line 18.
LaTeX Font Info:    ... okay on input line 18.
LaTeX Font Info:    Checking defaults for TS1/cmr/m/n on input line 18.
LaTeX Font Info:    Trying to load font information for TS1+cmr on input line 1
8.

("C:\Users\Kaili-Pants\AppData\Local\Programs\MiKTeX 2.9\tex/latex/base\ts1cmr.
fd"
File: ts1cmr.fd 2019/12/16 v2.5j Standard LaTeX font definitions
)
LaTeX Font Info:    ... okay on input line 18.
LaTeX Font Info:    Checking defaults for TU/lmr/m/n on input line 18.
LaTeX Font Info:    ... okay on input line 18.
LaTeX Font Info:    Checking defaults for OMX/cmex/m/n on input line 18.
LaTeX Font Info:    ... okay on input line 18.
LaTeX Font Info:    Checking defaults for U/cmr/m/n on input line 18.
LaTeX Font Info:    ... okay on input line 18.

*geometry* detected driver: pdftex
*geometry* verbose mode - [ preamble ] result:
* driver: pdftex
* paper: <default>
* layout: <same size as paper>
* layoutoffset:(h,v)=(0.0pt,0.0pt)
* modes: 
* h-part:(L,W,R)=(36.135pt, 542.02501pt, 36.135pt)
* v-part:(T,H,B)=(36.135pt, 722.7pt, 36.135pt)
* \paperwidth=614.295pt
* \paperheight=794.96999pt
* \textwidth=469.75502pt
* \textheight=620.43001pt
* \oddsidemargin=0.0pt
* \evensidemargin=0.0pt
* \topmargin=0.0pt
* \headheight=0.0pt
* \headsep=0.0pt
* \topskip=12.0pt
* \footskip=30.0pt
* \marginparwidth=44.0pt
* \marginparsep=10.0pt
* \columnsep=10.0pt
* \skip\footins=10.8pt plus 4.0pt minus 2.0pt
* \hoffset=0.0pt
* \voffset=0.0pt
* \mag=1000
* \@twocolumnfalse
* \@twosidefalse
* \@mparswitchfalse
* \@reversemarginfalse
* (1in=72.27pt=25.4mm, 1cm=28.453pt)

Package caption Info: Begin \AtBeginDocument code.
Package caption Info: float package is loaded.
Package caption Info: End \AtBeginDocument code.

Package fontspec Info: Adjusting the maths setup (use [no-math] to avoid
(fontspec)             this).

\symlegacymaths=\mathgroup4
LaTeX Font Info:    Overwriting symbol font `legacymaths' in version `bold'
(Font)                  OT1/cmr/m/n --> OT1/cmr/bx/n on input line 18.
LaTeX Font Info:    Redeclaring math accent \acute on input line 18.
LaTeX Font Info:    Redeclaring math accent \grave on input line 18.
LaTeX Font Info:    Redeclaring math accent \ddot on input line 18.
LaTeX Font Info:    Redeclaring math accent \tilde on input line 18.
LaTeX Font Info:    Redeclaring math accent \bar on input line 18.
LaTeX Font Info:    Redeclaring math accent \breve on input line 18.
LaTeX Font Info:    Redeclaring math accent \check on input line 18.
LaTeX Font Info:    Redeclaring math accent \hat on input line 18.
LaTeX Font Info:    Redeclaring math accent \dot on input line 18.
LaTeX Font Info:    Redeclaring math accent \mathring on input line 18.
LaTeX Font Info:    Redeclaring math symbol \colon on input line 18.
LaTeX Font Info:    Redeclaring math symbol \Gamma on input line 18.
LaTeX Font Info:    Redeclaring math symbol \Delta on input line 18.
LaTeX Font Info:    Redeclaring math symbol \Theta on input line 18.
LaTeX Font Info:    Redeclaring math symbol \Lambda on input line 18.
LaTeX Font Info:    Redeclaring math symbol \Xi on input line 18.
LaTeX Font Info:    Redeclaring math symbol \Pi on input line 18.
LaTeX Font Info:    Redeclaring math symbol \Sigma on input line 18.
LaTeX Font Info:    Redeclaring math symbol \Upsilon on input line 18.
LaTeX Font Info:    Redeclaring math symbol \Phi on input line 18.
LaTeX Font Info:    Redeclaring math symbol \Psi on input line 18.
LaTeX Font Info:    Redeclaring math symbol \Omega on input line 18.
LaTeX Font Info:    Redeclaring math symbol \mathdollar on input line 18.
LaTeX Font Info:    Redeclaring symbol font `operators' on input line 18.
LaTeX Font Info:    Encoding `OT1' has changed to `TU' for symbol font
(Font)              `operators' in the math version `normal' on input line 18.
LaTeX Font Info:    Overwriting symbol font `operators' in version `normal'
(Font)                  OT1/cmr/m/n --> TU/DoulosSIL(0)/m/n on input line 18.
LaTeX Font Info:    Encoding `OT1' has changed to `TU' for symbol font
(Font)              `operators' in the math version `bold' on input line 18.
LaTeX Font Info:    Overwriting symbol font `operators' in version `bold'
(Font)                  OT1/cmr/bx/n --> TU/DoulosSIL(0)/m/n on input line 18.
LaTeX Font Info:    Overwriting symbol font `operators' in version `normal'
(Font)                  TU/DoulosSIL(0)/m/n --> TU/DoulosSIL(0)/m/n on input li
ne 18.
LaTeX Font Info:    Overwriting math alphabet `\mathit' in version `normal'
(Font)                  OT1/cmr/m/it --> TU/DoulosSIL(0)/m/it on input line 18.

LaTeX Font Info:    Overwriting math alphabet `\mathbf' in version `normal'
(Font)                  OT1/cmr/bx/n --> TU/DoulosSIL(0)/b/n on input line 18.
LaTeX Font Info:    Overwriting math alphabet `\mathsf' in version `normal'
(Font)                  OT1/cmss/m/n --> TU/lmss/m/n on input line 18.
LaTeX Font Info:    Overwriting math alphabet `\mathtt' in version `normal'
(Font)                  OT1/cmtt/m/n --> TU/lmtt/m/n on input line 18.
LaTeX Font Info:    Overwriting symbol font `operators' in version `bold'
(Font)                  TU/DoulosSIL(0)/m/n --> TU/DoulosSIL(0)/b/n on input li
ne 18.
LaTeX Font Info:    Overwriting math alphabet `\mathit' in version `bold'
(Font)                  OT1/cmr/bx/it --> TU/DoulosSIL(0)/b/it on input line 18
.
LaTeX Font Info:    Overwriting math alphabet `\mathsf' in version `bold'
(Font)                  OT1/cmss/bx/n --> TU/lmss/b/n on input line 18.
LaTeX Font Info:    Overwriting math alphabet `\mathtt' in version `bold'
(Font)                  OT1/cmtt/m/n --> TU/lmtt/b/n on input line 18.

LaTeX Font Warning: Font shape `TU/DoulosSIL(0)/b/n' undefined
(Font)              using `TU/DoulosSIL(0)/m/n' instead on input line 21.

[1

] [2]
Underfull \hbox (badness 10000) in paragraph at lines 38--39

 []


Underfull \hbox (badness 10000) in paragraph at lines 40--41

 []

LaTeX Font Info:    External font `cmex10' loaded for size
(Font)              <12> on input line 42.
LaTeX Font Info:    External font `cmex10' loaded for size
(Font)              <8> on input line 42.
LaTeX Font Info:    External font `cmex10' loaded for size
(Font)              <6> on input line 42.

Underfull \hbox (badness 10000) in paragraph at lines 42--43

 []

[3]
Underfull \hbox (badness 10000) in paragraph at lines 55--56

 []


Underfull \hbox (badness 10000) in paragraph at lines 57--58

 []


Underfull \hbox (badness 10000) in paragraph at lines 59--60

 []

File: ../images/luiseno.png Graphic file (type bmp)
<../images/luiseno.png>
[4]
Underfull \hbox (badness 10000) in paragraph at lines 75--76

 []


Underfull \hbox (badness 10000) in paragraph at lines 77--78

 []


Underfull \hbox (badness 10000) in paragraph at lines 79--80

 []

File: ../images/asl_stay.png Graphic file (type bmp)
<../images/asl_stay.png>
File: ../images/asl_awkward.png Graphic file (type bmp)
<../images/asl_awkward.png>
[5] [6]
Underfull \hbox (badness 10000) in paragraph at lines 98--99

 []


Underfull \hbox (badness 10000) in paragraph at lines 100--101

 []


Underfull \hbox (badness 10000) in paragraph at lines 102--103

 []

[7]
Underfull \hbox (badness 10000) in paragraph at lines 115--116

 []


Underfull \hbox (badness 10000) in paragraph at lines 117--118

 []


Underfull \hbox (badness 10000) in paragraph at lines 119--120

 []

[8] [9] [10]
Underfull \hbox (badness 10000) in paragraph at lines 148--149

 []


Underfull \hbox (badness 10000) in paragraph at lines 150--151

 []


Underfull \hbox (badness 10000) in paragraph at lines 152--153

 []

[11]
Underfull \hbox (badness 10000) in paragraph at lines 165--166

 []


Underfull \hbox (badness 10000) in paragraph at lines 167--168

 []


Underfull \hbox (badness 10000) in paragraph at lines 169--170

 []

File: ../images/sagittal_z.png Graphic file (type bmp)
<../images/sagittal_z.png>
[12]
Underfull \hbox (badness 10000) in paragraph at lines 183--184

 []


Underfull \hbox (badness 10000) in paragraph at lines 185--186

 []


Underfull \hbox (badness 10000) in paragraph at lines 187--188

 []

File: ../images/asl_apple.png Graphic file (type bmp)
<../images/asl_apple.png>
File: ../images/asl_candy.png Graphic file (type bmp)
<../images/asl_candy.png>
[13] [14]
Underfull \hbox (badness 10000) in paragraph at lines 206--207

 []


Underfull \hbox (badness 10000) in paragraph at lines 208--209

 []


Underfull \hbox (badness 10000) in paragraph at lines 210--211

 []

[15]
Underfull \hbox (badness 10000) in paragraph at lines 223--224

 []


Underfull \hbox (badness 10000) in paragraph at lines 225--226

 []


Underfull \hbox (badness 10000) in paragraph at lines 227--228

 []

[16] [17] [18]
Underfull \hbox (badness 10000) in paragraph at lines 256--257

 []


Underfull \hbox (badness 10000) in paragraph at lines 258--259

 []


Underfull \hbox (badness 10000) in paragraph at lines 260--261

 []

[19]
Underfull \hbox (badness 10000) in paragraph at lines 273--274

 []


Underfull \hbox (badness 10000) in paragraph at lines 275--276

 []


Underfull \hbox (badness 10000) in paragraph at lines 277--278

 []

[20]
Underfull \hbox (badness 10000) in paragraph at lines 290--291

 []


Underfull \hbox (badness 10000) in paragraph at lines 292--293

 []


Underfull \hbox (badness 10000) in paragraph at lines 294--295

 []

[21]
Underfull \hbox (badness 10000) in paragraph at lines 307--308

 []


Underfull \hbox (badness 10000) in paragraph at lines 309--310

 []


Underfull \hbox (badness 10000) in paragraph at lines 311--312

 []

[22]
Underfull \hbox (badness 10000) in paragraph at lines 324--325

 []


Underfull \hbox (badness 10000) in paragraph at lines 326--327

 []


Underfull \hbox (badness 10000) in paragraph at lines 328--329

 []

File: ../images/malayalam.png Graphic file (type bmp)
<../images/malayalam.png>
[23] [24] [25]
Underfull \hbox (badness 10000) in paragraph at lines 358--359

 []


Underfull \hbox (badness 10000) in paragraph at lines 360--361

 []


Underfull \hbox (badness 10000) in paragraph at lines 362--363

 []

[26]
Underfull \hbox (badness 10000) in paragraph at lines 375--376

 []


Underfull \hbox (badness 10000) in paragraph at lines 377--378

 []


Underfull \hbox (badness 10000) in paragraph at lines 379--380

 []

[27]
Underfull \hbox (badness 10000) in paragraph at lines 392--393

 []


Underfull \hbox (badness 10000) in paragraph at lines 394--395

 []


Underfull \hbox (badness 10000) in paragraph at lines 396--397

 []

File: ../images/english12.png Graphic file (type bmp)
<../images/english12.png>
[28]
Underfull \hbox (badness 10000) in paragraph at lines 410--411

 []


Underfull \hbox (badness 10000) in paragraph at lines 412--413

 []


Underfull \hbox (badness 10000) in paragraph at lines 414--415

 []

[29]
Underfull \hbox (badness 10000) in paragraph at lines 427--428

 []


Underfull \hbox (badness 10000) in paragraph at lines 429--430

 []


Underfull \hbox (badness 10000) in paragraph at lines 431--432

 []

[30] [31] [32]
Underfull \hbox (badness 10000) in paragraph at lines 460--461

 []


Underfull \hbox (badness 10000) in paragraph at lines 462--463

 []


Underfull \hbox (badness 10000) in paragraph at lines 464--465

 []

File: ../images/ukrainian.png Graphic file (type bmp)
<../images/ukrainian.png>
[33]
Underfull \hbox (badness 10000) in paragraph at lines 478--479

 []


Underfull \hbox (badness 10000) in paragraph at lines 480--481

 []


Underfull \hbox (badness 10000) in paragraph at lines 482--483

 []

File: ../images/swahiliverbs.png Graphic file (type bmp)
<../images/swahiliverbs.png>
[34]
Underfull \hbox (badness 10000) in paragraph at lines 498--499

 []


Underfull \hbox (badness 10000) in paragraph at lines 500--501

 []


Underfull \hbox (badness 10000) in paragraph at lines 502--503

 []

[35]
Underfull \hbox (badness 10000) in paragraph at lines 515--516

 []


Underfull \hbox (badness 10000) in paragraph at lines 517--518

 []


Underfull \hbox (badness 10000) in paragraph at lines 519--520

 []

File: ../images/sagittal_m.png Graphic file (type bmp)
<../images/sagittal_m.png>
[36]
Underfull \hbox (badness 10000) in paragraph at lines 533--534

 []


Underfull \hbox (badness 10000) in paragraph at lines 535--536

 []


Underfull \hbox (badness 10000) in paragraph at lines 537--538

 []

File: ../images/asl_stay.png Graphic file (type bmp)
<../images/asl_stay.png>
File: ../images/asl_awkward.png Graphic file (type bmp)
<../images/asl_awkward.png>
[37] [38] [39] [40]
Underfull \hbox (badness 10000) in paragraph at lines 572--573

 []


Underfull \hbox (badness 10000) in paragraph at lines 574--575

 []


Underfull \hbox (badness 10000) in paragraph at lines 576--577

 []

[41]
Underfull \hbox (badness 10000) in paragraph at lines 589--590

 []


Underfull \hbox (badness 10000) in paragraph at lines 591--592

 []


Underfull \hbox (badness 10000) in paragraph at lines 593--594

 []

[42]
Underfull \hbox (badness 10000) in paragraph at lines 608--609

 []


Underfull \hbox (badness 10000) in paragraph at lines 610--611

 []


Underfull \hbox (badness 10000) in paragraph at lines 612--613

 []

File: ../images/asl_apple.png Graphic file (type bmp)
<../images/asl_apple.png>
File: ../images/asl_candy.png Graphic file (type bmp)
<../images/asl_candy.png>
[43] [44]
Underfull \hbox (badness 10000) in paragraph at lines 631--632

 []


Underfull \hbox (badness 10000) in paragraph at lines 633--634

 []


Underfull \hbox (badness 10000) in paragraph at lines 635--636

 []

[45]
Underfull \hbox (badness 10000) in paragraph at lines 648--649

 []


Underfull \hbox (badness 10000) in paragraph at lines 650--651

 []


Underfull \hbox (badness 10000) in paragraph at lines 652--653

 []

[46] [47] [48]
Underfull \hbox (badness 10000) in paragraph at lines 683--684

 []


Underfull \hbox (badness 10000) in paragraph at lines 685--686

 []


Underfull \hbox (badness 10000) in paragraph at lines 687--688

 []

File: ../images/ukrainian.png Graphic file (type bmp)
<../images/ukrainian.png>
[49]
Underfull \hbox (badness 10000) in paragraph at lines 701--702

 []


Underfull \hbox (badness 10000) in paragraph at lines 703--704

 []


Underfull \hbox (badness 10000) in paragraph at lines 705--706

 []

File: ../images/asl_apple.png Graphic file (type bmp)
<../images/asl_apple.png>
File: ../images/asl_now.png Graphic file (type bmp)
<../images/asl_now.png>
[50] [51]
Underfull \hbox (badness 10000) in paragraph at lines 724--725

 []


Underfull \hbox (badness 10000) in paragraph at lines 726--727

 []


Underfull \hbox (badness 10000) in paragraph at lines 728--729

 []

[52]
Underfull \hbox (badness 10000) in paragraph at lines 739--740

 []


Underfull \hbox (badness 10000) in paragraph at lines 741--742

 []


Underfull \hbox (badness 10000) in paragraph at lines 743--744

 []

[53]
Underfull \hbox (badness 10000) in paragraph at lines 756--757

 []


Underfull \hbox (badness 10000) in paragraph at lines 758--759

 []


Underfull \hbox (badness 10000) in paragraph at lines 760--761

 []

[54] [55] [56]
Underfull \hbox (badness 10000) in paragraph at lines 789--790

 []


Underfull \hbox (badness 10000) in paragraph at lines 791--792

 []


Underfull \hbox (badness 10000) in paragraph at lines 793--794

 []

[57]
Underfull \hbox (badness 10000) in paragraph at lines 806--807

 []


Underfull \hbox (badness 10000) in paragraph at lines 808--809

 []


Underfull \hbox (badness 10000) in paragraph at lines 810--811

 []

[58]
Underfull \hbox (badness 10000) in paragraph at lines 823--824

 []


Underfull \hbox (badness 10000) in paragraph at lines 825--826

 []


Underfull \hbox (badness 10000) in paragraph at lines 827--828

 []

File: ../images/malayalam.png Graphic file (type bmp)
<../images/malayalam.png>
[59]
Underfull \hbox (badness 10000) in paragraph at lines 841--842

 []


Underfull \hbox (badness 10000) in paragraph at lines 843--844

 []


Underfull \hbox (badness 10000) in paragraph at lines 845--846

 []

[60]
Underfull \hbox (badness 10000) in paragraph at lines 858--859

 []


Underfull \hbox (badness 10000) in paragraph at lines 860--861

 []


Underfull \hbox (badness 10000) in paragraph at lines 862--863

 []

[61] [62] [63]
Underfull \hbox (badness 10000) in paragraph at lines 891--892

 []


Underfull \hbox (badness 10000) in paragraph at lines 893--894

 []


Underfull \hbox (badness 10000) in paragraph at lines 895--896

 []

[64]
Underfull \hbox (badness 10000) in paragraph at lines 908--909

 []


Underfull \hbox (badness 10000) in paragraph at lines 910--911

 []


Underfull \hbox (badness 10000) in paragraph at lines 912--913

 []

[65]
Underfull \hbox (badness 10000) in paragraph at lines 925--926

 []


Underfull \hbox (badness 10000) in paragraph at lines 927--928

 []


Underfull \hbox (badness 10000) in paragraph at lines 929--930

 []

File: ../images/sagittal_t.png Graphic file (type bmp)
<../images/sagittal_t.png>
[66]
Underfull \hbox (badness 10000) in paragraph at lines 943--944

 []


Underfull \hbox (badness 10000) in paragraph at lines 945--946

 []


Underfull \hbox (badness 10000) in paragraph at lines 947--948

 []

File: ../images/asl_apple.png Graphic file (type bmp)
<../images/asl_apple.png>
File: ../images/asl_now.png Graphic file (type bmp)
<../images/asl_now.png>
[67] [68]
Underfull \hbox (badness 10000) in paragraph at lines 966--967

 []


Underfull \hbox (badness 10000) in paragraph at lines 968--969

 []


Underfull \hbox (badness 10000) in paragraph at lines 970--971

 []

[69] [70] [71]
Underfull \hbox (badness 10000) in paragraph at lines 999--1000

 []


Underfull \hbox (badness 10000) in paragraph at lines 1001--1002

 []


Underfull \hbox (badness 10000) in paragraph at lines 1003--1004

 []

[72]
Underfull \hbox (badness 10000) in paragraph at lines 1016--1017

 []


Underfull \hbox (badness 10000) in paragraph at lines 1018--1019

 []


Underfull \hbox (badness 10000) in paragraph at lines 1020--1021

 []

[73]
Underfull \hbox (badness 10000) in paragraph at lines 1035--1036

 []


Underfull \hbox (badness 10000) in paragraph at lines 1037--1038

 []


Underfull \hbox (badness 10000) in paragraph at lines 1039--1040

 []

File: ../images/malayalam.png Graphic file (type bmp)
<../images/malayalam.png>
[74]
Underfull \hbox (badness 10000) in paragraph at lines 1053--1054

 []


Underfull \hbox (badness 10000) in paragraph at lines 1055--1056

 []


Underfull \hbox (badness 10000) in paragraph at lines 1057--1058

 []

[75]
Underfull \hbox (badness 10000) in paragraph at lines 1070--1071

 []


Underfull \hbox (badness 10000) in paragraph at lines 1072--1073

 []


Underfull \hbox (badness 10000) in paragraph at lines 1074--1075

 []

[76] [77] [78]
Underfull \hbox (badness 10000) in paragraph at lines 1103--1104

 []


Underfull \hbox (badness 10000) in paragraph at lines 1105--1106

 []


Underfull \hbox (badness 10000) in paragraph at lines 1107--1108

 []

[79]
Underfull \hbox (badness 10000) in paragraph at lines 1120--1121

 []


Underfull \hbox (badness 10000) in paragraph at lines 1122--1123

 []


Underfull \hbox (badness 10000) in paragraph at lines 1124--1125

 []

[80]
Underfull \hbox (badness 10000) in paragraph at lines 1137--1138

 []


Underfull \hbox (badness 10000) in paragraph at lines 1139--1140

 []


Underfull \hbox (badness 10000) in paragraph at lines 1141--1142

 []

[81]
Underfull \hbox (badness 10000) in paragraph at lines 1156--1157

 []


Underfull \hbox (badness 10000) in paragraph at lines 1158--1159

 []


Underfull \hbox (badness 10000) in paragraph at lines 1160--1161

 []

[82]
Underfull \hbox (badness 10000) in paragraph at lines 1175--1176

 []


Underfull \hbox (badness 10000) in paragraph at lines 1177--1178

 []


Underfull \hbox (badness 10000) in paragraph at lines 1179--1180

 []

File: ../images/asl_apple.png Graphic file (type bmp)
<../images/asl_apple.png>
File: ../images/asl_candy.png Graphic file (type bmp)
<../images/asl_candy.png>
[83] [84] [85] [86]
Underfull \hbox (badness 10000) in paragraph at lines 1214--1215

 []


Underfull \hbox (badness 10000) in paragraph at lines 1216--1217

 []


Underfull \hbox (badness 10000) in paragraph at lines 1218--1219

 []

[87]
Underfull \hbox (badness 10000) in paragraph at lines 1231--1232

 []


Underfull \hbox (badness 10000) in paragraph at lines 1233--1234

 []


Underfull \hbox (badness 10000) in paragraph at lines 1235--1236

 []

[88]
Underfull \hbox (badness 10000) in paragraph at lines 1248--1249

 []


Underfull \hbox (badness 10000) in paragraph at lines 1250--1251

 []


Underfull \hbox (badness 10000) in paragraph at lines 1252--1253

 []

File: ../images/english12.png Graphic file (type bmp)
<../images/english12.png>
[89]
Underfull \hbox (badness 10000) in paragraph at lines 1266--1267

 []


Underfull \hbox (badness 10000) in paragraph at lines 1268--1269

 []


Underfull \hbox (badness 10000) in paragraph at lines 1270--1271

 []

File: ../images/canadianfrench.png Graphic file (type bmp)
<../images/canadianfrench.png>
[90]
Underfull \hbox (badness 10000) in paragraph at lines 1286--1287

 []


Underfull \hbox (badness 10000) in paragraph at lines 1288--1289

 []


Underfull \hbox (badness 10000) in paragraph at lines 1290--1291

 []

[91] [92] [93]
Underfull \hbox (badness 10000) in paragraph at lines 1321--1322

 []


Underfull \hbox (badness 10000) in paragraph at lines 1323--1324

 []


Underfull \hbox (badness 10000) in paragraph at lines 1325--1326

 []

[94]
Underfull \hbox (badness 10000) in paragraph at lines 1338--1339

 []


Underfull \hbox (badness 10000) in paragraph at lines 1340--1341

 []


Underfull \hbox (badness 10000) in paragraph at lines 1342--1343

 []

[95]
Underfull \hbox (badness 10000) in paragraph at lines 1355--1356

 []


Underfull \hbox (badness 10000) in paragraph at lines 1357--1358

 []


Underfull \hbox (badness 10000) in paragraph at lines 1359--1360

 []

File: ../images/asl_apple.png Graphic file (type bmp)
<../images/asl_apple.png>
File: ../images/asl_candy.png Graphic file (type bmp)
<../images/asl_candy.png>
[96] [97]
Underfull \hbox (badness 10000) in paragraph at lines 1378--1379

 []


Underfull \hbox (badness 10000) in paragraph at lines 1380--1381

 []


Underfull \hbox (badness 10000) in paragraph at lines 1382--1383

 []

[98]
Underfull \hbox (badness 10000) in paragraph at lines 1395--1396

 []


Underfull \hbox (badness 10000) in paragraph at lines 1397--1398

 []


Underfull \hbox (badness 10000) in paragraph at lines 1399--1400

 []

File: ../images/swahiliverbs.png Graphic file (type bmp)
<../images/swahiliverbs.png>
[99] [100] [101]
Underfull \hbox (badness 10000) in paragraph at lines 1431--1432

 []


Underfull \hbox (badness 10000) in paragraph at lines 1433--1434

 []


Underfull \hbox (badness 10000) in paragraph at lines 1435--1436

 []

File: ../images/ukrainian.png Graphic file (type bmp)
<../images/ukrainian.png>
[102]
Underfull \hbox (badness 10000) in paragraph at lines 1449--1450

 []


Underfull \hbox (badness 10000) in paragraph at lines 1451--1452

 []


Underfull \hbox (badness 10000) in paragraph at lines 1453--1454

 []

[103]
Underfull \hbox (badness 10000) in paragraph at lines 1466--1467

 []


Underfull \hbox (badness 10000) in paragraph at lines 1468--1469

 []


Underfull \hbox (badness 10000) in paragraph at lines 1470--1471

 []

File: ../images/asl_stay.png Graphic file (type bmp)
<../images/asl_stay.png>
File: ../images/asl_awkward.png Graphic file (type bmp)
<../images/asl_awkward.png>
[104] [105]
Underfull \hbox (badness 10000) in paragraph at lines 1489--1490

 []


Underfull \hbox (badness 10000) in paragraph at lines 1491--1492

 []


Underfull \hbox (badness 10000) in paragraph at lines 1493--1494

 []

[106]
Underfull \hbox (badness 10000) in paragraph at lines 1508--1509

 []


Underfull \hbox (badness 10000) in paragraph at lines 1510--1511

 []


Underfull \hbox (badness 10000) in paragraph at lines 1512--1513

 []

[107] [108] [109]
Underfull \hbox (badness 10000) in paragraph at lines 1543--1544

 []


Underfull \hbox (badness 10000) in paragraph at lines 1545--1546

 []


Underfull \hbox (badness 10000) in paragraph at lines 1547--1548

 []

File: ../images/ukrainian.png Graphic file (type bmp)
<../images/ukrainian.png>
[110]
Underfull \hbox (badness 10000) in paragraph at lines 1561--1562

 []


Underfull \hbox (badness 10000) in paragraph at lines 1563--1564

 []


Underfull \hbox (badness 10000) in paragraph at lines 1565--1566

 []

[111]
Underfull \hbox (badness 10000) in paragraph at lines 1580--1581

 []


Underfull \hbox (badness 10000) in paragraph at lines 1582--1583

 []


Underfull \hbox (badness 10000) in paragraph at lines 1584--1585

 []

[112]
Underfull \hbox (badness 10000) in paragraph at lines 1597--1598

 []


Underfull \hbox (badness 10000) in paragraph at lines 1599--1600

 []


Underfull \hbox (badness 10000) in paragraph at lines 1601--1602

 []

File: ../images/asl_stay.png Graphic file (type bmp)
<../images/asl_stay.png>
File: ../images/asl_awkward.png Graphic file (type bmp)
<../images/asl_awkward.png>
[113] [114]
Underfull \hbox (badness 10000) in paragraph at lines 1620--1621

 []


Underfull \hbox (badness 10000) in paragraph at lines 1622--1623

 []


Underfull \hbox (badness 10000) in paragraph at lines 1624--1625

 []

[115] [116] [117]
Underfull \hbox (badness 10000) in paragraph at lines 1653--1654

 []


Underfull \hbox (badness 10000) in paragraph at lines 1655--1656

 []


Underfull \hbox (badness 10000) in paragraph at lines 1657--1658

 []

[118]
Underfull \hbox (badness 10000) in paragraph at lines 1670--1671

 []


Underfull \hbox (badness 10000) in paragraph at lines 1672--1673

 []


Underfull \hbox (badness 10000) in paragraph at lines 1674--1675

 []

[119]
Underfull \hbox (badness 10000) in paragraph at lines 1687--1688

 []


Underfull \hbox (badness 10000) in paragraph at lines 1689--1690

 []


Underfull \hbox (badness 10000) in paragraph at lines 1691--1692

 []

[120]
Underfull \hbox (badness 10000) in paragraph at lines 1704--1705

 []


Underfull \hbox (badness 10000) in paragraph at lines 1706--1707

 []


Underfull \hbox (badness 10000) in paragraph at lines 1708--1709

 []

[121]
Underfull \hbox (badness 10000) in paragraph at lines 1723--1724

 []


Underfull \hbox (badness 10000) in paragraph at lines 1725--1726

 []


Underfull \hbox (badness 10000) in paragraph at lines 1727--1728

 []

File: ../images/asl_stay.png Graphic file (type bmp)
<../images/asl_stay.png>
File: ../images/asl_awkward.png Graphic file (type bmp)
<../images/asl_awkward.png>
[122] [123] [124] [125]
Underfull \hbox (badness 10000) in paragraph at lines 1762--1763

 []


Underfull \hbox (badness 10000) in paragraph at lines 1764--1765

 []


Underfull \hbox (badness 10000) in paragraph at lines 1766--1767

 []

File: ../images/ukrainian.png Graphic file (type bmp)
<../images/ukrainian.png>
[126]
Underfull \hbox (badness 10000) in paragraph at lines 1780--1781

 []


Underfull \hbox (badness 10000) in paragraph at lines 1782--1783

 []


Underfull \hbox (badness 10000) in paragraph at lines 1784--1785

 []

[127]
Underfull \hbox (badness 10000) in paragraph at lines 1797--1798

 []


Underfull \hbox (badness 10000) in paragraph at lines 1799--1800

 []


Underfull \hbox (badness 10000) in paragraph at lines 1801--1802

 []

[128]
Underfull \hbox (badness 10000) in paragraph at lines 1814--1815

 []


Underfull \hbox (badness 10000) in paragraph at lines 1816--1817

 []


Underfull \hbox (badness 10000) in paragraph at lines 1818--1819

 []

File: ../images/english12.png Graphic file (type bmp)
<../images/english12.png>
[129]
Underfull \hbox (badness 10000) in paragraph at lines 1832--1833

 []


Underfull \hbox (badness 10000) in paragraph at lines 1834--1835

 []


Underfull \hbox (badness 10000) in paragraph at lines 1836--1837

 []

[130] [131] [132]
Underfull \hbox (badness 10000) in paragraph at lines 1865--1866

 []


Underfull \hbox (badness 10000) in paragraph at lines 1867--1868

 []


Underfull \hbox (badness 10000) in paragraph at lines 1869--1870

 []

File: ../images/ukrainian.png Graphic file (type bmp)
<../images/ukrainian.png>
[133]
Underfull \hbox (badness 10000) in paragraph at lines 1883--1884

 []


Underfull \hbox (badness 10000) in paragraph at lines 1885--1886

 []


Underfull \hbox (badness 10000) in paragraph at lines 1887--1888

 []

[134]
Underfull \hbox (badness 10000) in paragraph at lines 1900--1901

 []


Underfull \hbox (badness 10000) in paragraph at lines 1902--1903

 []


Underfull \hbox (badness 10000) in paragraph at lines 1904--1905

 []

File: ../images/quiz4question5_d.png Graphic file (type bmp)
<../images/quiz4question5_d.png>
[135]
Underfull \hbox (badness 10000) in paragraph at lines 1918--1919

 []


Underfull \hbox (badness 10000) in paragraph at lines 1920--1921

 []


Underfull \hbox (badness 10000) in paragraph at lines 1922--1923

 []

File: ../images/sagittal_p.png Graphic file (type bmp)
<../images/sagittal_p.png>
[136]
Underfull \hbox (badness 10000) in paragraph at lines 1936--1937

 []


Underfull \hbox (badness 10000) in paragraph at lines 1938--1939

 []


Underfull \hbox (badness 10000) in paragraph at lines 1940--1941

 []

File: ../images/asl_stay.png Graphic file (type bmp)
<../images/asl_stay.png>
File: ../images/asl_awkward.png Graphic file (type bmp)
<../images/asl_awkward.png>
[137] [138] [139] [140]
Underfull \hbox (badness 10000) in paragraph at lines 1975--1976

 []


Underfull \hbox (badness 10000) in paragraph at lines 1977--1978

 []


Underfull \hbox (badness 10000) in paragraph at lines 1979--1980

 []

[141]
Underfull \hbox (badness 10000) in paragraph at lines 1992--1993

 []


Underfull \hbox (badness 10000) in paragraph at lines 1994--1995

 []


Underfull \hbox (badness 10000) in paragraph at lines 1996--1997

 []

[142]
Underfull \hbox (badness 10000) in paragraph at lines 2009--2010

 []


Underfull \hbox (badness 10000) in paragraph at lines 2011--2012

 []


Underfull \hbox (badness 10000) in paragraph at lines 2013--2014

 []

[143]
Underfull \hbox (badness 10000) in paragraph at lines 2026--2027

 []


Underfull \hbox (badness 10000) in paragraph at lines 2028--2029

 []


Underfull \hbox (badness 10000) in paragraph at lines 2030--2031

 []

File: ../images/staticpalatography_fricative.png Graphic file (type bmp)
<../images/staticpalatography_fricative.png>
[144]
Underfull \hbox (badness 10000) in paragraph at lines 2046--2047

 []


Underfull \hbox (badness 10000) in paragraph at lines 2048--2049

 []


Underfull \hbox (badness 10000) in paragraph at lines 2050--2051

 []

File: ../images/asl_apple.png Graphic file (type bmp)
<../images/asl_apple.png>
File: ../images/asl_now.png Graphic file (type bmp)
<../images/asl_now.png>
[145] [146] [147] [148]
Underfull \hbox (badness 10000) in paragraph at lines 2085--2086

 []


Underfull \hbox (badness 10000) in paragraph at lines 2087--2088

 []


Underfull \hbox (badness 10000) in paragraph at lines 2089--2090

 []

[149]
Underfull \hbox (badness 10000) in paragraph at lines 2102--2103

 []


Underfull \hbox (badness 10000) in paragraph at lines 2104--2105

 []


Underfull \hbox (badness 10000) in paragraph at lines 2106--2107

 []

[150]
Underfull \hbox (badness 10000) in paragraph at lines 2121--2122

 []


Underfull \hbox (badness 10000) in paragraph at lines 2123--2124

 []


Underfull \hbox (badness 10000) in paragraph at lines 2125--2126

 []

[151]
Underfull \hbox (badness 10000) in paragraph at lines 2138--2139

 []


Underfull \hbox (badness 10000) in paragraph at lines 2140--2141

 []


Underfull \hbox (badness 10000) in paragraph at lines 2142--2143

 []

[152]
Underfull \hbox (badness 10000) in paragraph at lines 2155--2156

 []


Underfull \hbox (badness 10000) in paragraph at lines 2157--2158

 []


Underfull \hbox (badness 10000) in paragraph at lines 2159--2160

 []

File: ../images/asl_stay.png Graphic file (type bmp)
<../images/asl_stay.png>
File: ../images/asl_awkward.png Graphic file (type bmp)
<../images/asl_awkward.png>
[153] [154] [155] [156]
Underfull \hbox (badness 10000) in paragraph at lines 2194--2195

 []


Underfull \hbox (badness 10000) in paragraph at lines 2196--2197

 []


Underfull \hbox (badness 10000) in paragraph at lines 2198--2199

 []

[157]
Underfull \hbox (badness 10000) in paragraph at lines 2211--2212

 []


Underfull \hbox (badness 10000) in paragraph at lines 2213--2214

 []


Underfull \hbox (badness 10000) in paragraph at lines 2215--2216

 []

[158]
Underfull \hbox (badness 10000) in paragraph at lines 2228--2229

 []


Underfull \hbox (badness 10000) in paragraph at lines 2230--2231

 []


Underfull \hbox (badness 10000) in paragraph at lines 2232--2233

 []

[159]
Underfull \hbox (badness 10000) in paragraph at lines 2245--2246

 []


Underfull \hbox (badness 10000) in paragraph at lines 2247--2248

 []


Underfull \hbox (badness 10000) in paragraph at lines 2249--2250

 []

File: ../images/malayalam.png Graphic file (type bmp)
<../images/malayalam.png>
[160]
Underfull \hbox (badness 10000) in paragraph at lines 2263--2264

 []


Underfull \hbox (badness 10000) in paragraph at lines 2265--2266

 []


Underfull \hbox (badness 10000) in paragraph at lines 2267--2268

 []

[161] [162] [163]
Underfull \hbox (badness 10000) in paragraph at lines 2298--2299

 []


Underfull \hbox (badness 10000) in paragraph at lines 2300--2301

 []


Underfull \hbox (badness 10000) in paragraph at lines 2302--2303

 []

[164]
Underfull \hbox (badness 10000) in paragraph at lines 2315--2316

 []


Underfull \hbox (badness 10000) in paragraph at lines 2317--2318

 []


Underfull \hbox (badness 10000) in paragraph at lines 2319--2320

 []

[165]
Underfull \hbox (badness 10000) in paragraph at lines 2332--2333

 []


Underfull \hbox (badness 10000) in paragraph at lines 2334--2335

 []


Underfull \hbox (badness 10000) in paragraph at lines 2336--2337

 []

[166]
Underfull \hbox (badness 10000) in paragraph at lines 2349--2350

 []


Underfull \hbox (badness 10000) in paragraph at lines 2351--2352

 []


Underfull \hbox (badness 10000) in paragraph at lines 2353--2354

 []

File: ../images/asl_apple.png Graphic file (type bmp)
<../images/asl_apple.png>
File: ../images/asl_now.png Graphic file (type bmp)
<../images/asl_now.png>
[167] [168]
Underfull \hbox (badness 10000) in paragraph at lines 2372--2373

 []


Underfull \hbox (badness 10000) in paragraph at lines 2374--2375

 []


Underfull \hbox (badness 10000) in paragraph at lines 2376--2377

 []

[169] [170] [171]
Underfull \hbox (badness 10000) in paragraph at lines 2405--2406

 []


Underfull \hbox (badness 10000) in paragraph at lines 2407--2408

 []


Underfull \hbox (badness 10000) in paragraph at lines 2409--2410

 []

File: ../images/ukrainian.png Graphic file (type bmp)
<../images/ukrainian.png>
[172]
Underfull \hbox (badness 10000) in paragraph at lines 2423--2424

 []


Underfull \hbox (badness 10000) in paragraph at lines 2425--2426

 []


Underfull \hbox (badness 10000) in paragraph at lines 2427--2428

 []

File: ../images/klingon.png Graphic file (type bmp)
<../images/klingon.png>
[173]
Underfull \hbox (badness 10000) in paragraph at lines 2443--2444

 []


Underfull \hbox (badness 10000) in paragraph at lines 2445--2446

 []


Underfull \hbox (badness 10000) in paragraph at lines 2447--2448

 []

File: ../images/asl_apple.png Graphic file (type bmp)
<../images/asl_apple.png>
File: ../images/asl_candy.png Graphic file (type bmp)
<../images/asl_candy.png>
[174] [175]
Underfull \hbox (badness 10000) in paragraph at lines 2466--2467

 []


Underfull \hbox (badness 10000) in paragraph at lines 2468--2469

 []


Underfull \hbox (badness 10000) in paragraph at lines 2470--2471

 []

[176]
Underfull \hbox (badness 10000) in paragraph at lines 2483--2484

 []


Underfull \hbox (badness 10000) in paragraph at lines 2485--2486

 []


Underfull \hbox (badness 10000) in paragraph at lines 2487--2488

 []

[177] [178] [179]
Underfull \hbox (badness 10000) in paragraph at lines 2516--2517

 []


Underfull \hbox (badness 10000) in paragraph at lines 2518--2519

 []


Underfull \hbox (badness 10000) in paragraph at lines 2520--2521

 []

[180]
Underfull \hbox (badness 10000) in paragraph at lines 2533--2534

 []


Underfull \hbox (badness 10000) in paragraph at lines 2535--2536

 []


Underfull \hbox (badness 10000) in paragraph at lines 2537--2538

 []

File: ../images/taiwansign_jealous.png Graphic file (type bmp)
<../images/taiwansign_jealous.png>
[181]
Underfull \hbox (badness 10000) in paragraph at lines 2554--2555

 []


Underfull \hbox (badness 10000) in paragraph at lines 2556--2557

 []


Underfull \hbox (badness 10000) in paragraph at lines 2558--2559

 []

File: ../images/malayalam.png Graphic file (type bmp)
<../images/malayalam.png>
[182]
Underfull \hbox (badness 10000) in paragraph at lines 2572--2573

 []


Underfull \hbox (badness 10000) in paragraph at lines 2574--2575

 []


Underfull \hbox (badness 10000) in paragraph at lines 2576--2577

 []

[183]
Underfull \hbox (badness 10000) in paragraph at lines 2589--2590

 []


Underfull \hbox (badness 10000) in paragraph at lines 2591--2592

 []


Underfull \hbox (badness 10000) in paragraph at lines 2593--2594

 []

[184] [185] (LING200midterm-Friday,_5_June_2020_instructorcopy.aux)

LaTeX Font Warning: Some font shapes were not available, defaults substituted.

 ) 
Here is how much of TeX's memory you used:
 6714 strings out of 414044
 156666 string characters out of 2891679
 459278 words of memory out of 3000000
 24314 multiletter control sequences out of 15000+200000
 535475 words of font info for 45 fonts, out of 3000000 for 9000
 1348 hyphenation exceptions out of 8191
 44i,5n,82p,873b,262s stack positions out of 5000i,500n,10000p,200000b,50000s

Output written on LING200midterm-Friday,_5_June_2020_instructorcopy.pdf (185 pa
ges).
