This is XeTeX, Version 3.14159265-2.6-0.999992 (MiKTeX 2.9.7440 64-bit) (preloaded format=xelatex 2020.6.1)  21 SEP 2020 07:59
entering extended mode
**./LING200final-Tuesday,_23_June_2020.tex
(LING200final-Tuesday,_23_June_2020.tex
LaTeX2e <2020-02-02> patch level 5
L3 programming layer <2020-05-15>
("C:\Users\Kaili-Pants\AppData\Local\Programs\MiKTeX 2.9\tex/latex/base\article
.cls"
Document Class: article 2019/12/20 v1.4l Standard LaTeX document class

("C:\Users\Kaili-Pants\AppData\Local\Programs\MiKTeX 2.9\tex/latex/base\size12.
clo"
File: size12.clo 2019/12/20 v1.4l Standard LaTeX file (size option)
)
\c@part=\count163
\c@section=\count164
\c@subsection=\count165
\c@subsubsection=\count166
\c@paragraph=\count167
\c@subparagraph=\count168
\c@figure=\count169
\c@table=\count170
\abovecaptionskip=\skip47
\belowcaptionskip=\skip48
\bibindent=\dimen134
)
("C:\Users\Kaili-Pants\AppData\Local\Programs\MiKTeX 2.9\tex/latex/parskip\pars
kip.sty"
Package: parskip 2020-05-19 v2.0e non-zero parskip adjustments

("C:\Users\Kaili-Pants\AppData\Local\Programs\MiKTeX 2.9\tex/latex/kvoptions\kv
options.sty"
Package: kvoptions 2019/11/29 v3.13 Key value format for package options (HO)

("C:\Users\Kaili-Pants\AppData\Local\Programs\MiKTeX 2.9\tex/latex/graphics\key
val.sty"
Package: keyval 2014/10/28 v1.15 key=value parser (DPC)
\KV@toks@=\toks15
)
("C:\Users\Kaili-Pants\AppData\Local\Programs\MiKTeX 2.9\tex/generic/ltxcmds\lt
xcmds.sty"
Package: ltxcmds 2019/12/15 v1.24 LaTeX kernel commands for general use (HO)
)
("C:\Users\Kaili-Pants\AppData\Local\Programs\MiKTeX 2.9\tex/generic/kvsetkeys\
kvsetkeys.sty"
Package: kvsetkeys 2019/12/15 v1.18 Key value parser (HO)
))
("C:\Users\Kaili-Pants\AppData\Local\Programs\MiKTeX 2.9\tex/latex/etoolbox\eto
olbox.sty"
Package: etoolbox 2019/09/21 v2.5h e-TeX tools for LaTeX (JAW)
\etb@tempcnta=\count171
))
("C:\Users\Kaili-Pants\AppData\Local\Programs\MiKTeX 2.9\tex/latex/geometry\geo
metry.sty"
Package: geometry 2020/01/02 v5.9 Page Geometry

("C:\Users\Kaili-Pants\AppData\Local\Programs\MiKTeX 2.9\tex/generic/iftex\ifvt
ex.sty"
Package: ifvtex 2019/10/25 v1.7 ifvtex legacy package. Use iftex instead.

("C:\Users\Kaili-Pants\AppData\Local\Programs\MiKTeX 2.9\tex/generic/iftex\ifte
x.sty"
Package: iftex 2020/03/06 v1.0d TeX engine tests
))
\Gm@cnth=\count172
\Gm@cntv=\count173
\c@Gm@tempcnt=\count174
\Gm@bindingoffset=\dimen135
\Gm@wd@mp=\dimen136
\Gm@odd@mp=\dimen137
\Gm@even@mp=\dimen138
\Gm@layoutwidth=\dimen139
\Gm@layoutheight=\dimen140
\Gm@layouthoffset=\dimen141
\Gm@layoutvoffset=\dimen142
\Gm@dimlist=\toks16

("C:\Users\Kaili-Pants\AppData\Local\Programs\MiKTeX 2.9\tex/xelatex/xetexconfi
g\geometry.cfg"))
("C:\Users\Kaili-Pants\AppData\Local\Programs\MiKTeX 2.9\tex/latex/preprint\ful
lpage.sty"
Package: fullpage 1999/02/23 1.1 (PWD)
\FP@margin=\skip49
)
("C:\Users\Kaili-Pants\AppData\Local\Programs\MiKTeX 2.9\tex/latex/moresize\mor
esize.sty"
Package: moresize 1999/07/26 v1.9 (more font sizes)
)
("C:\Users\Kaili-Pants\AppData\Local\Programs\MiKTeX 2.9\tex/latex/graphics\gra
phicx.sty"
Package: graphicx 2019/11/30 v1.2a Enhanced LaTeX Graphics (DPC,SPQR)

("C:\Users\Kaili-Pants\AppData\Local\Programs\MiKTeX 2.9\tex/latex/graphics\gra
phics.sty"
Package: graphics 2019/11/30 v1.4a Standard LaTeX Graphics (DPC,SPQR)

("C:\Users\Kaili-Pants\AppData\Local\Programs\MiKTeX 2.9\tex/latex/graphics\tri
g.sty"
Package: trig 2016/01/03 v1.10 sin cos tan (DPC)
)
("C:\Users\Kaili-Pants\AppData\Local\Programs\MiKTeX 2.9\tex/latex/graphics-cfg
\graphics.cfg"
File: graphics.cfg 2016/06/04 v1.11 sample graphics configuration
)
Package graphics Info: Driver file: xetex.def on input line 105.

("C:\Users\Kaili-Pants\AppData\Local\Programs\MiKTeX 2.9\tex/latex/graphics-def
\xetex.def"
File: xetex.def 2017/06/24 v5.0h Graphics/color driver for xetex
))
\Gin@req@height=\dimen143
\Gin@req@width=\dimen144
)
("C:\Users\Kaili-Pants\AppData\Local\Programs\MiKTeX 2.9\tex/latex/caption\capt
ion.sty"
Package: caption 2020/05/10 v3.4j Customizing captions (AR)

("C:\Users\Kaili-Pants\AppData\Local\Programs\MiKTeX 2.9\tex/latex/caption\capt
ion3.sty"
Package: caption3 2020/05/10 v1.11 caption3 kernel (AR)
Package caption3 Info: TeX engine: e-TeX on input line 61.
\captionmargin=\dimen145
\captionmargin@=\dimen146
\captionwidth=\dimen147
\caption@tempdima=\dimen148
\caption@indent=\dimen149
\caption@parindent=\dimen150
\caption@hangindent=\dimen151
Package caption Info: Standard document class detected.
)
\c@caption@flags=\count175
\c@continuedfloat=\count176
)
("C:\Users\Kaili-Pants\AppData\Local\Programs\MiKTeX 2.9\tex/latex/caption\subc
aption.sty"
Package: subcaption 2020/01/22 v1.3d Sub-captions (AR)
\c@subfigure=\count177
\c@subtable=\count178
)
("C:\Users\Kaili-Pants\AppData\Local\Programs\MiKTeX 2.9\tex/latex/float\float.
sty"
Package: float 2001/11/08 v1.3d Float enhancements (AL)
\c@float@type=\count179
\float@exts=\toks17
\float@box=\box45
\@float@everytoks=\toks18
\@floatcapt=\box46
)
("C:\Users\Kaili-Pants\AppData\Local\Programs\MiKTeX 2.9\tex/latex/xcolor\xcolo
r.sty"
Package: xcolor 2016/05/11 v2.12 LaTeX color extensions (UK)

("C:\Users\Kaili-Pants\AppData\Local\Programs\MiKTeX 2.9\tex/latex/graphics-cfg
\color.cfg"
File: color.cfg 2016/01/02 v1.6 sample color configuration
)
Package xcolor Info: Driver file: xetex.def on input line 225.
Package xcolor Info: Model `cmy' substituted by `cmy0' on input line 1348.
Package xcolor Info: Model `RGB' extended on input line 1364.
Package xcolor Info: Model `HTML' substituted by `rgb' on input line 1366.
Package xcolor Info: Model `Hsb' substituted by `hsb' on input line 1367.
Package xcolor Info: Model `tHsb' substituted by `hsb' on input line 1368.
Package xcolor Info: Model `HSB' substituted by `hsb' on input line 1369.
Package xcolor Info: Model `Gray' substituted by `gray' on input line 1370.
Package xcolor Info: Model `wave' substituted by `hsb' on input line 1371.
)
("C:\Users\Kaili-Pants\AppData\Local\Programs\MiKTeX 2.9\tex/latex/soul\soul.st
y"
Package: soul 2003/11/17 v2.4 letterspacing/underlining (mf)
\SOUL@word=\toks19
\SOUL@lasttoken=\toks20
\SOUL@cmds=\toks21
\SOUL@buffer=\toks22
\SOUL@token=\toks23
\SOUL@spaceskip=\skip50
\SOUL@ttwidth=\dimen152
\SOUL@uldp=\dimen153
\SOUL@ulht=\dimen154
)
("C:\Users\Kaili-Pants\AppData\Local\Programs\MiKTeX 2.9\tex/latex/fontspec\fon
tspec.sty"
("C:\Users\Kaili-Pants\AppData\Local\Programs\MiKTeX 2.9\tex/latex/l3packages/x
parse\xparse.sty"
("C:\Users\Kaili-Pants\AppData\Local\Programs\MiKTeX 2.9\tex/latex/l3kernel\exp
l3.sty"
Package: expl3 2020-05-15 L3 programming layer (loader) 

("C:\Users\Kaili-Pants\AppData\Local\Programs\MiKTeX 2.9\tex/latex/l3backend\l3
backend-xdvipdfmx.def"
File: l3backend-xdvipdfmx.def 2020-05-05 L3 backend support: xdvipdfmx
\g__graphics_track_int=\count180
\l__pdf_internal_box=\box47
\g__pdf_backend_object_int=\count181
\g__pdf_backend_annotation_int=\count182
))
Package: xparse 2020-05-15 L3 Experimental document command parser

("C:\Users\Kaili-Pants\AppData\Local\Programs\MiKTeX 2.9\tex/latex/l3packages/x
parse\xparse-generic.tex"
\l__xparse_current_arg_int=\count183
\g__xparse_grabber_int=\count184
\l__xparse_m_args_int=\count185
\l__xparse_v_nesting_int=\count186
))
Package: fontspec 2020/02/21 v2.7i Font selection for XeLaTeX and LuaLaTeX

("C:\Users\Kaili-Pants\AppData\Local\Programs\MiKTeX 2.9\tex/latex/fontspec\fon
tspec-xetex.sty"
Package: fontspec-xetex 2020/02/21 v2.7i Font selection for XeLaTeX and LuaLaTe
X
\l__fontspec_script_int=\count187
\l__fontspec_language_int=\count188
\l__fontspec_strnum_int=\count189
\l__fontspec_tmp_int=\count190
\l__fontspec_tmpa_int=\count191
\l__fontspec_tmpb_int=\count192
\l__fontspec_tmpc_int=\count193
\l__fontspec_em_int=\count194
\l__fontspec_emdef_int=\count195
\l__fontspec_strong_int=\count196
\l__fontspec_strongdef_int=\count197
\l__fontspec_tmpa_dim=\dimen155
\l__fontspec_tmpb_dim=\dimen156
\l__fontspec_tmpc_dim=\dimen157

("C:\Users\Kaili-Pants\AppData\Local\Programs\MiKTeX 2.9\tex/latex/base\fontenc
.sty"
Package: fontenc 2020/02/11 v2.0o Standard LaTeX package
)
("C:\Users\Kaili-Pants\AppData\Local\Programs\MiKTeX 2.9\tex/latex/fontspec\fon
tspec.cfg")))

Package fontspec Info: Could not resolve font "Doulos SIL/BI" (it probably
(fontspec)             doesn't exist).


Package fontspec Info: Could not resolve font "Doulos SIL/B" (it probably
(fontspec)             doesn't exist).


Package fontspec Info: Could not resolve font "Doulos SIL/I" (it probably
(fontspec)             doesn't exist).


Package fontspec Info: Font family 'DoulosSIL(0)' created for font 'Doulos
(fontspec)             SIL' with options [Ligatures=TeX].
(fontspec)              
(fontspec)              This font family consists of the following NFSS
(fontspec)             series/shapes:
(fontspec)              
(fontspec)             - 'normal' (m/n) with NFSS spec.: <->"Doulos
(fontspec)             SIL/OT:script=latn;language=dflt;mapping=tex-text;"
(fontspec)             - 'small caps'  (m/sc) with NFSS spec.: <->"Doulos
(fontspec)             SIL/OT:script=latn;language=dflt;+smcp;mapping=tex-text;
"


No file LING200final-Tuesday,_23_June_2020.aux.
\openout1 = `LING200final-Tuesday,_23_June_2020.aux'.

LaTeX Font Info:    Checking defaults for OML/cmm/m/it on input line 18.
LaTeX Font Info:    ... okay on input line 18.
LaTeX Font Info:    Checking defaults for OMS/cmsy/m/n on input line 18.
LaTeX Font Info:    ... okay on input line 18.
LaTeX Font Info:    Checking defaults for OT1/cmr/m/n on input line 18.
LaTeX Font Info:    ... okay on input line 18.
LaTeX Font Info:    Checking defaults for T1/cmr/m/n on input line 18.
LaTeX Font Info:    ... okay on input line 18.
LaTeX Font Info:    Checking defaults for TS1/cmr/m/n on input line 18.
LaTeX Font Info:    Trying to load font information for TS1+cmr on input line 1
8.

("C:\Users\Kaili-Pants\AppData\Local\Programs\MiKTeX 2.9\tex/latex/base\ts1cmr.
fd"
File: ts1cmr.fd 2019/12/16 v2.5j Standard LaTeX font definitions
)
LaTeX Font Info:    ... okay on input line 18.
LaTeX Font Info:    Checking defaults for TU/lmr/m/n on input line 18.
LaTeX Font Info:    ... okay on input line 18.
LaTeX Font Info:    Checking defaults for OMX/cmex/m/n on input line 18.
LaTeX Font Info:    ... okay on input line 18.
LaTeX Font Info:    Checking defaults for U/cmr/m/n on input line 18.
LaTeX Font Info:    ... okay on input line 18.

*geometry* detected driver: pdftex
*geometry* verbose mode - [ preamble ] result:
* driver: pdftex
* paper: <default>
* layout: <same size as paper>
* layoutoffset:(h,v)=(0.0pt,0.0pt)
* modes: 
* h-part:(L,W,R)=(36.135pt, 542.02501pt, 36.135pt)
* v-part:(T,H,B)=(36.135pt, 722.7pt, 36.135pt)
* \paperwidth=614.295pt
* \paperheight=794.96999pt
* \textwidth=469.75502pt
* \textheight=620.43001pt
* \oddsidemargin=0.0pt
* \evensidemargin=0.0pt
* \topmargin=0.0pt
* \headheight=0.0pt
* \headsep=0.0pt
* \topskip=12.0pt
* \footskip=30.0pt
* \marginparwidth=44.0pt
* \marginparsep=10.0pt
* \columnsep=10.0pt
* \skip\footins=10.8pt plus 4.0pt minus 2.0pt
* \hoffset=0.0pt
* \voffset=0.0pt
* \mag=1000
* \@twocolumnfalse
* \@twosidefalse
* \@mparswitchfalse
* \@reversemarginfalse
* (1in=72.27pt=25.4mm, 1cm=28.453pt)

Package caption Info: Begin \AtBeginDocument code.
Package caption Info: float package is loaded.
Package caption Info: End \AtBeginDocument code.

Package fontspec Info: Adjusting the maths setup (use [no-math] to avoid
(fontspec)             this).

\symlegacymaths=\mathgroup4
LaTeX Font Info:    Overwriting symbol font `legacymaths' in version `bold'
(Font)                  OT1/cmr/m/n --> OT1/cmr/bx/n on input line 18.
LaTeX Font Info:    Redeclaring math accent \acute on input line 18.
LaTeX Font Info:    Redeclaring math accent \grave on input line 18.
LaTeX Font Info:    Redeclaring math accent \ddot on input line 18.
LaTeX Font Info:    Redeclaring math accent \tilde on input line 18.
LaTeX Font Info:    Redeclaring math accent \bar on input line 18.
LaTeX Font Info:    Redeclaring math accent \breve on input line 18.
LaTeX Font Info:    Redeclaring math accent \check on input line 18.
LaTeX Font Info:    Redeclaring math accent \hat on input line 18.
LaTeX Font Info:    Redeclaring math accent \dot on input line 18.
LaTeX Font Info:    Redeclaring math accent \mathring on input line 18.
LaTeX Font Info:    Redeclaring math symbol \colon on input line 18.
LaTeX Font Info:    Redeclaring math symbol \Gamma on input line 18.
LaTeX Font Info:    Redeclaring math symbol \Delta on input line 18.
LaTeX Font Info:    Redeclaring math symbol \Theta on input line 18.
LaTeX Font Info:    Redeclaring math symbol \Lambda on input line 18.
LaTeX Font Info:    Redeclaring math symbol \Xi on input line 18.
LaTeX Font Info:    Redeclaring math symbol \Pi on input line 18.
LaTeX Font Info:    Redeclaring math symbol \Sigma on input line 18.
LaTeX Font Info:    Redeclaring math symbol \Upsilon on input line 18.
LaTeX Font Info:    Redeclaring math symbol \Phi on input line 18.
LaTeX Font Info:    Redeclaring math symbol \Psi on input line 18.
LaTeX Font Info:    Redeclaring math symbol \Omega on input line 18.
LaTeX Font Info:    Redeclaring math symbol \mathdollar on input line 18.
LaTeX Font Info:    Redeclaring symbol font `operators' on input line 18.
LaTeX Font Info:    Encoding `OT1' has changed to `TU' for symbol font
(Font)              `operators' in the math version `normal' on input line 18.
LaTeX Font Info:    Overwriting symbol font `operators' in version `normal'
(Font)                  OT1/cmr/m/n --> TU/DoulosSIL(0)/m/n on input line 18.
LaTeX Font Info:    Encoding `OT1' has changed to `TU' for symbol font
(Font)              `operators' in the math version `bold' on input line 18.
LaTeX Font Info:    Overwriting symbol font `operators' in version `bold'
(Font)                  OT1/cmr/bx/n --> TU/DoulosSIL(0)/m/n on input line 18.
LaTeX Font Info:    Overwriting symbol font `operators' in version `normal'
(Font)                  TU/DoulosSIL(0)/m/n --> TU/DoulosSIL(0)/m/n on input li
ne 18.
LaTeX Font Info:    Overwriting math alphabet `\mathit' in version `normal'
(Font)                  OT1/cmr/m/it --> TU/DoulosSIL(0)/m/it on input line 18.

LaTeX Font Info:    Overwriting math alphabet `\mathbf' in version `normal'
(Font)                  OT1/cmr/bx/n --> TU/DoulosSIL(0)/b/n on input line 18.
LaTeX Font Info:    Overwriting math alphabet `\mathsf' in version `normal'
(Font)                  OT1/cmss/m/n --> TU/lmss/m/n on input line 18.
LaTeX Font Info:    Overwriting math alphabet `\mathtt' in version `normal'
(Font)                  OT1/cmtt/m/n --> TU/lmtt/m/n on input line 18.
LaTeX Font Info:    Overwriting symbol font `operators' in version `bold'
(Font)                  TU/DoulosSIL(0)/m/n --> TU/DoulosSIL(0)/b/n on input li
ne 18.
LaTeX Font Info:    Overwriting math alphabet `\mathit' in version `bold'
(Font)                  OT1/cmr/bx/it --> TU/DoulosSIL(0)/b/it on input line 18
.
LaTeX Font Info:    Overwriting math alphabet `\mathsf' in version `bold'
(Font)                  OT1/cmss/bx/n --> TU/lmss/b/n on input line 18.
LaTeX Font Info:    Overwriting math alphabet `\mathtt' in version `bold'
(Font)                  OT1/cmtt/m/n --> TU/lmtt/b/n on input line 18.

LaTeX Font Warning: Font shape `TU/DoulosSIL(0)/b/n' undefined
(Font)              using `TU/DoulosSIL(0)/m/n' instead on input line 21.

[1

] [2]
Underfull \hbox (badness 10000) in paragraph at lines 38--39

 []


Underfull \hbox (badness 10000) in paragraph at lines 40--41

 []


Underfull \hbox (badness 10000) in paragraph at lines 42--43

 []

File: ../images/korean.png Graphic file (type bmp)
<../images/korean.png>
[3]
Underfull \hbox (badness 10000) in paragraph at lines 50--51

 []


Underfull \hbox (badness 10000) in paragraph at lines 52--53

 []


Underfull \hbox (badness 10000) in paragraph at lines 54--55

 []

[4]
Underfull \hbox (badness 10000) in paragraph at lines 63--64

 []


Underfull \hbox (badness 10000) in paragraph at lines 65--66

 []


Underfull \hbox (badness 10000) in paragraph at lines 67--68

 []

File: ../images/final_dataset.png Graphic file (type bmp)
<../images/final_dataset.png>

Overfull \hbox (4.24382pt too wide) in paragraph at lines 72--73
[][] 
 []

[5]
Underfull \hbox (badness 10000) in paragraph at lines 77--78

 []


Underfull \hbox (badness 10000) in paragraph at lines 79--80

 []


Underfull \hbox (badness 10000) in paragraph at lines 81--82

 []

File: ../images/ponapean_syllabletemplate.png Graphic file (type bmp)
<../images/ponapean_syllabletemplate.png>
[6]
Underfull \hbox (badness 10000) in paragraph at lines 91--92

 []


Underfull \hbox (badness 10000) in paragraph at lines 93--94

 []


Underfull \hbox (badness 10000) in paragraph at lines 95--96

 []

LaTeX Font Info:    External font `cmex10' loaded for size
(Font)              <12> on input line 97.
LaTeX Font Info:    External font `cmex10' loaded for size
(Font)              <8> on input line 97.
LaTeX Font Info:    External font `cmex10' loaded for size
(Font)              <6> on input line 97.

Underfull \hbox (badness 10000) in paragraph at lines 97--98

 []

[7]
Underfull \hbox (badness 10000) in paragraph at lines 102--103

 []


Underfull \hbox (badness 10000) in paragraph at lines 104--105

 []


Underfull \hbox (badness 10000) in paragraph at lines 106--107

 []

File: ../images/shona.png Graphic file (type bmp)
<../images/shona.png>
[8] [9] [10]
Underfull \hbox (badness 10000) in paragraph at lines 130--131

 []


Underfull \hbox (badness 10000) in paragraph at lines 132--133

 []


Underfull \hbox (badness 10000) in paragraph at lines 134--135

 []

File: ../images/korean.png Graphic file (type bmp)
<../images/korean.png>
[11]
Underfull \hbox (badness 10000) in paragraph at lines 142--143

 []


Underfull \hbox (badness 10000) in paragraph at lines 144--145

 []


Underfull \hbox (badness 10000) in paragraph at lines 146--147

 []

File: ../images/final_dataset.png Graphic file (type bmp)
<../images/final_dataset.png>

Overfull \hbox (4.24382pt too wide) in paragraph at lines 149--150
[][] 
 []

[12]
Underfull \hbox (badness 10000) in paragraph at lines 154--155

 []


Underfull \hbox (badness 10000) in paragraph at lines 156--157

 []


Underfull \hbox (badness 10000) in paragraph at lines 158--159

 []

File: ../images/peng_rules.png Graphic file (type bmp)
<../images/peng_rules.png>

Overfull \hbox (35.24374pt too wide) in paragraph at lines 161--162
[][] 
 []

[13]
Underfull \hbox (badness 10000) in paragraph at lines 166--167

 []


Underfull \hbox (badness 10000) in paragraph at lines 168--169

 []


Underfull \hbox (badness 10000) in paragraph at lines 170--171

 []

[14]
Underfull \hbox (badness 10000) in paragraph at lines 179--180

 []


Underfull \hbox (badness 10000) in paragraph at lines 181--182

 []


Underfull \hbox (badness 10000) in paragraph at lines 183--184

 []

File: ../images/spectrogram_aaah.png Graphic file (type bmp)
<../images/spectrogram_aaah.png>
[15]
Underfull \hbox (badness 10000) in paragraph at lines 191--192

 []


Underfull \hbox (badness 10000) in paragraph at lines 193--194

 []


Underfull \hbox (badness 10000) in paragraph at lines 195--196

 []

File: ../images/mende_junction_b.png Graphic file (type bmp)
<../images/mende_junction_b.png>
[16] [17] [18]
Underfull \hbox (badness 10000) in paragraph at lines 219--220

 []


Underfull \hbox (badness 10000) in paragraph at lines 221--222

 []


Underfull \hbox (badness 10000) in paragraph at lines 223--224

 []

File: ../images/yawelmani.png Graphic file (type bmp)
<../images/yawelmani.png>
[19]
Underfull \hbox (badness 10000) in paragraph at lines 231--232

 []


Underfull \hbox (badness 10000) in paragraph at lines 233--234

 []


Underfull \hbox (badness 10000) in paragraph at lines 235--236

 []

File: ../images/final_dataset.png Graphic file (type bmp)
<../images/final_dataset.png>

Overfull \hbox (4.24382pt too wide) in paragraph at lines 240--241
[][] 
 []

[20]
Underfull \hbox (badness 10000) in paragraph at lines 245--246

 []


Underfull \hbox (badness 10000) in paragraph at lines 247--248

 []


Underfull \hbox (badness 10000) in paragraph at lines 249--250

 []

File: ../images/sinusoid.png Graphic file (type bmp)
<../images/sinusoid.png>
[21]
Underfull \hbox (badness 10000) in paragraph at lines 259--260

 []


Underfull \hbox (badness 10000) in paragraph at lines 261--262

 []


Underfull \hbox (badness 10000) in paragraph at lines 263--264

 []

File: ../images/english_stemalternations.png Graphic file (type bmp)
<../images/english_stemalternations.png>
[22]
Underfull \hbox (badness 10000) in paragraph at lines 273--274

 []


Underfull \hbox (badness 10000) in paragraph at lines 275--276

 []


Underfull \hbox (badness 10000) in paragraph at lines 277--278

 []

File: ../images/japanese_verbs.png Graphic file (type bmp)
<../images/japanese_verbs.png>
[23]
Underfull \hbox (badness 10000) in paragraph at lines 285--286

 []


Underfull \hbox (badness 10000) in paragraph at lines 287--288

 []


Underfull \hbox (badness 10000) in paragraph at lines 289--290

 []

File: ../images/kukuya.png Graphic file (type bmp)
<../images/kukuya.png>
[24] [25] [26]
Underfull \hbox (badness 10000) in paragraph at lines 313--314

 []


Underfull \hbox (badness 10000) in paragraph at lines 315--316

 []


Underfull \hbox (badness 10000) in paragraph at lines 317--318

 []

File: ../images/ponapean_syllabletemplate.png Graphic file (type bmp)
<../images/ponapean_syllabletemplate.png>
[27]
Underfull \hbox (badness 10000) in paragraph at lines 327--328

 []


Underfull \hbox (badness 10000) in paragraph at lines 329--330

 []


Underfull \hbox (badness 10000) in paragraph at lines 331--332

 []

File: ../images/final_dataset.png Graphic file (type bmp)
<../images/final_dataset.png>

Overfull \hbox (4.24382pt too wide) in paragraph at lines 336--337
[][] 
 []

[28]
Underfull \hbox (badness 10000) in paragraph at lines 341--342

 []


Underfull \hbox (badness 10000) in paragraph at lines 343--344

 []


Underfull \hbox (badness 10000) in paragraph at lines 345--346

 []

File: ../images/japanese.png Graphic file (type bmp)
<../images/japanese.png>
[29]
Underfull \hbox (badness 10000) in paragraph at lines 355--356

 []


Underfull \hbox (badness 10000) in paragraph at lines 357--358

 []


Underfull \hbox (badness 10000) in paragraph at lines 359--360

 []

File: ../images/japanese_verbs.png Graphic file (type bmp)
<../images/japanese_verbs.png>
[30]
Underfull \hbox (badness 10000) in paragraph at lines 367--368

 []


Underfull \hbox (badness 10000) in paragraph at lines 369--370

 []


Underfull \hbox (badness 10000) in paragraph at lines 371--372

 []

File: ../images/sinusoid.png Graphic file (type bmp)
<../images/sinusoid.png>
[31]
Underfull \hbox (badness 10000) in paragraph at lines 381--382

 []


Underfull \hbox (badness 10000) in paragraph at lines 383--384

 []


Underfull \hbox (badness 10000) in paragraph at lines 385--386

 []

File: ../images/mendetone_d.png Graphic file (type bmp)
<../images/mendetone_d.png>
[32] [33] [34]
Underfull \hbox (badness 10000) in paragraph at lines 411--412

 []


Underfull \hbox (badness 10000) in paragraph at lines 413--414

 []


Underfull \hbox (badness 10000) in paragraph at lines 415--416

 []

File: ../images/ponapean_syllabletemplate.png Graphic file (type bmp)
<../images/ponapean_syllabletemplate.png>
[35]
Underfull \hbox (badness 10000) in paragraph at lines 425--426

 []


Underfull \hbox (badness 10000) in paragraph at lines 427--428

 []


Underfull \hbox (badness 10000) in paragraph at lines 429--430

 []

File: ../images/final_dataset.png Graphic file (type bmp)
<../images/final_dataset.png>

Overfull \hbox (4.24382pt too wide) in paragraph at lines 432--433
[][] 
 []

[36]
Underfull \hbox (badness 10000) in paragraph at lines 437--438

 []


Underfull \hbox (badness 10000) in paragraph at lines 439--440

 []


Underfull \hbox (badness 10000) in paragraph at lines 441--442

 []

[37]
Underfull \hbox (badness 10000) in paragraph at lines 450--451

 []


Underfull \hbox (badness 10000) in paragraph at lines 452--453

 []


Underfull \hbox (badness 10000) in paragraph at lines 454--455

 []

File: ../images/mendetone_b.png Graphic file (type bmp)
<../images/mendetone_b.png>
[38]
Underfull \hbox (badness 10000) in paragraph at lines 464--465

 []


Underfull \hbox (badness 10000) in paragraph at lines 466--467

 []


Underfull \hbox (badness 10000) in paragraph at lines 468--469

 []

File: ../images/spectrogram_we.png Graphic file (type bmp)
<../images/spectrogram_we.png>
[39]
Underfull \hbox (badness 10000) in paragraph at lines 476--477

 []


Underfull \hbox (badness 10000) in paragraph at lines 478--479

 []


Underfull \hbox (badness 10000) in paragraph at lines 480--481

 []

File: ../images/english_past.png Graphic file (type bmp)
<../images/english_past.png>
[40] [41] [42]
Underfull \hbox (badness 10000) in paragraph at lines 504--505

 []


Underfull \hbox (badness 10000) in paragraph at lines 506--507

 []


Underfull \hbox (badness 10000) in paragraph at lines 508--509

 []

File: ../images/atticgreek.png Graphic file (type bmp)
<../images/atticgreek.png>
[43]
Underfull \hbox (badness 10000) in paragraph at lines 516--517

 []


Underfull \hbox (badness 10000) in paragraph at lines 518--519

 []


Underfull \hbox (badness 10000) in paragraph at lines 520--521

 []

File: ../images/final_dataset.png Graphic file (type bmp)
<../images/final_dataset.png>

Overfull \hbox (4.24382pt too wide) in paragraph at lines 525--526
[][] 
 []

[44]
Underfull \hbox (badness 10000) in paragraph at lines 530--531

 []


Underfull \hbox (badness 10000) in paragraph at lines 532--533

 []


Underfull \hbox (badness 10000) in paragraph at lines 534--535

 []

File: ../images/spectrogram_we.png Graphic file (type bmp)
<../images/spectrogram_we.png>
[45]
Underfull \hbox (badness 10000) in paragraph at lines 542--543

 []


Underfull \hbox (badness 10000) in paragraph at lines 544--545

 []


Underfull \hbox (badness 10000) in paragraph at lines 546--547

 []

File: ../images/kukuya.png Graphic file (type bmp)
<../images/kukuya.png>
[46]
Underfull \hbox (badness 10000) in paragraph at lines 554--555

 []


Underfull \hbox (badness 10000) in paragraph at lines 556--557

 []


Underfull \hbox (badness 10000) in paragraph at lines 558--559

 []

[47]
Underfull \hbox (badness 10000) in paragraph at lines 567--568

 []


Underfull \hbox (badness 10000) in paragraph at lines 569--570

 []


Underfull \hbox (badness 10000) in paragraph at lines 571--572

 []

File: ../images/english_past.png Graphic file (type bmp)
<../images/english_past.png>
[48] [49] [50]
Underfull \hbox (badness 10000) in paragraph at lines 595--596

 []


Underfull \hbox (badness 10000) in paragraph at lines 597--598

 []


Underfull \hbox (badness 10000) in paragraph at lines 599--600

 []

File: ../images/osage.png Graphic file (type bmp)
<../images/osage.png>
[51]
Underfull \hbox (badness 10000) in paragraph at lines 607--608

 []


Underfull \hbox (badness 10000) in paragraph at lines 609--610

 []


Underfull \hbox (badness 10000) in paragraph at lines 611--612

 []

File: ../images/final_dataset.png Graphic file (type bmp)
<../images/final_dataset.png>

Overfull \hbox (4.24382pt too wide) in paragraph at lines 616--617
[][] 
 []

[52]
Underfull \hbox (badness 10000) in paragraph at lines 621--622

 []


Underfull \hbox (badness 10000) in paragraph at lines 623--624

 []


Underfull \hbox (badness 10000) in paragraph at lines 625--626

 []


Underfull \hbox (badness 10000) in paragraph at lines 627--628

 []

[53]
Underfull \hbox (badness 10000) in paragraph at lines 632--633

 []


Underfull \hbox (badness 10000) in paragraph at lines 634--635

 []


Underfull \hbox (badness 10000) in paragraph at lines 636--637

 []

File: ../images/mende_house_b.png Graphic file (type bmp)
<../images/mende_house_b.png>
[54]
Underfull \hbox (badness 10000) in paragraph at lines 644--645

 []


Underfull \hbox (badness 10000) in paragraph at lines 646--647

 []


Underfull \hbox (badness 10000) in paragraph at lines 648--649

 []

[55]
Underfull \hbox (badness 10000) in paragraph at lines 655--656

 []


Underfull \hbox (badness 10000) in paragraph at lines 657--658

 []


Underfull \hbox (badness 10000) in paragraph at lines 659--660

 []

[56] [57] [58]
Underfull \hbox (badness 10000) in paragraph at lines 680--681

 []


Underfull \hbox (badness 10000) in paragraph at lines 682--683

 []


Underfull \hbox (badness 10000) in paragraph at lines 684--685

 []

File: ../images/korean.png Graphic file (type bmp)
<../images/korean.png>
[59]
Underfull \hbox (badness 10000) in paragraph at lines 692--693

 []


Underfull \hbox (badness 10000) in paragraph at lines 694--695

 []


Underfull \hbox (badness 10000) in paragraph at lines 696--697

 []

[60]
Underfull \hbox (badness 10000) in paragraph at lines 703--704

 []


Underfull \hbox (badness 10000) in paragraph at lines 705--706

 []


Underfull \hbox (badness 10000) in paragraph at lines 707--708

 []

File: ../images/final_dataset.png Graphic file (type bmp)
<../images/final_dataset.png>

Overfull \hbox (4.24382pt too wide) in paragraph at lines 710--711
[][] 
 []

[61]
Underfull \hbox (badness 10000) in paragraph at lines 715--716

 []


Underfull \hbox (badness 10000) in paragraph at lines 717--718

 []


Underfull \hbox (badness 10000) in paragraph at lines 719--720

 []

[62]
Underfull \hbox (badness 10000) in paragraph at lines 726--727

 []


Underfull \hbox (badness 10000) in paragraph at lines 728--729

 []


Underfull \hbox (badness 10000) in paragraph at lines 730--731

 []

File: ../images/ponapean_syllabletemplate.png Graphic file (type bmp)
<../images/ponapean_syllabletemplate.png>
[63]
Underfull \hbox (badness 10000) in paragraph at lines 740--741

 []


Underfull \hbox (badness 10000) in paragraph at lines 742--743

 []


Underfull \hbox (badness 10000) in paragraph at lines 744--745

 []

File: ../images/shona.png Graphic file (type bmp)
<../images/shona.png>
[64] [65] [66]
Underfull \hbox (badness 10000) in paragraph at lines 768--769

 []


Underfull \hbox (badness 10000) in paragraph at lines 770--771

 []


Underfull \hbox (badness 10000) in paragraph at lines 772--773

 []

File: ../images/yawelmani.png Graphic file (type bmp)
<../images/yawelmani.png>
[67]
Underfull \hbox (badness 10000) in paragraph at lines 780--781

 []


Underfull \hbox (badness 10000) in paragraph at lines 782--783

 []


Underfull \hbox (badness 10000) in paragraph at lines 784--785

 []

[68]
Underfull \hbox (badness 10000) in paragraph at lines 793--794

 []


Underfull \hbox (badness 10000) in paragraph at lines 795--796

 []


Underfull \hbox (badness 10000) in paragraph at lines 797--798

 []

File: ../images/final_dataset.png Graphic file (type bmp)
<../images/final_dataset.png>

Overfull \hbox (4.24382pt too wide) in paragraph at lines 802--803
[][] 
 []

[69]
Underfull \hbox (badness 10000) in paragraph at lines 807--808

 []


Underfull \hbox (badness 10000) in paragraph at lines 809--810

 []


Underfull \hbox (badness 10000) in paragraph at lines 811--812

 []

File: ../images/mendetone_a.png Graphic file (type bmp)
<../images/mendetone_a.png>
[70]
Underfull \hbox (badness 10000) in paragraph at lines 821--822

 []


Underfull \hbox (badness 10000) in paragraph at lines 823--824

 []


Underfull \hbox (badness 10000) in paragraph at lines 825--826

 []

File: ../images/english_t_flap.png Graphic file (type bmp)
<../images/english_t_flap.png>

Overfull \hbox (5.24382pt too wide) in paragraph at lines 828--829
[][] 
 []

[71]
Underfull \hbox (badness 10000) in paragraph at lines 833--834

 []


Underfull \hbox (badness 10000) in paragraph at lines 835--836

 []


Underfull \hbox (badness 10000) in paragraph at lines 837--838

 []

File: ../images/spectrogram_aaah.png Graphic file (type bmp)
<../images/spectrogram_aaah.png>
[72] [73] [74]
Underfull \hbox (badness 10000) in paragraph at lines 861--862

 []


Underfull \hbox (badness 10000) in paragraph at lines 863--864

 []


Underfull \hbox (badness 10000) in paragraph at lines 865--866

 []

File: ../images/pengtemplate_tumigo_yes.png Graphic file (type bmp)
<../images/pengtemplate_tumigo_yes.png>
File: ../images/peng_template_withdiagram.png Graphic file (type bmp)
<../images/peng_template_withdiagram.png>
[75]
Underfull \hbox (badness 10000) in paragraph at lines 876--877

 []


Underfull \hbox (badness 10000) in paragraph at lines 878--879

 []


Underfull \hbox (badness 10000) in paragraph at lines 880--881

 []

[76]
Underfull \hbox (badness 10000) in paragraph at lines 887--888

 []


Underfull \hbox (badness 10000) in paragraph at lines 889--890

 []


Underfull \hbox (badness 10000) in paragraph at lines 891--892

 []

File: ../images/final_dataset.png Graphic file (type bmp)
<../images/final_dataset.png>

Overfull \hbox (4.24382pt too wide) in paragraph at lines 894--895
[][] 
 []

[77]
Underfull \hbox (badness 10000) in paragraph at lines 899--900

 []


Underfull \hbox (badness 10000) in paragraph at lines 901--902

 []


Underfull \hbox (badness 10000) in paragraph at lines 903--904

 []

File: ../images/peng119_lamba.png Graphic file (type bmp)
<../images/peng119_lamba.png>
[78]
Underfull \hbox (badness 10000) in paragraph at lines 913--914

 []


Underfull \hbox (badness 10000) in paragraph at lines 915--916

 []


Underfull \hbox (badness 10000) in paragraph at lines 917--918

 []

File: ../images/spectrogram_we.png Graphic file (type bmp)
<../images/spectrogram_we.png>
[79]
Underfull \hbox (badness 10000) in paragraph at lines 925--926

 []


Underfull \hbox (badness 10000) in paragraph at lines 927--928

 []


Underfull \hbox (badness 10000) in paragraph at lines 929--930

 []

File: ../images/mendetone_c.png Graphic file (type bmp)
<../images/mendetone_c.png>
[80] [81] [82]
Underfull \hbox (badness 10000) in paragraph at lines 955--956

 []


Underfull \hbox (badness 10000) in paragraph at lines 957--958

 []


Underfull \hbox (badness 10000) in paragraph at lines 959--960

 []

File: ../images/sinusoid.png Graphic file (type bmp)
<../images/sinusoid.png>
[83]
Underfull \hbox (badness 10000) in paragraph at lines 969--970

 []


Underfull \hbox (badness 10000) in paragraph at lines 971--972

 []


Underfull \hbox (badness 10000) in paragraph at lines 973--974

 []

[84]
Underfull \hbox (badness 10000) in paragraph at lines 982--983

 []


Underfull \hbox (badness 10000) in paragraph at lines 984--985

 []


Underfull \hbox (badness 10000) in paragraph at lines 986--987

 []

File: ../images/final_dataset.png Graphic file (type bmp)
<../images/final_dataset.png>

Overfull \hbox (4.24382pt too wide) in paragraph at lines 989--990
[][] 
 []

[85]
Underfull \hbox (badness 10000) in paragraph at lines 994--995

 []


Underfull \hbox (badness 10000) in paragraph at lines 996--997

 []


Underfull \hbox (badness 10000) in paragraph at lines 998--999

 []

File: ../images/english_past.png Graphic file (type bmp)
<../images/english_past.png>
[86]
Underfull \hbox (badness 10000) in paragraph at lines 1006--1007

 []


Underfull \hbox (badness 10000) in paragraph at lines 1008--1009

 []


Underfull \hbox (badness 10000) in paragraph at lines 1010--1011

 []

File: ../images/kukuya.png Graphic file (type bmp)
<../images/kukuya.png>
[87]
Underfull \hbox (badness 10000) in paragraph at lines 1018--1019

 []


Underfull \hbox (badness 10000) in paragraph at lines 1020--1021

 []


Underfull \hbox (badness 10000) in paragraph at lines 1022--1023

 []

File: ../images/fula.png Graphic file (type bmp)
<../images/fula.png>

Overfull \hbox (7.24382pt too wide) in paragraph at lines 1025--1026
[][] 
 []

[88] [89] (LING200final-Tuesday,_23_June_2020.aux)

LaTeX Font Warning: Some font shapes were not available, defaults substituted.

 ) 
Here is how much of TeX's memory you used:
 6760 strings out of 414044
 157926 string characters out of 2891679
 463248 words of memory out of 3000000
 24352 multiletter control sequences out of 15000+200000
 535475 words of font info for 45 fonts, out of 3000000 for 9000
 1348 hyphenation exceptions out of 8191
 44i,5n,82p,858b,239s stack positions out of 5000i,500n,10000p,200000b,50000s

Output written on LING200final-Tuesday,_23_June_2020.pdf (89 pages).
