This is XeTeX, Version 3.14159265-2.6-0.999992 (MiKTeX 2.9.7440 64-bit) (preloaded format=xelatex 2020.6.1)  21 SEP 2020 07:59
entering extended mode
**./LING200final-Wednesday,_24_June_2020.tex
(LING200final-Wednesday,_24_June_2020.tex
LaTeX2e <2020-02-02> patch level 5
L3 programming layer <2020-05-15>
("C:\Users\Kaili-Pants\AppData\Local\Programs\MiKTeX 2.9\tex/latex/base\article
.cls"
Document Class: article 2019/12/20 v1.4l Standard LaTeX document class

("C:\Users\Kaili-Pants\AppData\Local\Programs\MiKTeX 2.9\tex/latex/base\size12.
clo"
File: size12.clo 2019/12/20 v1.4l Standard LaTeX file (size option)
)
\c@part=\count163
\c@section=\count164
\c@subsection=\count165
\c@subsubsection=\count166
\c@paragraph=\count167
\c@subparagraph=\count168
\c@figure=\count169
\c@table=\count170
\abovecaptionskip=\skip47
\belowcaptionskip=\skip48
\bibindent=\dimen134
)
("C:\Users\Kaili-Pants\AppData\Local\Programs\MiKTeX 2.9\tex/latex/parskip\pars
kip.sty"
Package: parskip 2020-05-19 v2.0e non-zero parskip adjustments

("C:\Users\Kaili-Pants\AppData\Local\Programs\MiKTeX 2.9\tex/latex/kvoptions\kv
options.sty"
Package: kvoptions 2019/11/29 v3.13 Key value format for package options (HO)

("C:\Users\Kaili-Pants\AppData\Local\Programs\MiKTeX 2.9\tex/latex/graphics\key
val.sty"
Package: keyval 2014/10/28 v1.15 key=value parser (DPC)
\KV@toks@=\toks15
)
("C:\Users\Kaili-Pants\AppData\Local\Programs\MiKTeX 2.9\tex/generic/ltxcmds\lt
xcmds.sty"
Package: ltxcmds 2019/12/15 v1.24 LaTeX kernel commands for general use (HO)
)
("C:\Users\Kaili-Pants\AppData\Local\Programs\MiKTeX 2.9\tex/generic/kvsetkeys\
kvsetkeys.sty"
Package: kvsetkeys 2019/12/15 v1.18 Key value parser (HO)
))
("C:\Users\Kaili-Pants\AppData\Local\Programs\MiKTeX 2.9\tex/latex/etoolbox\eto
olbox.sty"
Package: etoolbox 2019/09/21 v2.5h e-TeX tools for LaTeX (JAW)
\etb@tempcnta=\count171
))
("C:\Users\Kaili-Pants\AppData\Local\Programs\MiKTeX 2.9\tex/latex/geometry\geo
metry.sty"
Package: geometry 2020/01/02 v5.9 Page Geometry

("C:\Users\Kaili-Pants\AppData\Local\Programs\MiKTeX 2.9\tex/generic/iftex\ifvt
ex.sty"
Package: ifvtex 2019/10/25 v1.7 ifvtex legacy package. Use iftex instead.

("C:\Users\Kaili-Pants\AppData\Local\Programs\MiKTeX 2.9\tex/generic/iftex\ifte
x.sty"
Package: iftex 2020/03/06 v1.0d TeX engine tests
))
\Gm@cnth=\count172
\Gm@cntv=\count173
\c@Gm@tempcnt=\count174
\Gm@bindingoffset=\dimen135
\Gm@wd@mp=\dimen136
\Gm@odd@mp=\dimen137
\Gm@even@mp=\dimen138
\Gm@layoutwidth=\dimen139
\Gm@layoutheight=\dimen140
\Gm@layouthoffset=\dimen141
\Gm@layoutvoffset=\dimen142
\Gm@dimlist=\toks16

("C:\Users\Kaili-Pants\AppData\Local\Programs\MiKTeX 2.9\tex/xelatex/xetexconfi
g\geometry.cfg"))
("C:\Users\Kaili-Pants\AppData\Local\Programs\MiKTeX 2.9\tex/latex/preprint\ful
lpage.sty"
Package: fullpage 1999/02/23 1.1 (PWD)
\FP@margin=\skip49
)
("C:\Users\Kaili-Pants\AppData\Local\Programs\MiKTeX 2.9\tex/latex/moresize\mor
esize.sty"
Package: moresize 1999/07/26 v1.9 (more font sizes)
)
("C:\Users\Kaili-Pants\AppData\Local\Programs\MiKTeX 2.9\tex/latex/graphics\gra
phicx.sty"
Package: graphicx 2019/11/30 v1.2a Enhanced LaTeX Graphics (DPC,SPQR)

("C:\Users\Kaili-Pants\AppData\Local\Programs\MiKTeX 2.9\tex/latex/graphics\gra
phics.sty"
Package: graphics 2019/11/30 v1.4a Standard LaTeX Graphics (DPC,SPQR)

("C:\Users\Kaili-Pants\AppData\Local\Programs\MiKTeX 2.9\tex/latex/graphics\tri
g.sty"
Package: trig 2016/01/03 v1.10 sin cos tan (DPC)
)
("C:\Users\Kaili-Pants\AppData\Local\Programs\MiKTeX 2.9\tex/latex/graphics-cfg
\graphics.cfg"
File: graphics.cfg 2016/06/04 v1.11 sample graphics configuration
)
Package graphics Info: Driver file: xetex.def on input line 105.

("C:\Users\Kaili-Pants\AppData\Local\Programs\MiKTeX 2.9\tex/latex/graphics-def
\xetex.def"
File: xetex.def 2017/06/24 v5.0h Graphics/color driver for xetex
))
\Gin@req@height=\dimen143
\Gin@req@width=\dimen144
)
("C:\Users\Kaili-Pants\AppData\Local\Programs\MiKTeX 2.9\tex/latex/caption\capt
ion.sty"
Package: caption 2020/05/10 v3.4j Customizing captions (AR)

("C:\Users\Kaili-Pants\AppData\Local\Programs\MiKTeX 2.9\tex/latex/caption\capt
ion3.sty"
Package: caption3 2020/05/10 v1.11 caption3 kernel (AR)
Package caption3 Info: TeX engine: e-TeX on input line 61.
\captionmargin=\dimen145
\captionmargin@=\dimen146
\captionwidth=\dimen147
\caption@tempdima=\dimen148
\caption@indent=\dimen149
\caption@parindent=\dimen150
\caption@hangindent=\dimen151
Package caption Info: Standard document class detected.
)
\c@caption@flags=\count175
\c@continuedfloat=\count176
)
("C:\Users\Kaili-Pants\AppData\Local\Programs\MiKTeX 2.9\tex/latex/caption\subc
aption.sty"
Package: subcaption 2020/01/22 v1.3d Sub-captions (AR)
\c@subfigure=\count177
\c@subtable=\count178
)
("C:\Users\Kaili-Pants\AppData\Local\Programs\MiKTeX 2.9\tex/latex/float\float.
sty"
Package: float 2001/11/08 v1.3d Float enhancements (AL)
\c@float@type=\count179
\float@exts=\toks17
\float@box=\box45
\@float@everytoks=\toks18
\@floatcapt=\box46
)
("C:\Users\Kaili-Pants\AppData\Local\Programs\MiKTeX 2.9\tex/latex/xcolor\xcolo
r.sty"
Package: xcolor 2016/05/11 v2.12 LaTeX color extensions (UK)

("C:\Users\Kaili-Pants\AppData\Local\Programs\MiKTeX 2.9\tex/latex/graphics-cfg
\color.cfg"
File: color.cfg 2016/01/02 v1.6 sample color configuration
)
Package xcolor Info: Driver file: xetex.def on input line 225.
Package xcolor Info: Model `cmy' substituted by `cmy0' on input line 1348.
Package xcolor Info: Model `RGB' extended on input line 1364.
Package xcolor Info: Model `HTML' substituted by `rgb' on input line 1366.
Package xcolor Info: Model `Hsb' substituted by `hsb' on input line 1367.
Package xcolor Info: Model `tHsb' substituted by `hsb' on input line 1368.
Package xcolor Info: Model `HSB' substituted by `hsb' on input line 1369.
Package xcolor Info: Model `Gray' substituted by `gray' on input line 1370.
Package xcolor Info: Model `wave' substituted by `hsb' on input line 1371.
)
("C:\Users\Kaili-Pants\AppData\Local\Programs\MiKTeX 2.9\tex/latex/soul\soul.st
y"
Package: soul 2003/11/17 v2.4 letterspacing/underlining (mf)
\SOUL@word=\toks19
\SOUL@lasttoken=\toks20
\SOUL@cmds=\toks21
\SOUL@buffer=\toks22
\SOUL@token=\toks23
\SOUL@spaceskip=\skip50
\SOUL@ttwidth=\dimen152
\SOUL@uldp=\dimen153
\SOUL@ulht=\dimen154
)
("C:\Users\Kaili-Pants\AppData\Local\Programs\MiKTeX 2.9\tex/latex/fontspec\fon
tspec.sty"
("C:\Users\Kaili-Pants\AppData\Local\Programs\MiKTeX 2.9\tex/latex/l3packages/x
parse\xparse.sty"
("C:\Users\Kaili-Pants\AppData\Local\Programs\MiKTeX 2.9\tex/latex/l3kernel\exp
l3.sty"
Package: expl3 2020-05-15 L3 programming layer (loader) 

("C:\Users\Kaili-Pants\AppData\Local\Programs\MiKTeX 2.9\tex/latex/l3backend\l3
backend-xdvipdfmx.def"
File: l3backend-xdvipdfmx.def 2020-05-05 L3 backend support: xdvipdfmx
\g__graphics_track_int=\count180
\l__pdf_internal_box=\box47
\g__pdf_backend_object_int=\count181
\g__pdf_backend_annotation_int=\count182
))
Package: xparse 2020-05-15 L3 Experimental document command parser

("C:\Users\Kaili-Pants\AppData\Local\Programs\MiKTeX 2.9\tex/latex/l3packages/x
parse\xparse-generic.tex"
\l__xparse_current_arg_int=\count183
\g__xparse_grabber_int=\count184
\l__xparse_m_args_int=\count185
\l__xparse_v_nesting_int=\count186
))
Package: fontspec 2020/02/21 v2.7i Font selection for XeLaTeX and LuaLaTeX

("C:\Users\Kaili-Pants\AppData\Local\Programs\MiKTeX 2.9\tex/latex/fontspec\fon
tspec-xetex.sty"
Package: fontspec-xetex 2020/02/21 v2.7i Font selection for XeLaTeX and LuaLaTe
X
\l__fontspec_script_int=\count187
\l__fontspec_language_int=\count188
\l__fontspec_strnum_int=\count189
\l__fontspec_tmp_int=\count190
\l__fontspec_tmpa_int=\count191
\l__fontspec_tmpb_int=\count192
\l__fontspec_tmpc_int=\count193
\l__fontspec_em_int=\count194
\l__fontspec_emdef_int=\count195
\l__fontspec_strong_int=\count196
\l__fontspec_strongdef_int=\count197
\l__fontspec_tmpa_dim=\dimen155
\l__fontspec_tmpb_dim=\dimen156
\l__fontspec_tmpc_dim=\dimen157

("C:\Users\Kaili-Pants\AppData\Local\Programs\MiKTeX 2.9\tex/latex/base\fontenc
.sty"
Package: fontenc 2020/02/11 v2.0o Standard LaTeX package
)
("C:\Users\Kaili-Pants\AppData\Local\Programs\MiKTeX 2.9\tex/latex/fontspec\fon
tspec.cfg")))

Package fontspec Info: Could not resolve font "Doulos SIL/BI" (it probably
(fontspec)             doesn't exist).


Package fontspec Info: Could not resolve font "Doulos SIL/B" (it probably
(fontspec)             doesn't exist).


Package fontspec Info: Could not resolve font "Doulos SIL/I" (it probably
(fontspec)             doesn't exist).


Package fontspec Info: Font family 'DoulosSIL(0)' created for font 'Doulos
(fontspec)             SIL' with options [Ligatures=TeX].
(fontspec)              
(fontspec)              This font family consists of the following NFSS
(fontspec)             series/shapes:
(fontspec)              
(fontspec)             - 'normal' (m/n) with NFSS spec.: <->"Doulos
(fontspec)             SIL/OT:script=latn;language=dflt;mapping=tex-text;"
(fontspec)             - 'small caps'  (m/sc) with NFSS spec.: <->"Doulos
(fontspec)             SIL/OT:script=latn;language=dflt;+smcp;mapping=tex-text;
"

 (LING200final-Wednesday,_24_June_2020.aux)
\openout1 = `LING200final-Wednesday,_24_June_2020.aux'.

LaTeX Font Info:    Checking defaults for OML/cmm/m/it on input line 18.
LaTeX Font Info:    ... okay on input line 18.
LaTeX Font Info:    Checking defaults for OMS/cmsy/m/n on input line 18.
LaTeX Font Info:    ... okay on input line 18.
LaTeX Font Info:    Checking defaults for OT1/cmr/m/n on input line 18.
LaTeX Font Info:    ... okay on input line 18.
LaTeX Font Info:    Checking defaults for T1/cmr/m/n on input line 18.
LaTeX Font Info:    ... okay on input line 18.
LaTeX Font Info:    Checking defaults for TS1/cmr/m/n on input line 18.
LaTeX Font Info:    Trying to load font information for TS1+cmr on input line 1
8.

("C:\Users\Kaili-Pants\AppData\Local\Programs\MiKTeX 2.9\tex/latex/base\ts1cmr.
fd"
File: ts1cmr.fd 2019/12/16 v2.5j Standard LaTeX font definitions
)
LaTeX Font Info:    ... okay on input line 18.
LaTeX Font Info:    Checking defaults for TU/lmr/m/n on input line 18.
LaTeX Font Info:    ... okay on input line 18.
LaTeX Font Info:    Checking defaults for OMX/cmex/m/n on input line 18.
LaTeX Font Info:    ... okay on input line 18.
LaTeX Font Info:    Checking defaults for U/cmr/m/n on input line 18.
LaTeX Font Info:    ... okay on input line 18.

*geometry* detected driver: pdftex
*geometry* verbose mode - [ preamble ] result:
* driver: pdftex
* paper: <default>
* layout: <same size as paper>
* layoutoffset:(h,v)=(0.0pt,0.0pt)
* modes: 
* h-part:(L,W,R)=(36.135pt, 542.02501pt, 36.135pt)
* v-part:(T,H,B)=(36.135pt, 722.7pt, 36.135pt)
* \paperwidth=614.295pt
* \paperheight=794.96999pt
* \textwidth=469.75502pt
* \textheight=620.43001pt
* \oddsidemargin=0.0pt
* \evensidemargin=0.0pt
* \topmargin=0.0pt
* \headheight=0.0pt
* \headsep=0.0pt
* \topskip=12.0pt
* \footskip=30.0pt
* \marginparwidth=44.0pt
* \marginparsep=10.0pt
* \columnsep=10.0pt
* \skip\footins=10.8pt plus 4.0pt minus 2.0pt
* \hoffset=0.0pt
* \voffset=0.0pt
* \mag=1000
* \@twocolumnfalse
* \@twosidefalse
* \@mparswitchfalse
* \@reversemarginfalse
* (1in=72.27pt=25.4mm, 1cm=28.453pt)

Package caption Info: Begin \AtBeginDocument code.
Package caption Info: float package is loaded.
Package caption Info: End \AtBeginDocument code.

Package fontspec Info: Adjusting the maths setup (use [no-math] to avoid
(fontspec)             this).

\symlegacymaths=\mathgroup4
LaTeX Font Info:    Overwriting symbol font `legacymaths' in version `bold'
(Font)                  OT1/cmr/m/n --> OT1/cmr/bx/n on input line 18.
LaTeX Font Info:    Redeclaring math accent \acute on input line 18.
LaTeX Font Info:    Redeclaring math accent \grave on input line 18.
LaTeX Font Info:    Redeclaring math accent \ddot on input line 18.
LaTeX Font Info:    Redeclaring math accent \tilde on input line 18.
LaTeX Font Info:    Redeclaring math accent \bar on input line 18.
LaTeX Font Info:    Redeclaring math accent \breve on input line 18.
LaTeX Font Info:    Redeclaring math accent \check on input line 18.
LaTeX Font Info:    Redeclaring math accent \hat on input line 18.
LaTeX Font Info:    Redeclaring math accent \dot on input line 18.
LaTeX Font Info:    Redeclaring math accent \mathring on input line 18.
LaTeX Font Info:    Redeclaring math symbol \colon on input line 18.
LaTeX Font Info:    Redeclaring math symbol \Gamma on input line 18.
LaTeX Font Info:    Redeclaring math symbol \Delta on input line 18.
LaTeX Font Info:    Redeclaring math symbol \Theta on input line 18.
LaTeX Font Info:    Redeclaring math symbol \Lambda on input line 18.
LaTeX Font Info:    Redeclaring math symbol \Xi on input line 18.
LaTeX Font Info:    Redeclaring math symbol \Pi on input line 18.
LaTeX Font Info:    Redeclaring math symbol \Sigma on input line 18.
LaTeX Font Info:    Redeclaring math symbol \Upsilon on input line 18.
LaTeX Font Info:    Redeclaring math symbol \Phi on input line 18.
LaTeX Font Info:    Redeclaring math symbol \Psi on input line 18.
LaTeX Font Info:    Redeclaring math symbol \Omega on input line 18.
LaTeX Font Info:    Redeclaring math symbol \mathdollar on input line 18.
LaTeX Font Info:    Redeclaring symbol font `operators' on input line 18.
LaTeX Font Info:    Encoding `OT1' has changed to `TU' for symbol font
(Font)              `operators' in the math version `normal' on input line 18.
LaTeX Font Info:    Overwriting symbol font `operators' in version `normal'
(Font)                  OT1/cmr/m/n --> TU/DoulosSIL(0)/m/n on input line 18.
LaTeX Font Info:    Encoding `OT1' has changed to `TU' for symbol font
(Font)              `operators' in the math version `bold' on input line 18.
LaTeX Font Info:    Overwriting symbol font `operators' in version `bold'
(Font)                  OT1/cmr/bx/n --> TU/DoulosSIL(0)/m/n on input line 18.
LaTeX Font Info:    Overwriting symbol font `operators' in version `normal'
(Font)                  TU/DoulosSIL(0)/m/n --> TU/DoulosSIL(0)/m/n on input li
ne 18.
LaTeX Font Info:    Overwriting math alphabet `\mathit' in version `normal'
(Font)                  OT1/cmr/m/it --> TU/DoulosSIL(0)/m/it on input line 18.

LaTeX Font Info:    Overwriting math alphabet `\mathbf' in version `normal'
(Font)                  OT1/cmr/bx/n --> TU/DoulosSIL(0)/b/n on input line 18.
LaTeX Font Info:    Overwriting math alphabet `\mathsf' in version `normal'
(Font)                  OT1/cmss/m/n --> TU/lmss/m/n on input line 18.
LaTeX Font Info:    Overwriting math alphabet `\mathtt' in version `normal'
(Font)                  OT1/cmtt/m/n --> TU/lmtt/m/n on input line 18.
LaTeX Font Info:    Overwriting symbol font `operators' in version `bold'
(Font)                  TU/DoulosSIL(0)/m/n --> TU/DoulosSIL(0)/b/n on input li
ne 18.
LaTeX Font Info:    Overwriting math alphabet `\mathit' in version `bold'
(Font)                  OT1/cmr/bx/it --> TU/DoulosSIL(0)/b/it on input line 18
.
LaTeX Font Info:    Overwriting math alphabet `\mathsf' in version `bold'
(Font)                  OT1/cmss/bx/n --> TU/lmss/b/n on input line 18.
LaTeX Font Info:    Overwriting math alphabet `\mathtt' in version `bold'
(Font)                  OT1/cmtt/m/n --> TU/lmtt/b/n on input line 18.

LaTeX Font Warning: Font shape `TU/DoulosSIL(0)/b/n' undefined
(Font)              using `TU/DoulosSIL(0)/m/n' instead on input line 21.

[1

] [2]
Underfull \hbox (badness 10000) in paragraph at lines 38--39

 []


Underfull \hbox (badness 10000) in paragraph at lines 40--41

 []


Underfull \hbox (badness 10000) in paragraph at lines 42--43

 []

File: ../images/yawelmani.png Graphic file (type bmp)
<../images/yawelmani.png>
[3]
Underfull \hbox (badness 10000) in paragraph at lines 50--51

 []


Underfull \hbox (badness 10000) in paragraph at lines 52--53

 []


Underfull \hbox (badness 10000) in paragraph at lines 54--55

 []

File: ../images/final_dataset.png Graphic file (type bmp)
<../images/final_dataset.png>

Overfull \hbox (4.24382pt too wide) in paragraph at lines 59--60
[][] 
 []

[4]
Underfull \hbox (badness 10000) in paragraph at lines 64--65

 []


Underfull \hbox (badness 10000) in paragraph at lines 66--67

 []


Underfull \hbox (badness 10000) in paragraph at lines 68--69

 []

File: ../images/spectrogram_aaah.png Graphic file (type bmp)
<../images/spectrogram_aaah.png>
[5]
Underfull \hbox (badness 10000) in paragraph at lines 76--77

 []


Underfull \hbox (badness 10000) in paragraph at lines 78--79

 []


Underfull \hbox (badness 10000) in paragraph at lines 80--81

 []

[6]
Underfull \hbox (badness 10000) in paragraph at lines 87--88

 []


Underfull \hbox (badness 10000) in paragraph at lines 89--90

 []


Underfull \hbox (badness 10000) in paragraph at lines 91--92

 []

File: ../images/mendetone_a.png Graphic file (type bmp)
<../images/mendetone_a.png>
[7]
Underfull \hbox (badness 10000) in paragraph at lines 101--102

 []


Underfull \hbox (badness 10000) in paragraph at lines 103--104

 []


Underfull \hbox (badness 10000) in paragraph at lines 105--106

 []

File: ../images/english_past.png Graphic file (type bmp)
<../images/english_past.png>
[8] [9] [10]
Underfull \hbox (badness 10000) in paragraph at lines 129--130

 []


Underfull \hbox (badness 10000) in paragraph at lines 131--132

 []


Underfull \hbox (badness 10000) in paragraph at lines 133--134

 []

File: ../images/yawelmani.png Graphic file (type bmp)
<../images/yawelmani.png>
[11]
Underfull \hbox (badness 10000) in paragraph at lines 141--142

 []


Underfull \hbox (badness 10000) in paragraph at lines 143--144

 []


Underfull \hbox (badness 10000) in paragraph at lines 145--146

 []

[12]
Underfull \hbox (badness 10000) in paragraph at lines 154--155

 []


Underfull \hbox (badness 10000) in paragraph at lines 156--157

 []


Underfull \hbox (badness 10000) in paragraph at lines 158--159

 []

File: ../images/final_dataset.png Graphic file (type bmp)
<../images/final_dataset.png>

Overfull \hbox (4.24382pt too wide) in paragraph at lines 163--164
[][] 
 []

[13]
Underfull \hbox (badness 10000) in paragraph at lines 168--169

 []


Underfull \hbox (badness 10000) in paragraph at lines 170--171

 []


Underfull \hbox (badness 10000) in paragraph at lines 172--173

 []

[14]
Underfull \hbox (badness 10000) in paragraph at lines 179--180

 []


Underfull \hbox (badness 10000) in paragraph at lines 181--182

 []


Underfull \hbox (badness 10000) in paragraph at lines 183--184

 []

File: ../images/mende_house_b.png Graphic file (type bmp)
<../images/mende_house_b.png>
[15]
Underfull \hbox (badness 10000) in paragraph at lines 191--192

 []


Underfull \hbox (badness 10000) in paragraph at lines 193--194

 []


Underfull \hbox (badness 10000) in paragraph at lines 195--196

 []

File: ../images/quebecfrench.png Graphic file (type bmp)
<../images/quebecfrench.png>
[16] [17] [18]
Underfull \hbox (badness 10000) in paragraph at lines 219--220

 []


Underfull \hbox (badness 10000) in paragraph at lines 221--222

 []


Underfull \hbox (badness 10000) in paragraph at lines 223--224

 []

File: ../images/sinusoid.png Graphic file (type bmp)
<../images/sinusoid.png>
[19]
Underfull \hbox (badness 10000) in paragraph at lines 233--234

 []


Underfull \hbox (badness 10000) in paragraph at lines 235--236

 []


Underfull \hbox (badness 10000) in paragraph at lines 237--238

 []

File: ../images/final_dataset.png Graphic file (type bmp)
<../images/final_dataset.png>

Overfull \hbox (4.24382pt too wide) in paragraph at lines 242--243
[][] 
 []

[20]
Underfull \hbox (badness 10000) in paragraph at lines 247--248

 []


Underfull \hbox (badness 10000) in paragraph at lines 249--250

 []


Underfull \hbox (badness 10000) in paragraph at lines 251--252

 []

File: ../images/tibetan.png Graphic file (type bmp)
<../images/tibetan.png>

Overfull \hbox (2.24384pt too wide) in paragraph at lines 254--255
[][] 
 []

[21]
Underfull \hbox (badness 10000) in paragraph at lines 259--260

 []


Underfull \hbox (badness 10000) in paragraph at lines 261--262

 []


Underfull \hbox (badness 10000) in paragraph at lines 263--264

 []

File: ../images/mendetone_d.png Graphic file (type bmp)
<../images/mendetone_d.png>
[22]
Underfull \hbox (badness 10000) in paragraph at lines 273--274

 []


Underfull \hbox (badness 10000) in paragraph at lines 275--276

 []


Underfull \hbox (badness 10000) in paragraph at lines 277--278

 []

[23]
Underfull \hbox (badness 10000) in paragraph at lines 286--287

 []


Underfull \hbox (badness 10000) in paragraph at lines 288--289

 []


Underfull \hbox (badness 10000) in paragraph at lines 290--291

 []

File: ../images/english_t_flap.png Graphic file (type bmp)
<../images/english_t_flap.png>

Overfull \hbox (5.24382pt too wide) in paragraph at lines 293--294
[][] 
 []

[24] [25] [26]
Underfull \hbox (badness 10000) in paragraph at lines 314--315

 []


Underfull \hbox (badness 10000) in paragraph at lines 316--317

 []


Underfull \hbox (badness 10000) in paragraph at lines 318--319

 []

File: ../images/mende_junction_a.png Graphic file (type bmp)
<../images/mende_junction_a.png>
[27]
Underfull \hbox (badness 10000) in paragraph at lines 326--327

 []


Underfull \hbox (badness 10000) in paragraph at lines 328--329

 []


Underfull \hbox (badness 10000) in paragraph at lines 330--331

 []

File: ../images/asl_milk.png Graphic file (type bmp)
<../images/asl_milk.png>
File: ../images/asl_understand.png Graphic file (type bmp)
<../images/asl_understand.png>
[28]
Underfull \hbox (badness 10000) in paragraph at lines 343--344

 []


Underfull \hbox (badness 10000) in paragraph at lines 345--346

 []


Underfull \hbox (badness 10000) in paragraph at lines 347--348

 []

File: ../images/final_dataset.png Graphic file (type bmp)
<../images/final_dataset.png>

Overfull \hbox (4.24382pt too wide) in paragraph at lines 350--351
[][] 
 []

[29]
Underfull \hbox (badness 10000) in paragraph at lines 355--356

 []


Underfull \hbox (badness 10000) in paragraph at lines 357--358

 []


Underfull \hbox (badness 10000) in paragraph at lines 359--360

 []

[30]
Underfull \hbox (badness 10000) in paragraph at lines 364--365

 []


Underfull \hbox (badness 10000) in paragraph at lines 366--367

 []


Underfull \hbox (badness 10000) in paragraph at lines 368--369

 []

[31]
Underfull \hbox (badness 10000) in paragraph at lines 377--378

 []


Underfull \hbox (badness 10000) in paragraph at lines 379--380

 []


Underfull \hbox (badness 10000) in paragraph at lines 381--382

 []

File: ../images/japanese_verbs.png Graphic file (type bmp)
<../images/japanese_verbs.png>
[32] [33] [34]
Underfull \hbox (badness 10000) in paragraph at lines 405--406

 []


Underfull \hbox (badness 10000) in paragraph at lines 407--408

 []


Underfull \hbox (badness 10000) in paragraph at lines 409--410

 []

File: ../images/osage.png Graphic file (type bmp)
<../images/osage.png>
[35]
Underfull \hbox (badness 10000) in paragraph at lines 417--418

 []


Underfull \hbox (badness 10000) in paragraph at lines 419--420

 []


Underfull \hbox (badness 10000) in paragraph at lines 421--422

 []

[36]
Underfull \hbox (badness 10000) in paragraph at lines 430--431

 []


Underfull \hbox (badness 10000) in paragraph at lines 432--433

 []


Underfull \hbox (badness 10000) in paragraph at lines 434--435

 []

File: ../images/final_dataset.png Graphic file (type bmp)
<../images/final_dataset.png>

Overfull \hbox (4.24382pt too wide) in paragraph at lines 439--440
[][] 
 []

[37]
Underfull \hbox (badness 10000) in paragraph at lines 444--445

 []


Underfull \hbox (badness 10000) in paragraph at lines 446--447

 []


Underfull \hbox (badness 10000) in paragraph at lines 448--449

 []

File: ../images/mendetone_c.png Graphic file (type bmp)
<../images/mendetone_c.png>
[38]
Underfull \hbox (badness 10000) in paragraph at lines 458--459

 []


Underfull \hbox (badness 10000) in paragraph at lines 460--461

 []


Underfull \hbox (badness 10000) in paragraph at lines 462--463

 []

File: ../images/ponapean_syllabletemplate.png Graphic file (type bmp)
<../images/ponapean_syllabletemplate.png>
[39]
Underfull \hbox (badness 10000) in paragraph at lines 472--473

 []


Underfull \hbox (badness 10000) in paragraph at lines 474--475

 []


Underfull \hbox (badness 10000) in paragraph at lines 476--477

 []

File: ../images/spectrogram_oh.png Graphic file (type bmp)
<../images/spectrogram_oh.png>
[40] [41] [42]
Underfull \hbox (badness 10000) in paragraph at lines 500--501

 []


Underfull \hbox (badness 10000) in paragraph at lines 502--503

 []


Underfull \hbox (badness 10000) in paragraph at lines 504--505

 []

File: ../images/ponapean_syllabletemplate.png Graphic file (type bmp)
<../images/ponapean_syllabletemplate.png>
[43]
Underfull \hbox (badness 10000) in paragraph at lines 514--515

 []


Underfull \hbox (badness 10000) in paragraph at lines 516--517

 []


Underfull \hbox (badness 10000) in paragraph at lines 518--519

 []

[44]
Underfull \hbox (badness 10000) in paragraph at lines 525--526

 []


Underfull \hbox (badness 10000) in paragraph at lines 527--528

 []


Underfull \hbox (badness 10000) in paragraph at lines 529--530

 []

File: ../images/final_dataset.png Graphic file (type bmp)
<../images/final_dataset.png>

Overfull \hbox (4.24382pt too wide) in paragraph at lines 534--535
[][] 
 []

[45]
Underfull \hbox (badness 10000) in paragraph at lines 539--540

 []


Underfull \hbox (badness 10000) in paragraph at lines 541--542

 []


Underfull \hbox (badness 10000) in paragraph at lines 543--544

 []

File: ../images/peng119_lamba.png Graphic file (type bmp)
<../images/peng119_lamba.png>
[46]
Underfull \hbox (badness 10000) in paragraph at lines 553--554

 []


Underfull \hbox (badness 10000) in paragraph at lines 555--556

 []


Underfull \hbox (badness 10000) in paragraph at lines 557--558

 []

File: ../images/spectrogram_I.png Graphic file (type bmp)
<../images/spectrogram_I.png>
[47]
Underfull \hbox (badness 10000) in paragraph at lines 565--566

 []


Underfull \hbox (badness 10000) in paragraph at lines 567--568

 []


Underfull \hbox (badness 10000) in paragraph at lines 569--570

 []

File: ../images/mendetone_d.png Graphic file (type bmp)
<../images/mendetone_d.png>
[48] [49] [50]
Underfull \hbox (badness 10000) in paragraph at lines 595--596

 []


Underfull \hbox (badness 10000) in paragraph at lines 597--598

 []


Underfull \hbox (badness 10000) in paragraph at lines 599--600

 []

File: ../images/mende_junction_b.png Graphic file (type bmp)
<../images/mende_junction_b.png>
[51]
Underfull \hbox (badness 10000) in paragraph at lines 607--608

 []


Underfull \hbox (badness 10000) in paragraph at lines 609--610

 []


Underfull \hbox (badness 10000) in paragraph at lines 611--612

 []

File: ../images/final_dataset.png Graphic file (type bmp)
<../images/final_dataset.png>

Overfull \hbox (4.24382pt too wide) in paragraph at lines 616--617
[][] 
 []

[52]
Underfull \hbox (badness 10000) in paragraph at lines 621--622

 []


Underfull \hbox (badness 10000) in paragraph at lines 623--624

 []


Underfull \hbox (badness 10000) in paragraph at lines 625--626

 []

File: ../images/pengrules_tumigo_no.png Graphic file (type bmp)
<../images/pengrules_tumigo_no.png>
File: ../images/peng_rules.png Graphic file (type bmp)
<../images/peng_rules.png>

Overfull \hbox (35.24374pt too wide) in paragraph at lines 631--632
[][] 
 []

[53]
Underfull \hbox (badness 10000) in paragraph at lines 636--637

 []


Underfull \hbox (badness 10000) in paragraph at lines 638--639

 []


Underfull \hbox (badness 10000) in paragraph at lines 640--641

 []

File: ../images/sinusoid.png Graphic file (type bmp)
<../images/sinusoid.png>
[54]
Underfull \hbox (badness 10000) in paragraph at lines 650--651

 []


Underfull \hbox (badness 10000) in paragraph at lines 652--653

 []


Underfull \hbox (badness 10000) in paragraph at lines 654--655

 []

File: ../images/osage.png Graphic file (type bmp)
<../images/osage.png>
[55]
Underfull \hbox (badness 10000) in paragraph at lines 664--665

 []


Underfull \hbox (badness 10000) in paragraph at lines 666--667

 []


Underfull \hbox (badness 10000) in paragraph at lines 668--669

 []

File: ../images/peng119_lamba.png Graphic file (type bmp)
<../images/peng119_lamba.png>
[56] [57] [58]
Underfull \hbox (badness 10000) in paragraph at lines 694--695

 []


Underfull \hbox (badness 10000) in paragraph at lines 696--697

 []


Underfull \hbox (badness 10000) in paragraph at lines 698--699

 []

File: ../images/korean.png Graphic file (type bmp)
<../images/korean.png>
[59]
Underfull \hbox (badness 10000) in paragraph at lines 706--707

 []


Underfull \hbox (badness 10000) in paragraph at lines 708--709

 []


Underfull \hbox (badness 10000) in paragraph at lines 710--711

 []

File: ../images/final_dataset.png Graphic file (type bmp)
<../images/final_dataset.png>

Overfull \hbox (4.24382pt too wide) in paragraph at lines 715--716
[][] 
 []

[60]
Underfull \hbox (badness 10000) in paragraph at lines 720--721

 []


Underfull \hbox (badness 10000) in paragraph at lines 722--723

 []


Underfull \hbox (badness 10000) in paragraph at lines 724--725

 []

[61]
Underfull \hbox (badness 10000) in paragraph at lines 733--734

 []


Underfull \hbox (badness 10000) in paragraph at lines 735--736

 []


Underfull \hbox (badness 10000) in paragraph at lines 737--738

 []

File: ../images/spectrogram_hippo.png Graphic file (type bmp)
<../images/spectrogram_hippo.png>
[62]
Underfull \hbox (badness 10000) in paragraph at lines 745--746

 []


Underfull \hbox (badness 10000) in paragraph at lines 747--748

 []


Underfull \hbox (badness 10000) in paragraph at lines 749--750

 []

File: ../images/mende_house_e.png Graphic file (type bmp)
<../images/mende_house_e.png>
[63]
Underfull \hbox (badness 10000) in paragraph at lines 757--758

 []


Underfull \hbox (badness 10000) in paragraph at lines 759--760

 []


Underfull \hbox (badness 10000) in paragraph at lines 761--762

 []

File: ../images/english_poetry.png Graphic file (type bmp)
<../images/english_poetry.png>
[64] [65] [66]
Underfull \hbox (badness 10000) in paragraph at lines 785--786

 []


Underfull \hbox (badness 10000) in paragraph at lines 787--788

 []


Underfull \hbox (badness 10000) in paragraph at lines 789--790

 []

File: ../images/mende_junction_c.png Graphic file (type bmp)
<../images/mende_junction_c.png>
[67]
Underfull \hbox (badness 10000) in paragraph at lines 797--798

 []


Underfull \hbox (badness 10000) in paragraph at lines 799--800

 []


Underfull \hbox (badness 10000) in paragraph at lines 801--802

 []

File: ../images/final_dataset.png Graphic file (type bmp)
<../images/final_dataset.png>

Overfull \hbox (4.24382pt too wide) in paragraph at lines 804--805
[][] 
 []

[68]
Underfull \hbox (badness 10000) in paragraph at lines 809--810

 []


Underfull \hbox (badness 10000) in paragraph at lines 811--812

 []


Underfull \hbox (badness 10000) in paragraph at lines 813--814

 []

File: ../images/spectrogram_I.png Graphic file (type bmp)
<../images/spectrogram_I.png>
[69]
Underfull \hbox (badness 10000) in paragraph at lines 821--822

 []


Underfull \hbox (badness 10000) in paragraph at lines 823--824

 []


Underfull \hbox (badness 10000) in paragraph at lines 825--826

 []

File: ../images/ponapean_syllabletemplate.png Graphic file (type bmp)
<../images/ponapean_syllabletemplate.png>
[70]
Underfull \hbox (badness 10000) in paragraph at lines 835--836

 []


Underfull \hbox (badness 10000) in paragraph at lines 837--838

 []


Underfull \hbox (badness 10000) in paragraph at lines 839--840

 []

File: ../images/peng119_lamba.png Graphic file (type bmp)
<../images/peng119_lamba.png>
[71]
Underfull \hbox (badness 10000) in paragraph at lines 849--850

 []


Underfull \hbox (badness 10000) in paragraph at lines 851--852

 []


Underfull \hbox (badness 10000) in paragraph at lines 853--854

 []

[72] [73] [74]
Underfull \hbox (badness 10000) in paragraph at lines 876--877

 []


Underfull \hbox (badness 10000) in paragraph at lines 878--879

 []


Underfull \hbox (badness 10000) in paragraph at lines 880--881

 []

File: ../images/yawelmani.png Graphic file (type bmp)
<../images/yawelmani.png>
[75]
Underfull \hbox (badness 10000) in paragraph at lines 888--889

 []


Underfull \hbox (badness 10000) in paragraph at lines 890--891

 []


Underfull \hbox (badness 10000) in paragraph at lines 892--893

 []

File: ../images/peng_rules.png Graphic file (type bmp)
<../images/peng_rules.png>

Overfull \hbox (35.24374pt too wide) in paragraph at lines 895--896
[][] 
 []

[76]
Underfull \hbox (badness 10000) in paragraph at lines 900--901

 []


Underfull \hbox (badness 10000) in paragraph at lines 902--903

 []


Underfull \hbox (badness 10000) in paragraph at lines 904--905

 []

File: ../images/final_dataset.png Graphic file (type bmp)
<../images/final_dataset.png>

Overfull \hbox (4.24382pt too wide) in paragraph at lines 909--910
[][] 
 []

[77]
Underfull \hbox (badness 10000) in paragraph at lines 914--915

 []


Underfull \hbox (badness 10000) in paragraph at lines 916--917

 []


Underfull \hbox (badness 10000) in paragraph at lines 918--919

 []

LaTeX Font Info:    External font `cmex10' loaded for size
(Font)              <12> on input line 920.
LaTeX Font Info:    External font `cmex10' loaded for size
(Font)              <8> on input line 920.
LaTeX Font Info:    External font `cmex10' loaded for size
(Font)              <6> on input line 920.

Underfull \hbox (badness 10000) in paragraph at lines 920--921

 []

[78]
Underfull \hbox (badness 10000) in paragraph at lines 925--926

 []


Underfull \hbox (badness 10000) in paragraph at lines 927--928

 []


Underfull \hbox (badness 10000) in paragraph at lines 929--930

 []

File: ../images/mende_house_a.png Graphic file (type bmp)
<../images/mende_house_a.png>
[79]
Underfull \hbox (badness 10000) in paragraph at lines 937--938

 []


Underfull \hbox (badness 10000) in paragraph at lines 939--940

 []


Underfull \hbox (badness 10000) in paragraph at lines 941--942

 []

File: ../images/english_t_flap.png Graphic file (type bmp)
<../images/english_t_flap.png>

Overfull \hbox (5.24382pt too wide) in paragraph at lines 946--947
[][] 
 []

[80] [81] [82]
Underfull \hbox (badness 10000) in paragraph at lines 967--968

 []


Underfull \hbox (badness 10000) in paragraph at lines 969--970

 []


Underfull \hbox (badness 10000) in paragraph at lines 971--972

 []

File: ../images/sinusoid.png Graphic file (type bmp)
<../images/sinusoid.png>
[83]
Underfull \hbox (badness 10000) in paragraph at lines 981--982

 []


Underfull \hbox (badness 10000) in paragraph at lines 983--984

 []


Underfull \hbox (badness 10000) in paragraph at lines 985--986

 []

File: ../images/final_dataset.png Graphic file (type bmp)
<../images/final_dataset.png>

Overfull \hbox (4.24382pt too wide) in paragraph at lines 988--989
[][] 
 []

[84]
Underfull \hbox (badness 10000) in paragraph at lines 993--994

 []


Underfull \hbox (badness 10000) in paragraph at lines 995--996

 []


Underfull \hbox (badness 10000) in paragraph at lines 997--998

 []

File: ../images/shona.png Graphic file (type bmp)
<../images/shona.png>
[85]
Underfull \hbox (badness 10000) in paragraph at lines 1005--1006

 []


Underfull \hbox (badness 10000) in paragraph at lines 1007--1008

 []


Underfull \hbox (badness 10000) in paragraph at lines 1009--1010

 []

File: ../images/pengtemplate_uvkeman_no.png Graphic file (type bmp)
<../images/pengtemplate_uvkeman_no.png>
File: ../images/peng_template_withdiagram.png Graphic file (type bmp)
<../images/peng_template_withdiagram.png>
[86]
Underfull \hbox (badness 10000) in paragraph at lines 1020--1021

 []


Underfull \hbox (badness 10000) in paragraph at lines 1022--1023

 []


Underfull \hbox (badness 10000) in paragraph at lines 1024--1025

 []

[87]
Underfull \hbox (badness 10000) in paragraph at lines 1031--1032

 []


Underfull \hbox (badness 10000) in paragraph at lines 1033--1034

 []


Underfull \hbox (badness 10000) in paragraph at lines 1035--1036

 []

File: ../images/peng119_lamba.png Graphic file (type bmp)
<../images/peng119_lamba.png>
[88] [89] [90]
Underfull \hbox (badness 10000) in paragraph at lines 1061--1062

 []


Underfull \hbox (badness 10000) in paragraph at lines 1063--1064

 []


Underfull \hbox (badness 10000) in paragraph at lines 1065--1066

 []

File: ../images/sinusoid.png Graphic file (type bmp)
<../images/sinusoid.png>
[91]
Underfull \hbox (badness 10000) in paragraph at lines 1075--1076

 []


Underfull \hbox (badness 10000) in paragraph at lines 1077--1078

 []


Underfull \hbox (badness 10000) in paragraph at lines 1079--1080

 []

File: ../images/final_dataset.png Graphic file (type bmp)
<../images/final_dataset.png>

Overfull \hbox (4.24382pt too wide) in paragraph at lines 1082--1083
[][] 
 []

[92]
Underfull \hbox (badness 10000) in paragraph at lines 1087--1088

 []


Underfull \hbox (badness 10000) in paragraph at lines 1089--1090

 []


Underfull \hbox (badness 10000) in paragraph at lines 1091--1092

 []

File: ../images/peng119_lamba.png Graphic file (type bmp)
<../images/peng119_lamba.png>
[93]
Underfull \hbox (badness 10000) in paragraph at lines 1101--1102

 []


Underfull \hbox (badness 10000) in paragraph at lines 1103--1104

 []


Underfull \hbox (badness 10000) in paragraph at lines 1105--1106

 []

File: ../images/pengrules_kaprosse_yes.png Graphic file (type bmp)
<../images/pengrules_kaprosse_yes.png>
File: ../images/peng_rules.png Graphic file (type bmp)
<../images/peng_rules.png>

Overfull \hbox (35.24374pt too wide) in paragraph at lines 1111--1112
[][] 
 []

[94]
Underfull \hbox (badness 10000) in paragraph at lines 1116--1117

 []


Underfull \hbox (badness 10000) in paragraph at lines 1118--1119

 []


Underfull \hbox (badness 10000) in paragraph at lines 1120--1121

 []

[95]
Underfull \hbox (badness 10000) in paragraph at lines 1129--1130

 []


Underfull \hbox (badness 10000) in paragraph at lines 1131--1132

 []


Underfull \hbox (badness 10000) in paragraph at lines 1133--1134

 []

File: ../images/shona.png Graphic file (type bmp)
<../images/shona.png>
[96] [97] [98]
Underfull \hbox (badness 10000) in paragraph at lines 1157--1158

 []


Underfull \hbox (badness 10000) in paragraph at lines 1159--1160

 []


Underfull \hbox (badness 10000) in paragraph at lines 1161--1162

 []

File: ../images/yawelmani.png Graphic file (type bmp)
<../images/yawelmani.png>
[99]
Underfull \hbox (badness 10000) in paragraph at lines 1169--1170

 []


Underfull \hbox (badness 10000) in paragraph at lines 1171--1172

 []


Underfull \hbox (badness 10000) in paragraph at lines 1173--1174

 []

File: ../images/final_dataset.png Graphic file (type bmp)
<../images/final_dataset.png>

Overfull \hbox (4.24382pt too wide) in paragraph at lines 1176--1177
[][] 
 []

[100]
Underfull \hbox (badness 10000) in paragraph at lines 1181--1182

 []


Underfull \hbox (badness 10000) in paragraph at lines 1183--1184

 []


Underfull \hbox (badness 10000) in paragraph at lines 1185--1186

 []

File: ../images/kukuya.png Graphic file (type bmp)
<../images/kukuya.png>
[101]
Underfull \hbox (badness 10000) in paragraph at lines 1193--1194

 []


Underfull \hbox (badness 10000) in paragraph at lines 1195--1196

 []


Underfull \hbox (badness 10000) in paragraph at lines 1197--1198

 []

[102]
Underfull \hbox (badness 10000) in paragraph at lines 1202--1203

 []


Underfull \hbox (badness 10000) in paragraph at lines 1204--1205

 []


Underfull \hbox (badness 10000) in paragraph at lines 1206--1207

 []

[103]
Underfull \hbox (badness 10000) in paragraph at lines 1213--1214

 []


Underfull \hbox (badness 10000) in paragraph at lines 1215--1216

 []


Underfull \hbox (badness 10000) in paragraph at lines 1217--1218

 []

File: ../images/spectrogram_suit.png Graphic file (type bmp)
<../images/spectrogram_suit.png>
[104] [105] [106]
Underfull \hbox (badness 10000) in paragraph at lines 1241--1242

 []


Underfull \hbox (badness 10000) in paragraph at lines 1243--1244

 []


Underfull \hbox (badness 10000) in paragraph at lines 1245--1246

 []

File: ../images/ponapean_syllabletemplate.png Graphic file (type bmp)
<../images/ponapean_syllabletemplate.png>
[107]
Underfull \hbox (badness 10000) in paragraph at lines 1255--1256

 []


Underfull \hbox (badness 10000) in paragraph at lines 1257--1258

 []


Underfull \hbox (badness 10000) in paragraph at lines 1259--1260

 []

File: ../images/final_dataset.png Graphic file (type bmp)
<../images/final_dataset.png>

Overfull \hbox (4.24382pt too wide) in paragraph at lines 1262--1263
[][] 
 []

[108]
Underfull \hbox (badness 10000) in paragraph at lines 1267--1268

 []


Underfull \hbox (badness 10000) in paragraph at lines 1269--1270

 []


Overfull \hbox (5.05357pt too wide) in paragraph at lines 1271--1272
[]\TU/DoulosSIL(0)/b/n/12 Explain why phonological features are used instead of
 phonetic characteristics in analyzing datasets. 
 []


Underfull \hbox (badness 10000) in paragraph at lines 1271--1272

 []

[109]
Underfull \hbox (badness 10000) in paragraph at lines 1276--1277

 []


Underfull \hbox (badness 10000) in paragraph at lines 1278--1279

 []


Underfull \hbox (badness 10000) in paragraph at lines 1280--1281

 []

File: ../images/mendetone_a.png Graphic file (type bmp)
<../images/mendetone_a.png>
[110]
Underfull \hbox (badness 10000) in paragraph at lines 1290--1291

 []


Underfull \hbox (badness 10000) in paragraph at lines 1292--1293

 []


Underfull \hbox (badness 10000) in paragraph at lines 1294--1295

 []

File: ../images/peng119_lamba.png Graphic file (type bmp)
<../images/peng119_lamba.png>
[111]
Underfull \hbox (badness 10000) in paragraph at lines 1304--1305

 []


Underfull \hbox (badness 10000) in paragraph at lines 1306--1307

 []


Underfull \hbox (badness 10000) in paragraph at lines 1308--1309

 []

File: ../images/sinusoid.png Graphic file (type bmp)
<../images/sinusoid.png>
[112] [113] [114]
Underfull \hbox (badness 10000) in paragraph at lines 1334--1335

 []


Underfull \hbox (badness 10000) in paragraph at lines 1336--1337

 []


Underfull \hbox (badness 10000) in paragraph at lines 1338--1339

 []

File: ../images/mende_house_b.png Graphic file (type bmp)
<../images/mende_house_b.png>
[115]
Underfull \hbox (badness 10000) in paragraph at lines 1346--1347

 []


Underfull \hbox (badness 10000) in paragraph at lines 1348--1349

 []


Underfull \hbox (badness 10000) in paragraph at lines 1350--1351

 []

File: ../images/final_dataset.png Graphic file (type bmp)
<../images/final_dataset.png>

Overfull \hbox (4.24382pt too wide) in paragraph at lines 1355--1356
[][] 
 []

[116]
Underfull \hbox (badness 10000) in paragraph at lines 1360--1361

 []


Underfull \hbox (badness 10000) in paragraph at lines 1362--1363

 []


Underfull \hbox (badness 10000) in paragraph at lines 1364--1365

 []

File: ../images/peng119_lamba.png Graphic file (type bmp)
<../images/peng119_lamba.png>
[117]
Underfull \hbox (badness 10000) in paragraph at lines 1374--1375

 []


Underfull \hbox (badness 10000) in paragraph at lines 1376--1377

 []


Underfull \hbox (badness 10000) in paragraph at lines 1378--1379

 []

File: ../images/pengtemplate_fletoldu_no.png Graphic file (type bmp)
<../images/pengtemplate_fletoldu_no.png>
File: ../images/peng_template_withdiagram.png Graphic file (type bmp)
<../images/peng_template_withdiagram.png>
[118]
Underfull \hbox (badness 10000) in paragraph at lines 1389--1390

 []


Underfull \hbox (badness 10000) in paragraph at lines 1391--1392

 []


Underfull \hbox (badness 10000) in paragraph at lines 1393--1394

 []

[119]
Underfull \hbox (badness 10000) in paragraph at lines 1402--1403

 []


Underfull \hbox (badness 10000) in paragraph at lines 1404--1405

 []


Underfull \hbox (badness 10000) in paragraph at lines 1406--1407

 []

File: ../images/spectrogram_oh.png Graphic file (type bmp)
<../images/spectrogram_oh.png>
[120] [121] [122]
Underfull \hbox (badness 10000) in paragraph at lines 1430--1431

 []


Underfull \hbox (badness 10000) in paragraph at lines 1432--1433

 []


Underfull \hbox (badness 10000) in paragraph at lines 1434--1435

 []

File: ../images/korean.png Graphic file (type bmp)
<../images/korean.png>
[123]
Underfull \hbox (badness 10000) in paragraph at lines 1442--1443

 []


Underfull \hbox (badness 10000) in paragraph at lines 1444--1445

 []


Underfull \hbox (badness 10000) in paragraph at lines 1446--1447

 []

File: ../images/final_dataset.png Graphic file (type bmp)
<../images/final_dataset.png>

Overfull \hbox (4.24382pt too wide) in paragraph at lines 1451--1452
[][] 
 []

[124]
Underfull \hbox (badness 10000) in paragraph at lines 1456--1457

 []


Underfull \hbox (badness 10000) in paragraph at lines 1458--1459

 []


Underfull \hbox (badness 10000) in paragraph at lines 1460--1461

 []

[125]
Underfull \hbox (badness 10000) in paragraph at lines 1467--1468

 []


Underfull \hbox (badness 10000) in paragraph at lines 1469--1470

 []


Underfull \hbox (badness 10000) in paragraph at lines 1471--1472

 []

File: ../images/mendetone_b.png Graphic file (type bmp)
<../images/mendetone_b.png>
[126]
Underfull \hbox (badness 10000) in paragraph at lines 1481--1482

 []


Underfull \hbox (badness 10000) in paragraph at lines 1483--1484

 []


Underfull \hbox (badness 10000) in paragraph at lines 1485--1486

 []

File: ../images/pengrules_kaprose_no.png Graphic file (type bmp)
<../images/pengrules_kaprose_no.png>
File: ../images/peng_rules.png Graphic file (type bmp)
<../images/peng_rules.png>

Overfull \hbox (35.24374pt too wide) in paragraph at lines 1491--1492
[][] 
 []

[127]
Underfull \hbox (badness 10000) in paragraph at lines 1496--1497

 []


Underfull \hbox (badness 10000) in paragraph at lines 1498--1499

 []


Underfull \hbox (badness 10000) in paragraph at lines 1500--1501

 []

File: ../images/spectrogram_hippo.png Graphic file (type bmp)
<../images/spectrogram_hippo.png>
[128] [129] [130]
Underfull \hbox (badness 10000) in paragraph at lines 1524--1525

 []


Underfull \hbox (badness 10000) in paragraph at lines 1526--1527

 []


Underfull \hbox (badness 10000) in paragraph at lines 1528--1529

 []

File: ../images/mende_house_b.png Graphic file (type bmp)
<../images/mende_house_b.png>
[131]
Underfull \hbox (badness 10000) in paragraph at lines 1536--1537

 []


Underfull \hbox (badness 10000) in paragraph at lines 1538--1539

 []


Underfull \hbox (badness 10000) in paragraph at lines 1540--1541

 []

File: ../images/peng119_lamba.png Graphic file (type bmp)
<../images/peng119_lamba.png>
[132]
Underfull \hbox (badness 10000) in paragraph at lines 1550--1551

 []


Underfull \hbox (badness 10000) in paragraph at lines 1552--1553

 []


Underfull \hbox (badness 10000) in paragraph at lines 1554--1555

 []

File: ../images/final_dataset.png Graphic file (type bmp)
<../images/final_dataset.png>

Overfull \hbox (4.24382pt too wide) in paragraph at lines 1557--1558
[][] 
 []

[133]
Underfull \hbox (badness 10000) in paragraph at lines 1562--1563

 []


Underfull \hbox (badness 10000) in paragraph at lines 1564--1565

 []


Underfull \hbox (badness 10000) in paragraph at lines 1566--1567

 []

File: ../images/yawelmani.png Graphic file (type bmp)
<../images/yawelmani.png>
[134]
Underfull \hbox (badness 10000) in paragraph at lines 1574--1575

 []


Underfull \hbox (badness 10000) in paragraph at lines 1576--1577

 []


Underfull \hbox (badness 10000) in paragraph at lines 1578--1579

 []

[135]
Underfull \hbox (badness 10000) in paragraph at lines 1585--1586

 []


Underfull \hbox (badness 10000) in paragraph at lines 1587--1588

 []


Underfull \hbox (badness 10000) in paragraph at lines 1589--1590

 []

File: ../images/tamil.png Graphic file (type bmp)
<../images/tamil.png>
[136] [137] [138]
Underfull \hbox (badness 10000) in paragraph at lines 1615--1616

 []


Underfull \hbox (badness 10000) in paragraph at lines 1617--1618

 []


Underfull \hbox (badness 10000) in paragraph at lines 1619--1620

 []

File: ../images/osage.png Graphic file (type bmp)
<../images/osage.png>
[139]
Underfull \hbox (badness 10000) in paragraph at lines 1627--1628

 []


Underfull \hbox (badness 10000) in paragraph at lines 1629--1630

 []


Underfull \hbox (badness 10000) in paragraph at lines 1631--1632

 []

File: ../images/final_dataset.png Graphic file (type bmp)
<../images/final_dataset.png>

Overfull \hbox (4.24382pt too wide) in paragraph at lines 1636--1637
[][] 
 []

[140]
Underfull \hbox (badness 10000) in paragraph at lines 1641--1642

 []


Underfull \hbox (badness 10000) in paragraph at lines 1643--1644

 []


Underfull \hbox (badness 10000) in paragraph at lines 1645--1646

 []

File: ../images/spectrogram_we.png Graphic file (type bmp)
<../images/spectrogram_we.png>
[141]
Underfull \hbox (badness 10000) in paragraph at lines 1653--1654

 []


Underfull \hbox (badness 10000) in paragraph at lines 1655--1656

 []


Underfull \hbox (badness 10000) in paragraph at lines 1657--1658

 []

File: ../images/mendetone_d.png Graphic file (type bmp)
<../images/mendetone_d.png>
[142]
Underfull \hbox (badness 10000) in paragraph at lines 1667--1668

 []


Underfull \hbox (badness 10000) in paragraph at lines 1669--1670

 []


Underfull \hbox (badness 10000) in paragraph at lines 1671--1672

 []

File: ../images/peng_rules.png Graphic file (type bmp)
<../images/peng_rules.png>

Overfull \hbox (35.24374pt too wide) in paragraph at lines 1674--1675
[][] 
 []

[143]
Underfull \hbox (badness 10000) in paragraph at lines 1679--1680

 []


Underfull \hbox (badness 10000) in paragraph at lines 1681--1682

 []


Underfull \hbox (badness 10000) in paragraph at lines 1683--1684

 []

[144] [145] [146]
Underfull \hbox (badness 10000) in paragraph at lines 1706--1707

 []


Underfull \hbox (badness 10000) in paragraph at lines 1708--1709

 []


Underfull \hbox (badness 10000) in paragraph at lines 1710--1711

 []

File: ../images/korean.png Graphic file (type bmp)
<../images/korean.png>
[147]
Underfull \hbox (badness 10000) in paragraph at lines 1718--1719

 []


Underfull \hbox (badness 10000) in paragraph at lines 1720--1721

 []


Underfull \hbox (badness 10000) in paragraph at lines 1722--1723

 []

File: ../images/shona.png Graphic file (type bmp)
<../images/shona.png>
[148]
Underfull \hbox (badness 10000) in paragraph at lines 1730--1731

 []


Underfull \hbox (badness 10000) in paragraph at lines 1732--1733

 []


Underfull \hbox (badness 10000) in paragraph at lines 1734--1735

 []

File: ../images/final_dataset.png Graphic file (type bmp)
<../images/final_dataset.png>

Overfull \hbox (4.24382pt too wide) in paragraph at lines 1737--1738
[][] 
 []

[149]
Underfull \hbox (badness 10000) in paragraph at lines 1742--1743

 []


Underfull \hbox (badness 10000) in paragraph at lines 1744--1745

 []


Underfull \hbox (badness 10000) in paragraph at lines 1746--1747

 []

File: ../images/pengtemplate_kaprose_yes.png Graphic file (type bmp)
<../images/pengtemplate_kaprose_yes.png>
File: ../images/peng_template_withdiagram.png Graphic file (type bmp)
<../images/peng_template_withdiagram.png>
[150]
Underfull \hbox (badness 10000) in paragraph at lines 1757--1758

 []


Underfull \hbox (badness 10000) in paragraph at lines 1759--1760

 []


Underfull \hbox (badness 10000) in paragraph at lines 1761--1762

 []

Missing character: There is no  in font ectt1000!
Missing character: There is no  in font ectt1000!
File: ../images/sound1a_sound2i.png Graphic file (type bmp)
<../images/sound1a_sound2i.png>
[151]
Underfull \hbox (badness 10000) in paragraph at lines 1771--1772

 []


Underfull \hbox (badness 10000) in paragraph at lines 1773--1774

 []


Underfull \hbox (badness 10000) in paragraph at lines 1775--1776

 []

[152] [153] [154]
Underfull \hbox (badness 10000) in paragraph at lines 1798--1799

 []


Underfull \hbox (badness 10000) in paragraph at lines 1800--1801

 []


Underfull \hbox (badness 10000) in paragraph at lines 1802--1803

 []

File: ../images/mende_junction_d.png Graphic file (type bmp)
<../images/mende_junction_d.png>
[155]
Underfull \hbox (badness 10000) in paragraph at lines 1810--1811

 []


Underfull \hbox (badness 10000) in paragraph at lines 1812--1813

 []


Underfull \hbox (badness 10000) in paragraph at lines 1814--1815

 []

[156]
Underfull \hbox (badness 10000) in paragraph at lines 1823--1824

 []


Underfull \hbox (badness 10000) in paragraph at lines 1825--1826

 []


Underfull \hbox (badness 10000) in paragraph at lines 1827--1828

 []

File: ../images/final_dataset.png Graphic file (type bmp)
<../images/final_dataset.png>

Overfull \hbox (4.24382pt too wide) in paragraph at lines 1832--1833
[][] 
 []

[157]
Underfull \hbox (badness 10000) in paragraph at lines 1837--1838

 []


Underfull \hbox (badness 10000) in paragraph at lines 1839--1840

 []


Underfull \hbox (badness 10000) in paragraph at lines 1841--1842

 []

[158]
Underfull \hbox (badness 10000) in paragraph at lines 1846--1847

 []


Underfull \hbox (badness 10000) in paragraph at lines 1848--1849

 []


Underfull \hbox (badness 10000) in paragraph at lines 1850--1851

 []

File: ../images/english_past.png Graphic file (type bmp)
<../images/english_past.png>
[159]
Underfull \hbox (badness 10000) in paragraph at lines 1858--1859

 []


Underfull \hbox (badness 10000) in paragraph at lines 1860--1861

 []


Underfull \hbox (badness 10000) in paragraph at lines 1862--1863

 []

File: ../images/pengrules_kaprose_no.png Graphic file (type bmp)
<../images/pengrules_kaprose_no.png>
File: ../images/peng_rules.png Graphic file (type bmp)
<../images/peng_rules.png>

Overfull \hbox (35.24374pt too wide) in paragraph at lines 1868--1869
[][] 
 []

[160] [161] [162]
Underfull \hbox (badness 10000) in paragraph at lines 1889--1890

 []


Underfull \hbox (badness 10000) in paragraph at lines 1891--1892

 []


Underfull \hbox (badness 10000) in paragraph at lines 1893--1894

 []

File: ../images/korean.png Graphic file (type bmp)
<../images/korean.png>
[163]
Underfull \hbox (badness 10000) in paragraph at lines 1901--1902

 []


Underfull \hbox (badness 10000) in paragraph at lines 1903--1904

 []


Underfull \hbox (badness 10000) in paragraph at lines 1905--1906

 []

File: ../images/tibetan.png Graphic file (type bmp)
<../images/tibetan.png>

Overfull \hbox (2.24384pt too wide) in paragraph at lines 1908--1909
[][] 
 []

[164]
Underfull \hbox (badness 10000) in paragraph at lines 1913--1914

 []


Underfull \hbox (badness 10000) in paragraph at lines 1915--1916

 []


Underfull \hbox (badness 10000) in paragraph at lines 1917--1918

 []

File: ../images/final_dataset.png Graphic file (type bmp)
<../images/final_dataset.png>

Overfull \hbox (4.24382pt too wide) in paragraph at lines 1922--1923
[][] 
 []

[165]
Underfull \hbox (badness 10000) in paragraph at lines 1927--1928

 []


Underfull \hbox (badness 10000) in paragraph at lines 1929--1930

 []


Underfull \hbox (badness 10000) in paragraph at lines 1931--1932

 []

File: ../images/mende_house_a.png Graphic file (type bmp)
<../images/mende_house_a.png>
[166]
Underfull \hbox (badness 10000) in paragraph at lines 1939--1940

 []


Underfull \hbox (badness 10000) in paragraph at lines 1941--1942

 []


Underfull \hbox (badness 10000) in paragraph at lines 1943--1944

 []

[167]
Underfull \hbox (badness 10000) in paragraph at lines 1950--1951

 []


Underfull \hbox (badness 10000) in paragraph at lines 1952--1953

 []


Underfull \hbox (badness 10000) in paragraph at lines 1954--1955

 []

[168] [169] [170]
Underfull \hbox (badness 10000) in paragraph at lines 1977--1978

 []


Underfull \hbox (badness 10000) in paragraph at lines 1979--1980

 []


Underfull \hbox (badness 10000) in paragraph at lines 1981--1982

 []

File: ../images/ponapean_syllabletemplate.png Graphic file (type bmp)
<../images/ponapean_syllabletemplate.png>
[171]
Underfull \hbox (badness 10000) in paragraph at lines 1991--1992

 []


Underfull \hbox (badness 10000) in paragraph at lines 1993--1994

 []


Overfull \hbox (5.05357pt too wide) in paragraph at lines 1995--1996
[]\TU/DoulosSIL(0)/b/n/12 Explain why phonological features are used instead of
 phonetic characteristics in analyzing datasets. 
 []


Underfull \hbox (badness 10000) in paragraph at lines 1995--1996

 []

[172]
Underfull \hbox (badness 10000) in paragraph at lines 2000--2001

 []


Underfull \hbox (badness 10000) in paragraph at lines 2002--2003

 []


Underfull \hbox (badness 10000) in paragraph at lines 2004--2005

 []

File: ../images/final_dataset.png Graphic file (type bmp)
<../images/final_dataset.png>

Overfull \hbox (4.24382pt too wide) in paragraph at lines 2009--2010
[][] 
 []

[173]
Underfull \hbox (badness 10000) in paragraph at lines 2014--2015

 []


Underfull \hbox (badness 10000) in paragraph at lines 2016--2017

 []


Underfull \hbox (badness 10000) in paragraph at lines 2018--2019

 []

File: ../images/mendetone_d.png Graphic file (type bmp)
<../images/mendetone_d.png>
[174]
Underfull \hbox (badness 10000) in paragraph at lines 2028--2029

 []


Underfull \hbox (badness 10000) in paragraph at lines 2030--2031

 []


Underfull \hbox (badness 10000) in paragraph at lines 2032--2033

 []

File: ../images/sinusoid.png Graphic file (type bmp)
<../images/sinusoid.png>
[175]
Underfull \hbox (badness 10000) in paragraph at lines 2042--2043

 []


Underfull \hbox (badness 10000) in paragraph at lines 2044--2045

 []


Underfull \hbox (badness 10000) in paragraph at lines 2046--2047

 []

File: ../images/peng119_lamba.png Graphic file (type bmp)
<../images/peng119_lamba.png>
[176] [177] (LING200final-Wednesday,_24_June_2020.aux)

LaTeX Font Warning: Some font shapes were not available, defaults substituted.

 ) 
Here is how much of TeX's memory you used:
 6866 strings out of 414044
 161155 string characters out of 2891679
 464252 words of memory out of 3000000
 24439 multiletter control sequences out of 15000+200000
 535475 words of font info for 45 fonts, out of 3000000 for 9000
 1348 hyphenation exceptions out of 8191
 44i,5n,82p,860b,262s stack positions out of 5000i,500n,10000p,200000b,50000s

Output written on LING200final-Wednesday,_24_June_2020.pdf (177 pages).
