This is XeTeX, Version 3.14159265-2.6-0.999992 (MiKTeX 2.9.7440 64-bit) (preloaded format=xelatex 2020.6.1)  21 SEP 2020 07:59
entering extended mode
**./LING200final-Wednesday,_24_June_2020_instructorcopy.tex
(LING200final-Wednesday,_24_June_2020_instructorcopy.tex
LaTeX2e <2020-02-02> patch level 5
L3 programming layer <2020-05-15>
("C:\Users\Kaili-Pants\AppData\Local\Programs\MiKTeX 2.9\tex/latex/base\article
.cls"
Document Class: article 2019/12/20 v1.4l Standard LaTeX document class

("C:\Users\Kaili-Pants\AppData\Local\Programs\MiKTeX 2.9\tex/latex/base\size12.
clo"
File: size12.clo 2019/12/20 v1.4l Standard LaTeX file (size option)
)
\c@part=\count163
\c@section=\count164
\c@subsection=\count165
\c@subsubsection=\count166
\c@paragraph=\count167
\c@subparagraph=\count168
\c@figure=\count169
\c@table=\count170
\abovecaptionskip=\skip47
\belowcaptionskip=\skip48
\bibindent=\dimen134
)
("C:\Users\Kaili-Pants\AppData\Local\Programs\MiKTeX 2.9\tex/latex/parskip\pars
kip.sty"
Package: parskip 2020-05-19 v2.0e non-zero parskip adjustments

("C:\Users\Kaili-Pants\AppData\Local\Programs\MiKTeX 2.9\tex/latex/kvoptions\kv
options.sty"
Package: kvoptions 2019/11/29 v3.13 Key value format for package options (HO)

("C:\Users\Kaili-Pants\AppData\Local\Programs\MiKTeX 2.9\tex/latex/graphics\key
val.sty"
Package: keyval 2014/10/28 v1.15 key=value parser (DPC)
\KV@toks@=\toks15
)
("C:\Users\Kaili-Pants\AppData\Local\Programs\MiKTeX 2.9\tex/generic/ltxcmds\lt
xcmds.sty"
Package: ltxcmds 2019/12/15 v1.24 LaTeX kernel commands for general use (HO)
)
("C:\Users\Kaili-Pants\AppData\Local\Programs\MiKTeX 2.9\tex/generic/kvsetkeys\
kvsetkeys.sty"
Package: kvsetkeys 2019/12/15 v1.18 Key value parser (HO)
))
("C:\Users\Kaili-Pants\AppData\Local\Programs\MiKTeX 2.9\tex/latex/etoolbox\eto
olbox.sty"
Package: etoolbox 2019/09/21 v2.5h e-TeX tools for LaTeX (JAW)
\etb@tempcnta=\count171
))
("C:\Users\Kaili-Pants\AppData\Local\Programs\MiKTeX 2.9\tex/latex/geometry\geo
metry.sty"
Package: geometry 2020/01/02 v5.9 Page Geometry

("C:\Users\Kaili-Pants\AppData\Local\Programs\MiKTeX 2.9\tex/generic/iftex\ifvt
ex.sty"
Package: ifvtex 2019/10/25 v1.7 ifvtex legacy package. Use iftex instead.

("C:\Users\Kaili-Pants\AppData\Local\Programs\MiKTeX 2.9\tex/generic/iftex\ifte
x.sty"
Package: iftex 2020/03/06 v1.0d TeX engine tests
))
\Gm@cnth=\count172
\Gm@cntv=\count173
\c@Gm@tempcnt=\count174
\Gm@bindingoffset=\dimen135
\Gm@wd@mp=\dimen136
\Gm@odd@mp=\dimen137
\Gm@even@mp=\dimen138
\Gm@layoutwidth=\dimen139
\Gm@layoutheight=\dimen140
\Gm@layouthoffset=\dimen141
\Gm@layoutvoffset=\dimen142
\Gm@dimlist=\toks16

("C:\Users\Kaili-Pants\AppData\Local\Programs\MiKTeX 2.9\tex/xelatex/xetexconfi
g\geometry.cfg"))
("C:\Users\Kaili-Pants\AppData\Local\Programs\MiKTeX 2.9\tex/latex/preprint\ful
lpage.sty"
Package: fullpage 1999/02/23 1.1 (PWD)
\FP@margin=\skip49
)
("C:\Users\Kaili-Pants\AppData\Local\Programs\MiKTeX 2.9\tex/latex/moresize\mor
esize.sty"
Package: moresize 1999/07/26 v1.9 (more font sizes)
)
("C:\Users\Kaili-Pants\AppData\Local\Programs\MiKTeX 2.9\tex/latex/graphics\gra
phicx.sty"
Package: graphicx 2019/11/30 v1.2a Enhanced LaTeX Graphics (DPC,SPQR)

("C:\Users\Kaili-Pants\AppData\Local\Programs\MiKTeX 2.9\tex/latex/graphics\gra
phics.sty"
Package: graphics 2019/11/30 v1.4a Standard LaTeX Graphics (DPC,SPQR)

("C:\Users\Kaili-Pants\AppData\Local\Programs\MiKTeX 2.9\tex/latex/graphics\tri
g.sty"
Package: trig 2016/01/03 v1.10 sin cos tan (DPC)
)
("C:\Users\Kaili-Pants\AppData\Local\Programs\MiKTeX 2.9\tex/latex/graphics-cfg
\graphics.cfg"
File: graphics.cfg 2016/06/04 v1.11 sample graphics configuration
)
Package graphics Info: Driver file: xetex.def on input line 105.

("C:\Users\Kaili-Pants\AppData\Local\Programs\MiKTeX 2.9\tex/latex/graphics-def
\xetex.def"
File: xetex.def 2017/06/24 v5.0h Graphics/color driver for xetex
))
\Gin@req@height=\dimen143
\Gin@req@width=\dimen144
)
("C:\Users\Kaili-Pants\AppData\Local\Programs\MiKTeX 2.9\tex/latex/caption\capt
ion.sty"
Package: caption 2020/05/10 v3.4j Customizing captions (AR)

("C:\Users\Kaili-Pants\AppData\Local\Programs\MiKTeX 2.9\tex/latex/caption\capt
ion3.sty"
Package: caption3 2020/05/10 v1.11 caption3 kernel (AR)
Package caption3 Info: TeX engine: e-TeX on input line 61.
\captionmargin=\dimen145
\captionmargin@=\dimen146
\captionwidth=\dimen147
\caption@tempdima=\dimen148
\caption@indent=\dimen149
\caption@parindent=\dimen150
\caption@hangindent=\dimen151
Package caption Info: Standard document class detected.
)
\c@caption@flags=\count175
\c@continuedfloat=\count176
)
("C:\Users\Kaili-Pants\AppData\Local\Programs\MiKTeX 2.9\tex/latex/caption\subc
aption.sty"
Package: subcaption 2020/01/22 v1.3d Sub-captions (AR)
\c@subfigure=\count177
\c@subtable=\count178
)
("C:\Users\Kaili-Pants\AppData\Local\Programs\MiKTeX 2.9\tex/latex/float\float.
sty"
Package: float 2001/11/08 v1.3d Float enhancements (AL)
\c@float@type=\count179
\float@exts=\toks17
\float@box=\box45
\@float@everytoks=\toks18
\@floatcapt=\box46
)
("C:\Users\Kaili-Pants\AppData\Local\Programs\MiKTeX 2.9\tex/latex/xcolor\xcolo
r.sty"
Package: xcolor 2016/05/11 v2.12 LaTeX color extensions (UK)

("C:\Users\Kaili-Pants\AppData\Local\Programs\MiKTeX 2.9\tex/latex/graphics-cfg
\color.cfg"
File: color.cfg 2016/01/02 v1.6 sample color configuration
)
Package xcolor Info: Driver file: xetex.def on input line 225.
Package xcolor Info: Model `cmy' substituted by `cmy0' on input line 1348.
Package xcolor Info: Model `RGB' extended on input line 1364.
Package xcolor Info: Model `HTML' substituted by `rgb' on input line 1366.
Package xcolor Info: Model `Hsb' substituted by `hsb' on input line 1367.
Package xcolor Info: Model `tHsb' substituted by `hsb' on input line 1368.
Package xcolor Info: Model `HSB' substituted by `hsb' on input line 1369.
Package xcolor Info: Model `Gray' substituted by `gray' on input line 1370.
Package xcolor Info: Model `wave' substituted by `hsb' on input line 1371.
)
("C:\Users\Kaili-Pants\AppData\Local\Programs\MiKTeX 2.9\tex/latex/soul\soul.st
y"
Package: soul 2003/11/17 v2.4 letterspacing/underlining (mf)
\SOUL@word=\toks19
\SOUL@lasttoken=\toks20
\SOUL@cmds=\toks21
\SOUL@buffer=\toks22
\SOUL@token=\toks23
\SOUL@spaceskip=\skip50
\SOUL@ttwidth=\dimen152
\SOUL@uldp=\dimen153
\SOUL@ulht=\dimen154
)
("C:\Users\Kaili-Pants\AppData\Local\Programs\MiKTeX 2.9\tex/latex/fontspec\fon
tspec.sty"
("C:\Users\Kaili-Pants\AppData\Local\Programs\MiKTeX 2.9\tex/latex/l3packages/x
parse\xparse.sty"
("C:\Users\Kaili-Pants\AppData\Local\Programs\MiKTeX 2.9\tex/latex/l3kernel\exp
l3.sty"
Package: expl3 2020-05-15 L3 programming layer (loader) 

("C:\Users\Kaili-Pants\AppData\Local\Programs\MiKTeX 2.9\tex/latex/l3backend\l3
backend-xdvipdfmx.def"
File: l3backend-xdvipdfmx.def 2020-05-05 L3 backend support: xdvipdfmx
\g__graphics_track_int=\count180
\l__pdf_internal_box=\box47
\g__pdf_backend_object_int=\count181
\g__pdf_backend_annotation_int=\count182
))
Package: xparse 2020-05-15 L3 Experimental document command parser

("C:\Users\Kaili-Pants\AppData\Local\Programs\MiKTeX 2.9\tex/latex/l3packages/x
parse\xparse-generic.tex"
\l__xparse_current_arg_int=\count183
\g__xparse_grabber_int=\count184
\l__xparse_m_args_int=\count185
\l__xparse_v_nesting_int=\count186
))
Package: fontspec 2020/02/21 v2.7i Font selection for XeLaTeX and LuaLaTeX

("C:\Users\Kaili-Pants\AppData\Local\Programs\MiKTeX 2.9\tex/latex/fontspec\fon
tspec-xetex.sty"
Package: fontspec-xetex 2020/02/21 v2.7i Font selection for XeLaTeX and LuaLaTe
X
\l__fontspec_script_int=\count187
\l__fontspec_language_int=\count188
\l__fontspec_strnum_int=\count189
\l__fontspec_tmp_int=\count190
\l__fontspec_tmpa_int=\count191
\l__fontspec_tmpb_int=\count192
\l__fontspec_tmpc_int=\count193
\l__fontspec_em_int=\count194
\l__fontspec_emdef_int=\count195
\l__fontspec_strong_int=\count196
\l__fontspec_strongdef_int=\count197
\l__fontspec_tmpa_dim=\dimen155
\l__fontspec_tmpb_dim=\dimen156
\l__fontspec_tmpc_dim=\dimen157

("C:\Users\Kaili-Pants\AppData\Local\Programs\MiKTeX 2.9\tex/latex/base\fontenc
.sty"
Package: fontenc 2020/02/11 v2.0o Standard LaTeX package
)
("C:\Users\Kaili-Pants\AppData\Local\Programs\MiKTeX 2.9\tex/latex/fontspec\fon
tspec.cfg")))

Package fontspec Info: Could not resolve font "Doulos SIL/BI" (it probably
(fontspec)             doesn't exist).


Package fontspec Info: Could not resolve font "Doulos SIL/B" (it probably
(fontspec)             doesn't exist).


Package fontspec Info: Could not resolve font "Doulos SIL/I" (it probably
(fontspec)             doesn't exist).


Package fontspec Info: Font family 'DoulosSIL(0)' created for font 'Doulos
(fontspec)             SIL' with options [Ligatures=TeX].
(fontspec)              
(fontspec)              This font family consists of the following NFSS
(fontspec)             series/shapes:
(fontspec)              
(fontspec)             - 'normal' (m/n) with NFSS spec.: <->"Doulos
(fontspec)             SIL/OT:script=latn;language=dflt;mapping=tex-text;"
(fontspec)             - 'small caps'  (m/sc) with NFSS spec.: <->"Doulos
(fontspec)             SIL/OT:script=latn;language=dflt;+smcp;mapping=tex-text;
"

 (LING200final-Wednesday,_24_June_2020_instructorcopy.aux)
\openout1 = `LING200final-Wednesday,_24_June_2020_instructorcopy.aux'.

LaTeX Font Info:    Checking defaults for OML/cmm/m/it on input line 18.
LaTeX Font Info:    ... okay on input line 18.
LaTeX Font Info:    Checking defaults for OMS/cmsy/m/n on input line 18.
LaTeX Font Info:    ... okay on input line 18.
LaTeX Font Info:    Checking defaults for OT1/cmr/m/n on input line 18.
LaTeX Font Info:    ... okay on input line 18.
LaTeX Font Info:    Checking defaults for T1/cmr/m/n on input line 18.
LaTeX Font Info:    ... okay on input line 18.
LaTeX Font Info:    Checking defaults for TS1/cmr/m/n on input line 18.
LaTeX Font Info:    Trying to load font information for TS1+cmr on input line 1
8.

("C:\Users\Kaili-Pants\AppData\Local\Programs\MiKTeX 2.9\tex/latex/base\ts1cmr.
fd"
File: ts1cmr.fd 2019/12/16 v2.5j Standard LaTeX font definitions
)
LaTeX Font Info:    ... okay on input line 18.
LaTeX Font Info:    Checking defaults for TU/lmr/m/n on input line 18.
LaTeX Font Info:    ... okay on input line 18.
LaTeX Font Info:    Checking defaults for OMX/cmex/m/n on input line 18.
LaTeX Font Info:    ... okay on input line 18.
LaTeX Font Info:    Checking defaults for U/cmr/m/n on input line 18.
LaTeX Font Info:    ... okay on input line 18.

*geometry* detected driver: pdftex
*geometry* verbose mode - [ preamble ] result:
* driver: pdftex
* paper: <default>
* layout: <same size as paper>
* layoutoffset:(h,v)=(0.0pt,0.0pt)
* modes: 
* h-part:(L,W,R)=(36.135pt, 542.02501pt, 36.135pt)
* v-part:(T,H,B)=(36.135pt, 722.7pt, 36.135pt)
* \paperwidth=614.295pt
* \paperheight=794.96999pt
* \textwidth=469.75502pt
* \textheight=620.43001pt
* \oddsidemargin=0.0pt
* \evensidemargin=0.0pt
* \topmargin=0.0pt
* \headheight=0.0pt
* \headsep=0.0pt
* \topskip=12.0pt
* \footskip=30.0pt
* \marginparwidth=44.0pt
* \marginparsep=10.0pt
* \columnsep=10.0pt
* \skip\footins=10.8pt plus 4.0pt minus 2.0pt
* \hoffset=0.0pt
* \voffset=0.0pt
* \mag=1000
* \@twocolumnfalse
* \@twosidefalse
* \@mparswitchfalse
* \@reversemarginfalse
* (1in=72.27pt=25.4mm, 1cm=28.453pt)

Package caption Info: Begin \AtBeginDocument code.
Package caption Info: float package is loaded.
Package caption Info: End \AtBeginDocument code.

Package fontspec Info: Adjusting the maths setup (use [no-math] to avoid
(fontspec)             this).

\symlegacymaths=\mathgroup4
LaTeX Font Info:    Overwriting symbol font `legacymaths' in version `bold'
(Font)                  OT1/cmr/m/n --> OT1/cmr/bx/n on input line 18.
LaTeX Font Info:    Redeclaring math accent \acute on input line 18.
LaTeX Font Info:    Redeclaring math accent \grave on input line 18.
LaTeX Font Info:    Redeclaring math accent \ddot on input line 18.
LaTeX Font Info:    Redeclaring math accent \tilde on input line 18.
LaTeX Font Info:    Redeclaring math accent \bar on input line 18.
LaTeX Font Info:    Redeclaring math accent \breve on input line 18.
LaTeX Font Info:    Redeclaring math accent \check on input line 18.
LaTeX Font Info:    Redeclaring math accent \hat on input line 18.
LaTeX Font Info:    Redeclaring math accent \dot on input line 18.
LaTeX Font Info:    Redeclaring math accent \mathring on input line 18.
LaTeX Font Info:    Redeclaring math symbol \colon on input line 18.
LaTeX Font Info:    Redeclaring math symbol \Gamma on input line 18.
LaTeX Font Info:    Redeclaring math symbol \Delta on input line 18.
LaTeX Font Info:    Redeclaring math symbol \Theta on input line 18.
LaTeX Font Info:    Redeclaring math symbol \Lambda on input line 18.
LaTeX Font Info:    Redeclaring math symbol \Xi on input line 18.
LaTeX Font Info:    Redeclaring math symbol \Pi on input line 18.
LaTeX Font Info:    Redeclaring math symbol \Sigma on input line 18.
LaTeX Font Info:    Redeclaring math symbol \Upsilon on input line 18.
LaTeX Font Info:    Redeclaring math symbol \Phi on input line 18.
LaTeX Font Info:    Redeclaring math symbol \Psi on input line 18.
LaTeX Font Info:    Redeclaring math symbol \Omega on input line 18.
LaTeX Font Info:    Redeclaring math symbol \mathdollar on input line 18.
LaTeX Font Info:    Redeclaring symbol font `operators' on input line 18.
LaTeX Font Info:    Encoding `OT1' has changed to `TU' for symbol font
(Font)              `operators' in the math version `normal' on input line 18.
LaTeX Font Info:    Overwriting symbol font `operators' in version `normal'
(Font)                  OT1/cmr/m/n --> TU/DoulosSIL(0)/m/n on input line 18.
LaTeX Font Info:    Encoding `OT1' has changed to `TU' for symbol font
(Font)              `operators' in the math version `bold' on input line 18.
LaTeX Font Info:    Overwriting symbol font `operators' in version `bold'
(Font)                  OT1/cmr/bx/n --> TU/DoulosSIL(0)/m/n on input line 18.
LaTeX Font Info:    Overwriting symbol font `operators' in version `normal'
(Font)                  TU/DoulosSIL(0)/m/n --> TU/DoulosSIL(0)/m/n on input li
ne 18.
LaTeX Font Info:    Overwriting math alphabet `\mathit' in version `normal'
(Font)                  OT1/cmr/m/it --> TU/DoulosSIL(0)/m/it on input line 18.

LaTeX Font Info:    Overwriting math alphabet `\mathbf' in version `normal'
(Font)                  OT1/cmr/bx/n --> TU/DoulosSIL(0)/b/n on input line 18.
LaTeX Font Info:    Overwriting math alphabet `\mathsf' in version `normal'
(Font)                  OT1/cmss/m/n --> TU/lmss/m/n on input line 18.
LaTeX Font Info:    Overwriting math alphabet `\mathtt' in version `normal'
(Font)                  OT1/cmtt/m/n --> TU/lmtt/m/n on input line 18.
LaTeX Font Info:    Overwriting symbol font `operators' in version `bold'
(Font)                  TU/DoulosSIL(0)/m/n --> TU/DoulosSIL(0)/b/n on input li
ne 18.
LaTeX Font Info:    Overwriting math alphabet `\mathit' in version `bold'
(Font)                  OT1/cmr/bx/it --> TU/DoulosSIL(0)/b/it on input line 18
.
LaTeX Font Info:    Overwriting math alphabet `\mathsf' in version `bold'
(Font)                  OT1/cmss/bx/n --> TU/lmss/b/n on input line 18.
LaTeX Font Info:    Overwriting math alphabet `\mathtt' in version `bold'
(Font)                  OT1/cmtt/m/n --> TU/lmtt/b/n on input line 18.

LaTeX Font Warning: Font shape `TU/DoulosSIL(0)/b/n' undefined
(Font)              using `TU/DoulosSIL(0)/m/n' instead on input line 21.

[1

] [2]
Underfull \hbox (badness 10000) in paragraph at lines 38--39

 []


Underfull \hbox (badness 10000) in paragraph at lines 40--41

 []


Underfull \hbox (badness 10000) in paragraph at lines 42--43

 []

File: ../images/yawelmani.png Graphic file (type bmp)
<../images/yawelmani.png>
[3]
Underfull \hbox (badness 10000) in paragraph at lines 56--57

 []


Underfull \hbox (badness 10000) in paragraph at lines 58--59

 []


Underfull \hbox (badness 10000) in paragraph at lines 60--61

 []

File: ../images/final_dataset.png Graphic file (type bmp)
<../images/final_dataset.png>

Overfull \hbox (4.24382pt too wide) in paragraph at lines 65--66
[][] 
 []

[4]
Underfull \hbox (badness 10000) in paragraph at lines 76--77

 []


Underfull \hbox (badness 10000) in paragraph at lines 78--79

 []


Underfull \hbox (badness 10000) in paragraph at lines 80--81

 []

File: ../images/spectrogram_aaah.png Graphic file (type bmp)
<../images/spectrogram_aaah.png>
[5]
Underfull \hbox (badness 10000) in paragraph at lines 94--95

 []


Underfull \hbox (badness 10000) in paragraph at lines 96--97

 []


Underfull \hbox (badness 10000) in paragraph at lines 98--99

 []

[6]
Underfull \hbox (badness 10000) in paragraph at lines 111--112

 []


Underfull \hbox (badness 10000) in paragraph at lines 113--114

 []


Underfull \hbox (badness 10000) in paragraph at lines 115--116

 []

File: ../images/mendetone_a.png Graphic file (type bmp)
<../images/mendetone_a.png>
[7]
Underfull \hbox (badness 10000) in paragraph at lines 131--132

 []


Underfull \hbox (badness 10000) in paragraph at lines 133--134

 []


Underfull \hbox (badness 10000) in paragraph at lines 135--136

 []

File: ../images/english_past.png Graphic file (type bmp)
<../images/english_past.png>
[8] [9] [10]
Underfull \hbox (badness 10000) in paragraph at lines 165--166

 []


Underfull \hbox (badness 10000) in paragraph at lines 167--168

 []


Underfull \hbox (badness 10000) in paragraph at lines 169--170

 []

File: ../images/yawelmani.png Graphic file (type bmp)
<../images/yawelmani.png>
[11]
Underfull \hbox (badness 10000) in paragraph at lines 183--184

 []


Underfull \hbox (badness 10000) in paragraph at lines 185--186

 []


Underfull \hbox (badness 10000) in paragraph at lines 187--188

 []

[12]
Underfull \hbox (badness 10000) in paragraph at lines 202--203

 []


Underfull \hbox (badness 10000) in paragraph at lines 204--205

 []


Underfull \hbox (badness 10000) in paragraph at lines 206--207

 []

File: ../images/final_dataset.png Graphic file (type bmp)
<../images/final_dataset.png>

Overfull \hbox (4.24382pt too wide) in paragraph at lines 211--212
[][] 
 []

[13]
Underfull \hbox (badness 10000) in paragraph at lines 222--223

 []


Underfull \hbox (badness 10000) in paragraph at lines 224--225

 []


Underfull \hbox (badness 10000) in paragraph at lines 226--227

 []

[14]
Underfull \hbox (badness 10000) in paragraph at lines 239--240

 []


Underfull \hbox (badness 10000) in paragraph at lines 241--242

 []


Underfull \hbox (badness 10000) in paragraph at lines 243--244

 []

File: ../images/mende_house_b.png Graphic file (type bmp)
<../images/mende_house_b.png>
[15]
Underfull \hbox (badness 10000) in paragraph at lines 257--258

 []


Underfull \hbox (badness 10000) in paragraph at lines 259--260

 []


Underfull \hbox (badness 10000) in paragraph at lines 261--262

 []

File: ../images/quebecfrench.png Graphic file (type bmp)
<../images/quebecfrench.png>
[16] [17] [18]
Underfull \hbox (badness 10000) in paragraph at lines 291--292

 []


Underfull \hbox (badness 10000) in paragraph at lines 293--294

 []


Underfull \hbox (badness 10000) in paragraph at lines 295--296

 []

File: ../images/sinusoid.png Graphic file (type bmp)
<../images/sinusoid.png>
[19]
Underfull \hbox (badness 10000) in paragraph at lines 311--312

 []


Underfull \hbox (badness 10000) in paragraph at lines 313--314

 []


Underfull \hbox (badness 10000) in paragraph at lines 315--316

 []

File: ../images/final_dataset.png Graphic file (type bmp)
<../images/final_dataset.png>

Overfull \hbox (4.24382pt too wide) in paragraph at lines 320--321
[][] 
 []

[20]
Underfull \hbox (badness 10000) in paragraph at lines 331--332

 []


Underfull \hbox (badness 10000) in paragraph at lines 333--334

 []


Underfull \hbox (badness 10000) in paragraph at lines 335--336

 []

File: ../images/tibetan.png Graphic file (type bmp)
<../images/tibetan.png>

Overfull \hbox (2.24384pt too wide) in paragraph at lines 338--339
[][] 
 []

[21]
Underfull \hbox (badness 10000) in paragraph at lines 349--350

 []


Underfull \hbox (badness 10000) in paragraph at lines 351--352

 []


Underfull \hbox (badness 10000) in paragraph at lines 353--354

 []

File: ../images/mendetone_d.png Graphic file (type bmp)
<../images/mendetone_d.png>
[22]
Underfull \hbox (badness 10000) in paragraph at lines 369--370

 []


Underfull \hbox (badness 10000) in paragraph at lines 371--372

 []


Underfull \hbox (badness 10000) in paragraph at lines 373--374

 []

[23]
Underfull \hbox (badness 10000) in paragraph at lines 388--389

 []


Underfull \hbox (badness 10000) in paragraph at lines 390--391

 []


Underfull \hbox (badness 10000) in paragraph at lines 392--393

 []

File: ../images/english_t_flap.png Graphic file (type bmp)
<../images/english_t_flap.png>

Overfull \hbox (5.24382pt too wide) in paragraph at lines 395--396
[][] 
 []

[24] [25] [26]
Underfull \hbox (badness 10000) in paragraph at lines 422--423

 []


Underfull \hbox (badness 10000) in paragraph at lines 424--425

 []


Underfull \hbox (badness 10000) in paragraph at lines 426--427

 []

File: ../images/mende_junction_a.png Graphic file (type bmp)
<../images/mende_junction_a.png>
[27]
Underfull \hbox (badness 10000) in paragraph at lines 440--441

 []


Underfull \hbox (badness 10000) in paragraph at lines 442--443

 []


Underfull \hbox (badness 10000) in paragraph at lines 444--445

 []

File: ../images/asl_milk.png Graphic file (type bmp)
<../images/asl_milk.png>
File: ../images/asl_understand.png Graphic file (type bmp)
<../images/asl_understand.png>
[28]
Underfull \hbox (badness 10000) in paragraph at lines 463--464

 []


Underfull \hbox (badness 10000) in paragraph at lines 465--466

 []


Underfull \hbox (badness 10000) in paragraph at lines 467--468

 []

File: ../images/final_dataset.png Graphic file (type bmp)
<../images/final_dataset.png>

Overfull \hbox (4.24382pt too wide) in paragraph at lines 470--471
[][] 
 []

[29]
Underfull \hbox (badness 10000) in paragraph at lines 481--482

 []


Underfull \hbox (badness 10000) in paragraph at lines 483--484

 []


Underfull \hbox (badness 10000) in paragraph at lines 485--486

 []

[30]
Underfull \hbox (badness 10000) in paragraph at lines 496--497

 []


Underfull \hbox (badness 10000) in paragraph at lines 498--499

 []


Underfull \hbox (badness 10000) in paragraph at lines 500--501

 []

[31]
Underfull \hbox (badness 10000) in paragraph at lines 515--516

 []


Underfull \hbox (badness 10000) in paragraph at lines 517--518

 []


Underfull \hbox (badness 10000) in paragraph at lines 519--520

 []

File: ../images/japanese_verbs.png Graphic file (type bmp)
<../images/japanese_verbs.png>
[32] [33] [34]
Underfull \hbox (badness 10000) in paragraph at lines 549--550

 []


Underfull \hbox (badness 10000) in paragraph at lines 551--552

 []


Underfull \hbox (badness 10000) in paragraph at lines 553--554

 []

File: ../images/osage.png Graphic file (type bmp)
<../images/osage.png>
[35]
Underfull \hbox (badness 10000) in paragraph at lines 567--568

 []


Underfull \hbox (badness 10000) in paragraph at lines 569--570

 []


Underfull \hbox (badness 10000) in paragraph at lines 571--572

 []

[36]
Underfull \hbox (badness 10000) in paragraph at lines 586--587

 []


Underfull \hbox (badness 10000) in paragraph at lines 588--589

 []


Underfull \hbox (badness 10000) in paragraph at lines 590--591

 []

File: ../images/final_dataset.png Graphic file (type bmp)
<../images/final_dataset.png>

Overfull \hbox (4.24382pt too wide) in paragraph at lines 595--596
[][] 
 []

[37]
Underfull \hbox (badness 10000) in paragraph at lines 606--607

 []


Underfull \hbox (badness 10000) in paragraph at lines 608--609

 []


Underfull \hbox (badness 10000) in paragraph at lines 610--611

 []

File: ../images/mendetone_c.png Graphic file (type bmp)
<../images/mendetone_c.png>
[38]
Underfull \hbox (badness 10000) in paragraph at lines 626--627

 []


Underfull \hbox (badness 10000) in paragraph at lines 628--629

 []


Underfull \hbox (badness 10000) in paragraph at lines 630--631

 []

File: ../images/ponapean_syllabletemplate.png Graphic file (type bmp)
<../images/ponapean_syllabletemplate.png>
[39]
Underfull \hbox (badness 10000) in paragraph at lines 646--647

 []


Underfull \hbox (badness 10000) in paragraph at lines 648--649

 []


Underfull \hbox (badness 10000) in paragraph at lines 650--651

 []

File: ../images/spectrogram_oh.png Graphic file (type bmp)
<../images/spectrogram_oh.png>
[40] [41] [42]
Underfull \hbox (badness 10000) in paragraph at lines 680--681

 []


Underfull \hbox (badness 10000) in paragraph at lines 682--683

 []


Underfull \hbox (badness 10000) in paragraph at lines 684--685

 []

File: ../images/ponapean_syllabletemplate.png Graphic file (type bmp)
<../images/ponapean_syllabletemplate.png>
[43]
Underfull \hbox (badness 10000) in paragraph at lines 700--701

 []


Underfull \hbox (badness 10000) in paragraph at lines 702--703

 []


Underfull \hbox (badness 10000) in paragraph at lines 704--705

 []

[44]
Underfull \hbox (badness 10000) in paragraph at lines 717--718

 []


Underfull \hbox (badness 10000) in paragraph at lines 719--720

 []


Underfull \hbox (badness 10000) in paragraph at lines 721--722

 []

File: ../images/final_dataset.png Graphic file (type bmp)
<../images/final_dataset.png>

Overfull \hbox (4.24382pt too wide) in paragraph at lines 726--727
[][] 
 []

[45]
Underfull \hbox (badness 10000) in paragraph at lines 737--738

 []


Underfull \hbox (badness 10000) in paragraph at lines 739--740

 []


Underfull \hbox (badness 10000) in paragraph at lines 741--742

 []

File: ../images/peng119_lamba.png Graphic file (type bmp)
<../images/peng119_lamba.png>
[46]
Underfull \hbox (badness 10000) in paragraph at lines 757--758

 []


Underfull \hbox (badness 10000) in paragraph at lines 759--760

 []


Underfull \hbox (badness 10000) in paragraph at lines 761--762

 []

File: ../images/spectrogram_I.png Graphic file (type bmp)
<../images/spectrogram_I.png>
[47]
Underfull \hbox (badness 10000) in paragraph at lines 775--776

 []


Underfull \hbox (badness 10000) in paragraph at lines 777--778

 []


Underfull \hbox (badness 10000) in paragraph at lines 779--780

 []

File: ../images/mendetone_d.png Graphic file (type bmp)
<../images/mendetone_d.png>
[48] [49] [50]
Underfull \hbox (badness 10000) in paragraph at lines 811--812

 []


Underfull \hbox (badness 10000) in paragraph at lines 813--814

 []


Underfull \hbox (badness 10000) in paragraph at lines 815--816

 []

File: ../images/mende_junction_b.png Graphic file (type bmp)
<../images/mende_junction_b.png>
[51]
Underfull \hbox (badness 10000) in paragraph at lines 829--830

 []


Underfull \hbox (badness 10000) in paragraph at lines 831--832

 []


Underfull \hbox (badness 10000) in paragraph at lines 833--834

 []

File: ../images/final_dataset.png Graphic file (type bmp)
<../images/final_dataset.png>

Overfull \hbox (4.24382pt too wide) in paragraph at lines 838--839
[][] 
 []

[52]
Underfull \hbox (badness 10000) in paragraph at lines 849--850

 []


Underfull \hbox (badness 10000) in paragraph at lines 851--852

 []


Underfull \hbox (badness 10000) in paragraph at lines 853--854

 []

File: ../images/pengrules_tumigo_no.png Graphic file (type bmp)
<../images/pengrules_tumigo_no.png>
File: ../images/peng_rules.png Graphic file (type bmp)
<../images/peng_rules.png>

Overfull \hbox (35.24374pt too wide) in paragraph at lines 859--860
[][] 
 []

[53]
Underfull \hbox (badness 10000) in paragraph at lines 870--871

 []


Underfull \hbox (badness 10000) in paragraph at lines 872--873

 []


Underfull \hbox (badness 10000) in paragraph at lines 874--875

 []

File: ../images/sinusoid.png Graphic file (type bmp)
<../images/sinusoid.png>
[54]
Underfull \hbox (badness 10000) in paragraph at lines 890--891

 []


Underfull \hbox (badness 10000) in paragraph at lines 892--893

 []


Underfull \hbox (badness 10000) in paragraph at lines 894--895

 []

File: ../images/osage.png Graphic file (type bmp)
<../images/osage.png>
[55]
Underfull \hbox (badness 10000) in paragraph at lines 910--911

 []


Underfull \hbox (badness 10000) in paragraph at lines 912--913

 []


Underfull \hbox (badness 10000) in paragraph at lines 914--915

 []

File: ../images/peng119_lamba.png Graphic file (type bmp)
<../images/peng119_lamba.png>
[56] [57] [58]
Underfull \hbox (badness 10000) in paragraph at lines 946--947

 []


Underfull \hbox (badness 10000) in paragraph at lines 948--949

 []


Underfull \hbox (badness 10000) in paragraph at lines 950--951

 []

File: ../images/korean.png Graphic file (type bmp)
<../images/korean.png>
[59]
Underfull \hbox (badness 10000) in paragraph at lines 964--965

 []


Underfull \hbox (badness 10000) in paragraph at lines 966--967

 []


Underfull \hbox (badness 10000) in paragraph at lines 968--969

 []

File: ../images/final_dataset.png Graphic file (type bmp)
<../images/final_dataset.png>

Overfull \hbox (4.24382pt too wide) in paragraph at lines 973--974
[][] 
 []

[60]
Underfull \hbox (badness 10000) in paragraph at lines 984--985

 []


Underfull \hbox (badness 10000) in paragraph at lines 986--987

 []


Underfull \hbox (badness 10000) in paragraph at lines 988--989

 []

[61]
Underfull \hbox (badness 10000) in paragraph at lines 1003--1004

 []


Underfull \hbox (badness 10000) in paragraph at lines 1005--1006

 []


Underfull \hbox (badness 10000) in paragraph at lines 1007--1008

 []

File: ../images/spectrogram_hippo.png Graphic file (type bmp)
<../images/spectrogram_hippo.png>
[62]
Underfull \hbox (badness 10000) in paragraph at lines 1021--1022

 []


Underfull \hbox (badness 10000) in paragraph at lines 1023--1024

 []


Underfull \hbox (badness 10000) in paragraph at lines 1025--1026

 []

File: ../images/mende_house_e.png Graphic file (type bmp)
<../images/mende_house_e.png>
[63]
Underfull \hbox (badness 10000) in paragraph at lines 1039--1040

 []


Underfull \hbox (badness 10000) in paragraph at lines 1041--1042

 []


Underfull \hbox (badness 10000) in paragraph at lines 1043--1044

 []

File: ../images/english_poetry.png Graphic file (type bmp)
<../images/english_poetry.png>
[64] [65] [66]
Underfull \hbox (badness 10000) in paragraph at lines 1073--1074

 []


Underfull \hbox (badness 10000) in paragraph at lines 1075--1076

 []


Underfull \hbox (badness 10000) in paragraph at lines 1077--1078

 []

File: ../images/mende_junction_c.png Graphic file (type bmp)
<../images/mende_junction_c.png>
[67]
Underfull \hbox (badness 10000) in paragraph at lines 1091--1092

 []


Underfull \hbox (badness 10000) in paragraph at lines 1093--1094

 []


Underfull \hbox (badness 10000) in paragraph at lines 1095--1096

 []

File: ../images/final_dataset.png Graphic file (type bmp)
<../images/final_dataset.png>

Overfull \hbox (4.24382pt too wide) in paragraph at lines 1098--1099
[][] 
 []

[68]
Underfull \hbox (badness 10000) in paragraph at lines 1109--1110

 []


Underfull \hbox (badness 10000) in paragraph at lines 1111--1112

 []


Underfull \hbox (badness 10000) in paragraph at lines 1113--1114

 []

File: ../images/spectrogram_I.png Graphic file (type bmp)
<../images/spectrogram_I.png>
[69]
Underfull \hbox (badness 10000) in paragraph at lines 1127--1128

 []


Underfull \hbox (badness 10000) in paragraph at lines 1129--1130

 []


Underfull \hbox (badness 10000) in paragraph at lines 1131--1132

 []

File: ../images/ponapean_syllabletemplate.png Graphic file (type bmp)
<../images/ponapean_syllabletemplate.png>
[70]
Underfull \hbox (badness 10000) in paragraph at lines 1147--1148

 []


Underfull \hbox (badness 10000) in paragraph at lines 1149--1150

 []


Underfull \hbox (badness 10000) in paragraph at lines 1151--1152

 []

File: ../images/peng119_lamba.png Graphic file (type bmp)
<../images/peng119_lamba.png>
[71]
Underfull \hbox (badness 10000) in paragraph at lines 1167--1168

 []


Underfull \hbox (badness 10000) in paragraph at lines 1169--1170

 []


Underfull \hbox (badness 10000) in paragraph at lines 1171--1172

 []

[72] [73] [74]
Underfull \hbox (badness 10000) in paragraph at lines 1200--1201

 []


Underfull \hbox (badness 10000) in paragraph at lines 1202--1203

 []


Underfull \hbox (badness 10000) in paragraph at lines 1204--1205

 []

File: ../images/yawelmani.png Graphic file (type bmp)
<../images/yawelmani.png>
[75]
Underfull \hbox (badness 10000) in paragraph at lines 1218--1219

 []


Underfull \hbox (badness 10000) in paragraph at lines 1220--1221

 []


Underfull \hbox (badness 10000) in paragraph at lines 1222--1223

 []

File: ../images/peng_rules.png Graphic file (type bmp)
<../images/peng_rules.png>

Overfull \hbox (35.24374pt too wide) in paragraph at lines 1225--1226
[][] 
 []

[76]
Underfull \hbox (badness 10000) in paragraph at lines 1236--1237

 []


Underfull \hbox (badness 10000) in paragraph at lines 1238--1239

 []


Underfull \hbox (badness 10000) in paragraph at lines 1240--1241

 []

File: ../images/final_dataset.png Graphic file (type bmp)
<../images/final_dataset.png>

Overfull \hbox (4.24382pt too wide) in paragraph at lines 1245--1246
[][] 
 []

[77]
Underfull \hbox (badness 10000) in paragraph at lines 1256--1257

 []


Underfull \hbox (badness 10000) in paragraph at lines 1258--1259

 []


Underfull \hbox (badness 10000) in paragraph at lines 1260--1261

 []

LaTeX Font Info:    External font `cmex10' loaded for size
(Font)              <12> on input line 1262.
LaTeX Font Info:    External font `cmex10' loaded for size
(Font)              <8> on input line 1262.
LaTeX Font Info:    External font `cmex10' loaded for size
(Font)              <6> on input line 1262.

Underfull \hbox (badness 10000) in paragraph at lines 1262--1263

 []

[78]
Underfull \hbox (badness 10000) in paragraph at lines 1273--1274

 []


Underfull \hbox (badness 10000) in paragraph at lines 1275--1276

 []


Underfull \hbox (badness 10000) in paragraph at lines 1277--1278

 []

File: ../images/mende_house_a.png Graphic file (type bmp)
<../images/mende_house_a.png>
[79]
Underfull \hbox (badness 10000) in paragraph at lines 1291--1292

 []


Underfull \hbox (badness 10000) in paragraph at lines 1293--1294

 []


Underfull \hbox (badness 10000) in paragraph at lines 1295--1296

 []

File: ../images/english_t_flap.png Graphic file (type bmp)
<../images/english_t_flap.png>

Overfull \hbox (5.24382pt too wide) in paragraph at lines 1300--1301
[][] 
 []

[80] [81] [82]
Underfull \hbox (badness 10000) in paragraph at lines 1327--1328

 []


Underfull \hbox (badness 10000) in paragraph at lines 1329--1330

 []


Underfull \hbox (badness 10000) in paragraph at lines 1331--1332

 []

File: ../images/sinusoid.png Graphic file (type bmp)
<../images/sinusoid.png>
[83]
Underfull \hbox (badness 10000) in paragraph at lines 1347--1348

 []


Underfull \hbox (badness 10000) in paragraph at lines 1349--1350

 []


Underfull \hbox (badness 10000) in paragraph at lines 1351--1352

 []

File: ../images/final_dataset.png Graphic file (type bmp)
<../images/final_dataset.png>

Overfull \hbox (4.24382pt too wide) in paragraph at lines 1354--1355
[][] 
 []

[84]
Underfull \hbox (badness 10000) in paragraph at lines 1365--1366

 []


Underfull \hbox (badness 10000) in paragraph at lines 1367--1368

 []


Underfull \hbox (badness 10000) in paragraph at lines 1369--1370

 []

File: ../images/shona.png Graphic file (type bmp)
<../images/shona.png>
[85]
Underfull \hbox (badness 10000) in paragraph at lines 1383--1384

 []


Underfull \hbox (badness 10000) in paragraph at lines 1385--1386

 []


Underfull \hbox (badness 10000) in paragraph at lines 1387--1388

 []

File: ../images/pengtemplate_uvkeman_no.png Graphic file (type bmp)
<../images/pengtemplate_uvkeman_no.png>
File: ../images/peng_template_withdiagram.png Graphic file (type bmp)
<../images/peng_template_withdiagram.png>
[86]
Underfull \hbox (badness 10000) in paragraph at lines 1404--1405

 []


Underfull \hbox (badness 10000) in paragraph at lines 1406--1407

 []


Underfull \hbox (badness 10000) in paragraph at lines 1408--1409

 []

[87]
Underfull \hbox (badness 10000) in paragraph at lines 1421--1422

 []


Underfull \hbox (badness 10000) in paragraph at lines 1423--1424

 []


Underfull \hbox (badness 10000) in paragraph at lines 1425--1426

 []

File: ../images/peng119_lamba.png Graphic file (type bmp)
<../images/peng119_lamba.png>
[88] [89] [90]
Underfull \hbox (badness 10000) in paragraph at lines 1457--1458

 []


Underfull \hbox (badness 10000) in paragraph at lines 1459--1460

 []


Underfull \hbox (badness 10000) in paragraph at lines 1461--1462

 []

File: ../images/sinusoid.png Graphic file (type bmp)
<../images/sinusoid.png>
[91]
Underfull \hbox (badness 10000) in paragraph at lines 1477--1478

 []


Underfull \hbox (badness 10000) in paragraph at lines 1479--1480

 []


Underfull \hbox (badness 10000) in paragraph at lines 1481--1482

 []

File: ../images/final_dataset.png Graphic file (type bmp)
<../images/final_dataset.png>

Overfull \hbox (4.24382pt too wide) in paragraph at lines 1484--1485
[][] 
 []

[92]
Underfull \hbox (badness 10000) in paragraph at lines 1495--1496

 []


Underfull \hbox (badness 10000) in paragraph at lines 1497--1498

 []


Underfull \hbox (badness 10000) in paragraph at lines 1499--1500

 []

File: ../images/peng119_lamba.png Graphic file (type bmp)
<../images/peng119_lamba.png>
[93]
Underfull \hbox (badness 10000) in paragraph at lines 1515--1516

 []


Underfull \hbox (badness 10000) in paragraph at lines 1517--1518

 []


Underfull \hbox (badness 10000) in paragraph at lines 1519--1520

 []

File: ../images/pengrules_kaprosse_yes.png Graphic file (type bmp)
<../images/pengrules_kaprosse_yes.png>
File: ../images/peng_rules.png Graphic file (type bmp)
<../images/peng_rules.png>

Overfull \hbox (35.24374pt too wide) in paragraph at lines 1525--1526
[][] 
 []

[94]
Underfull \hbox (badness 10000) in paragraph at lines 1536--1537

 []


Underfull \hbox (badness 10000) in paragraph at lines 1538--1539

 []


Underfull \hbox (badness 10000) in paragraph at lines 1540--1541

 []

[95]
Underfull \hbox (badness 10000) in paragraph at lines 1555--1556

 []


Underfull \hbox (badness 10000) in paragraph at lines 1557--1558

 []


Underfull \hbox (badness 10000) in paragraph at lines 1559--1560

 []

File: ../images/shona.png Graphic file (type bmp)
<../images/shona.png>
[96] [97] [98]
Underfull \hbox (badness 10000) in paragraph at lines 1589--1590

 []


Underfull \hbox (badness 10000) in paragraph at lines 1591--1592

 []


Underfull \hbox (badness 10000) in paragraph at lines 1593--1594

 []

File: ../images/yawelmani.png Graphic file (type bmp)
<../images/yawelmani.png>
[99]
Underfull \hbox (badness 10000) in paragraph at lines 1607--1608

 []


Underfull \hbox (badness 10000) in paragraph at lines 1609--1610

 []


Underfull \hbox (badness 10000) in paragraph at lines 1611--1612

 []

File: ../images/final_dataset.png Graphic file (type bmp)
<../images/final_dataset.png>

Overfull \hbox (4.24382pt too wide) in paragraph at lines 1614--1615
[][] 
 []

[100]
Underfull \hbox (badness 10000) in paragraph at lines 1625--1626

 []


Underfull \hbox (badness 10000) in paragraph at lines 1627--1628

 []


Underfull \hbox (badness 10000) in paragraph at lines 1629--1630

 []

File: ../images/kukuya.png Graphic file (type bmp)
<../images/kukuya.png>
[101]
Underfull \hbox (badness 10000) in paragraph at lines 1643--1644

 []


Underfull \hbox (badness 10000) in paragraph at lines 1645--1646

 []


Underfull \hbox (badness 10000) in paragraph at lines 1647--1648

 []

[102]
Underfull \hbox (badness 10000) in paragraph at lines 1658--1659

 []


Underfull \hbox (badness 10000) in paragraph at lines 1660--1661

 []


Underfull \hbox (badness 10000) in paragraph at lines 1662--1663

 []

[103]
Underfull \hbox (badness 10000) in paragraph at lines 1675--1676

 []


Underfull \hbox (badness 10000) in paragraph at lines 1677--1678

 []


Underfull \hbox (badness 10000) in paragraph at lines 1679--1680

 []

File: ../images/spectrogram_suit.png Graphic file (type bmp)
<../images/spectrogram_suit.png>
[104] [105] [106]
Underfull \hbox (badness 10000) in paragraph at lines 1709--1710

 []


Underfull \hbox (badness 10000) in paragraph at lines 1711--1712

 []


Underfull \hbox (badness 10000) in paragraph at lines 1713--1714

 []

File: ../images/ponapean_syllabletemplate.png Graphic file (type bmp)
<../images/ponapean_syllabletemplate.png>
[107]
Underfull \hbox (badness 10000) in paragraph at lines 1729--1730

 []


Underfull \hbox (badness 10000) in paragraph at lines 1731--1732

 []


Underfull \hbox (badness 10000) in paragraph at lines 1733--1734

 []

File: ../images/final_dataset.png Graphic file (type bmp)
<../images/final_dataset.png>

Overfull \hbox (4.24382pt too wide) in paragraph at lines 1736--1737
[][] 
 []

[108]
Underfull \hbox (badness 10000) in paragraph at lines 1747--1748

 []


Underfull \hbox (badness 10000) in paragraph at lines 1749--1750

 []


Overfull \hbox (5.05357pt too wide) in paragraph at lines 1751--1752
[]\TU/DoulosSIL(0)/b/n/12 Explain why phonological features are used instead of
 phonetic characteristics in analyzing datasets. 
 []


Underfull \hbox (badness 10000) in paragraph at lines 1751--1752

 []

[109]
Underfull \hbox (badness 10000) in paragraph at lines 1762--1763

 []


Underfull \hbox (badness 10000) in paragraph at lines 1764--1765

 []


Underfull \hbox (badness 10000) in paragraph at lines 1766--1767

 []

File: ../images/mendetone_a.png Graphic file (type bmp)
<../images/mendetone_a.png>
[110]
Underfull \hbox (badness 10000) in paragraph at lines 1782--1783

 []


Underfull \hbox (badness 10000) in paragraph at lines 1784--1785

 []


Underfull \hbox (badness 10000) in paragraph at lines 1786--1787

 []

File: ../images/peng119_lamba.png Graphic file (type bmp)
<../images/peng119_lamba.png>
[111]
Underfull \hbox (badness 10000) in paragraph at lines 1802--1803

 []


Underfull \hbox (badness 10000) in paragraph at lines 1804--1805

 []


Underfull \hbox (badness 10000) in paragraph at lines 1806--1807

 []

File: ../images/sinusoid.png Graphic file (type bmp)
<../images/sinusoid.png>
[112] [113] [114]
Underfull \hbox (badness 10000) in paragraph at lines 1838--1839

 []


Underfull \hbox (badness 10000) in paragraph at lines 1840--1841

 []


Underfull \hbox (badness 10000) in paragraph at lines 1842--1843

 []

File: ../images/mende_house_b.png Graphic file (type bmp)
<../images/mende_house_b.png>
[115]
Underfull \hbox (badness 10000) in paragraph at lines 1856--1857

 []


Underfull \hbox (badness 10000) in paragraph at lines 1858--1859

 []


Underfull \hbox (badness 10000) in paragraph at lines 1860--1861

 []

File: ../images/final_dataset.png Graphic file (type bmp)
<../images/final_dataset.png>

Overfull \hbox (4.24382pt too wide) in paragraph at lines 1865--1866
[][] 
 []

[116]
Underfull \hbox (badness 10000) in paragraph at lines 1876--1877

 []


Underfull \hbox (badness 10000) in paragraph at lines 1878--1879

 []


Underfull \hbox (badness 10000) in paragraph at lines 1880--1881

 []

File: ../images/peng119_lamba.png Graphic file (type bmp)
<../images/peng119_lamba.png>
[117]
Underfull \hbox (badness 10000) in paragraph at lines 1896--1897

 []


Underfull \hbox (badness 10000) in paragraph at lines 1898--1899

 []


Underfull \hbox (badness 10000) in paragraph at lines 1900--1901

 []

File: ../images/pengtemplate_fletoldu_no.png Graphic file (type bmp)
<../images/pengtemplate_fletoldu_no.png>
File: ../images/peng_template_withdiagram.png Graphic file (type bmp)
<../images/peng_template_withdiagram.png>
[118]
Underfull \hbox (badness 10000) in paragraph at lines 1917--1918

 []


Underfull \hbox (badness 10000) in paragraph at lines 1919--1920

 []


Underfull \hbox (badness 10000) in paragraph at lines 1921--1922

 []

[119]
Underfull \hbox (badness 10000) in paragraph at lines 1936--1937

 []


Underfull \hbox (badness 10000) in paragraph at lines 1938--1939

 []


Underfull \hbox (badness 10000) in paragraph at lines 1940--1941

 []

File: ../images/spectrogram_oh.png Graphic file (type bmp)
<../images/spectrogram_oh.png>
[120] [121] [122]
Underfull \hbox (badness 10000) in paragraph at lines 1970--1971

 []


Underfull \hbox (badness 10000) in paragraph at lines 1972--1973

 []


Underfull \hbox (badness 10000) in paragraph at lines 1974--1975

 []

File: ../images/korean.png Graphic file (type bmp)
<../images/korean.png>
[123]
Underfull \hbox (badness 10000) in paragraph at lines 1988--1989

 []


Underfull \hbox (badness 10000) in paragraph at lines 1990--1991

 []


Underfull \hbox (badness 10000) in paragraph at lines 1992--1993

 []

File: ../images/final_dataset.png Graphic file (type bmp)
<../images/final_dataset.png>

Overfull \hbox (4.24382pt too wide) in paragraph at lines 1997--1998
[][] 
 []

[124]
Underfull \hbox (badness 10000) in paragraph at lines 2008--2009

 []


Underfull \hbox (badness 10000) in paragraph at lines 2010--2011

 []


Underfull \hbox (badness 10000) in paragraph at lines 2012--2013

 []

[125]
Underfull \hbox (badness 10000) in paragraph at lines 2025--2026

 []


Underfull \hbox (badness 10000) in paragraph at lines 2027--2028

 []


Underfull \hbox (badness 10000) in paragraph at lines 2029--2030

 []

File: ../images/mendetone_b.png Graphic file (type bmp)
<../images/mendetone_b.png>
[126]
Underfull \hbox (badness 10000) in paragraph at lines 2045--2046

 []


Underfull \hbox (badness 10000) in paragraph at lines 2047--2048

 []


Underfull \hbox (badness 10000) in paragraph at lines 2049--2050

 []

File: ../images/pengrules_kaprose_no.png Graphic file (type bmp)
<../images/pengrules_kaprose_no.png>
File: ../images/peng_rules.png Graphic file (type bmp)
<../images/peng_rules.png>

Overfull \hbox (35.24374pt too wide) in paragraph at lines 2055--2056
[][] 
 []

[127]
Underfull \hbox (badness 10000) in paragraph at lines 2066--2067

 []


Underfull \hbox (badness 10000) in paragraph at lines 2068--2069

 []


Underfull \hbox (badness 10000) in paragraph at lines 2070--2071

 []

File: ../images/spectrogram_hippo.png Graphic file (type bmp)
<../images/spectrogram_hippo.png>
[128] [129] [130]
Underfull \hbox (badness 10000) in paragraph at lines 2100--2101

 []


Underfull \hbox (badness 10000) in paragraph at lines 2102--2103

 []


Underfull \hbox (badness 10000) in paragraph at lines 2104--2105

 []

File: ../images/mende_house_b.png Graphic file (type bmp)
<../images/mende_house_b.png>
[131]
Underfull \hbox (badness 10000) in paragraph at lines 2118--2119

 []


Underfull \hbox (badness 10000) in paragraph at lines 2120--2121

 []


Underfull \hbox (badness 10000) in paragraph at lines 2122--2123

 []

File: ../images/peng119_lamba.png Graphic file (type bmp)
<../images/peng119_lamba.png>
[132]
Underfull \hbox (badness 10000) in paragraph at lines 2138--2139

 []


Underfull \hbox (badness 10000) in paragraph at lines 2140--2141

 []


Underfull \hbox (badness 10000) in paragraph at lines 2142--2143

 []

File: ../images/final_dataset.png Graphic file (type bmp)
<../images/final_dataset.png>

Overfull \hbox (4.24382pt too wide) in paragraph at lines 2145--2146
[][] 
 []

[133]
Underfull \hbox (badness 10000) in paragraph at lines 2156--2157

 []


Underfull \hbox (badness 10000) in paragraph at lines 2158--2159

 []


Underfull \hbox (badness 10000) in paragraph at lines 2160--2161

 []

File: ../images/yawelmani.png Graphic file (type bmp)
<../images/yawelmani.png>
[134]
Underfull \hbox (badness 10000) in paragraph at lines 2174--2175

 []


Underfull \hbox (badness 10000) in paragraph at lines 2176--2177

 []


Underfull \hbox (badness 10000) in paragraph at lines 2178--2179

 []

[135]
Underfull \hbox (badness 10000) in paragraph at lines 2191--2192

 []


Underfull \hbox (badness 10000) in paragraph at lines 2193--2194

 []


Underfull \hbox (badness 10000) in paragraph at lines 2195--2196

 []

File: ../images/tamil.png Graphic file (type bmp)
<../images/tamil.png>
[136] [137] [138]
Underfull \hbox (badness 10000) in paragraph at lines 2227--2228

 []


Underfull \hbox (badness 10000) in paragraph at lines 2229--2230

 []


Underfull \hbox (badness 10000) in paragraph at lines 2231--2232

 []

File: ../images/osage.png Graphic file (type bmp)
<../images/osage.png>
[139]
Underfull \hbox (badness 10000) in paragraph at lines 2245--2246

 []


Underfull \hbox (badness 10000) in paragraph at lines 2247--2248

 []


Underfull \hbox (badness 10000) in paragraph at lines 2249--2250

 []

File: ../images/final_dataset.png Graphic file (type bmp)
<../images/final_dataset.png>

Overfull \hbox (4.24382pt too wide) in paragraph at lines 2254--2255
[][] 
 []

[140]
Underfull \hbox (badness 10000) in paragraph at lines 2265--2266

 []


Underfull \hbox (badness 10000) in paragraph at lines 2267--2268

 []


Underfull \hbox (badness 10000) in paragraph at lines 2269--2270

 []

File: ../images/spectrogram_we.png Graphic file (type bmp)
<../images/spectrogram_we.png>
[141]
Underfull \hbox (badness 10000) in paragraph at lines 2283--2284

 []


Underfull \hbox (badness 10000) in paragraph at lines 2285--2286

 []


Underfull \hbox (badness 10000) in paragraph at lines 2287--2288

 []

File: ../images/mendetone_d.png Graphic file (type bmp)
<../images/mendetone_d.png>
[142]
Underfull \hbox (badness 10000) in paragraph at lines 2303--2304

 []


Underfull \hbox (badness 10000) in paragraph at lines 2305--2306

 []


Underfull \hbox (badness 10000) in paragraph at lines 2307--2308

 []

File: ../images/peng_rules.png Graphic file (type bmp)
<../images/peng_rules.png>

Overfull \hbox (35.24374pt too wide) in paragraph at lines 2310--2311
[][] 
 []

[143]
Underfull \hbox (badness 10000) in paragraph at lines 2321--2322

 []


Underfull \hbox (badness 10000) in paragraph at lines 2323--2324

 []


Underfull \hbox (badness 10000) in paragraph at lines 2325--2326

 []

[144] [145] [146]
Underfull \hbox (badness 10000) in paragraph at lines 2354--2355

 []


Underfull \hbox (badness 10000) in paragraph at lines 2356--2357

 []


Underfull \hbox (badness 10000) in paragraph at lines 2358--2359

 []

File: ../images/korean.png Graphic file (type bmp)
<../images/korean.png>
[147]
Underfull \hbox (badness 10000) in paragraph at lines 2372--2373

 []


Underfull \hbox (badness 10000) in paragraph at lines 2374--2375

 []


Underfull \hbox (badness 10000) in paragraph at lines 2376--2377

 []

File: ../images/shona.png Graphic file (type bmp)
<../images/shona.png>
[148]
Underfull \hbox (badness 10000) in paragraph at lines 2390--2391

 []


Underfull \hbox (badness 10000) in paragraph at lines 2392--2393

 []


Underfull \hbox (badness 10000) in paragraph at lines 2394--2395

 []

File: ../images/final_dataset.png Graphic file (type bmp)
<../images/final_dataset.png>

Overfull \hbox (4.24382pt too wide) in paragraph at lines 2397--2398
[][] 
 []

[149]
Underfull \hbox (badness 10000) in paragraph at lines 2408--2409

 []


Underfull \hbox (badness 10000) in paragraph at lines 2410--2411

 []


Underfull \hbox (badness 10000) in paragraph at lines 2412--2413

 []

File: ../images/pengtemplate_kaprose_yes.png Graphic file (type bmp)
<../images/pengtemplate_kaprose_yes.png>
File: ../images/peng_template_withdiagram.png Graphic file (type bmp)
<../images/peng_template_withdiagram.png>
[150]
Underfull \hbox (badness 10000) in paragraph at lines 2429--2430

 []


Underfull \hbox (badness 10000) in paragraph at lines 2431--2432

 []


Underfull \hbox (badness 10000) in paragraph at lines 2433--2434

 []

Missing character: There is no  in font ectt1000!
Missing character: There is no  in font ectt1000!
File: ../images/sound1a_sound2i.png Graphic file (type bmp)
<../images/sound1a_sound2i.png>
[151]
Underfull \hbox (badness 10000) in paragraph at lines 2449--2450

 []


Underfull \hbox (badness 10000) in paragraph at lines 2451--2452

 []


Underfull \hbox (badness 10000) in paragraph at lines 2453--2454

 []

[152] [153] [154]
Underfull \hbox (badness 10000) in paragraph at lines 2482--2483

 []


Underfull \hbox (badness 10000) in paragraph at lines 2484--2485

 []


Underfull \hbox (badness 10000) in paragraph at lines 2486--2487

 []

File: ../images/mende_junction_d.png Graphic file (type bmp)
<../images/mende_junction_d.png>
[155]
Underfull \hbox (badness 10000) in paragraph at lines 2500--2501

 []


Underfull \hbox (badness 10000) in paragraph at lines 2502--2503

 []


Underfull \hbox (badness 10000) in paragraph at lines 2504--2505

 []

[156]
Underfull \hbox (badness 10000) in paragraph at lines 2519--2520

 []


Underfull \hbox (badness 10000) in paragraph at lines 2521--2522

 []


Underfull \hbox (badness 10000) in paragraph at lines 2523--2524

 []

File: ../images/final_dataset.png Graphic file (type bmp)
<../images/final_dataset.png>

Overfull \hbox (4.24382pt too wide) in paragraph at lines 2528--2529
[][] 
 []

[157]
Underfull \hbox (badness 10000) in paragraph at lines 2539--2540

 []


Underfull \hbox (badness 10000) in paragraph at lines 2541--2542

 []


Underfull \hbox (badness 10000) in paragraph at lines 2543--2544

 []

[158]
Underfull \hbox (badness 10000) in paragraph at lines 2554--2555

 []


Underfull \hbox (badness 10000) in paragraph at lines 2556--2557

 []


Underfull \hbox (badness 10000) in paragraph at lines 2558--2559

 []

File: ../images/english_past.png Graphic file (type bmp)
<../images/english_past.png>
[159]
Underfull \hbox (badness 10000) in paragraph at lines 2572--2573

 []


Underfull \hbox (badness 10000) in paragraph at lines 2574--2575

 []


Underfull \hbox (badness 10000) in paragraph at lines 2576--2577

 []

File: ../images/pengrules_kaprose_no.png Graphic file (type bmp)
<../images/pengrules_kaprose_no.png>
File: ../images/peng_rules.png Graphic file (type bmp)
<../images/peng_rules.png>

Overfull \hbox (35.24374pt too wide) in paragraph at lines 2582--2583
[][] 
 []

[160] [161] [162]
Underfull \hbox (badness 10000) in paragraph at lines 2609--2610

 []


Underfull \hbox (badness 10000) in paragraph at lines 2611--2612

 []


Underfull \hbox (badness 10000) in paragraph at lines 2613--2614

 []

File: ../images/korean.png Graphic file (type bmp)
<../images/korean.png>
[163]
Underfull \hbox (badness 10000) in paragraph at lines 2627--2628

 []


Underfull \hbox (badness 10000) in paragraph at lines 2629--2630

 []


Underfull \hbox (badness 10000) in paragraph at lines 2631--2632

 []

File: ../images/tibetan.png Graphic file (type bmp)
<../images/tibetan.png>

Overfull \hbox (2.24384pt too wide) in paragraph at lines 2634--2635
[][] 
 []

[164]
Underfull \hbox (badness 10000) in paragraph at lines 2645--2646

 []


Underfull \hbox (badness 10000) in paragraph at lines 2647--2648

 []


Underfull \hbox (badness 10000) in paragraph at lines 2649--2650

 []

File: ../images/final_dataset.png Graphic file (type bmp)
<../images/final_dataset.png>

Overfull \hbox (4.24382pt too wide) in paragraph at lines 2654--2655
[][] 
 []

[165]
Underfull \hbox (badness 10000) in paragraph at lines 2665--2666

 []


Underfull \hbox (badness 10000) in paragraph at lines 2667--2668

 []


Underfull \hbox (badness 10000) in paragraph at lines 2669--2670

 []

File: ../images/mende_house_a.png Graphic file (type bmp)
<../images/mende_house_a.png>
[166]
Underfull \hbox (badness 10000) in paragraph at lines 2683--2684

 []


Underfull \hbox (badness 10000) in paragraph at lines 2685--2686

 []


Underfull \hbox (badness 10000) in paragraph at lines 2687--2688

 []

[167]
Underfull \hbox (badness 10000) in paragraph at lines 2700--2701

 []


Underfull \hbox (badness 10000) in paragraph at lines 2702--2703

 []


Underfull \hbox (badness 10000) in paragraph at lines 2704--2705

 []

[168] [169] [170]
Underfull \hbox (badness 10000) in paragraph at lines 2733--2734

 []


Underfull \hbox (badness 10000) in paragraph at lines 2735--2736

 []


Underfull \hbox (badness 10000) in paragraph at lines 2737--2738

 []

File: ../images/ponapean_syllabletemplate.png Graphic file (type bmp)
<../images/ponapean_syllabletemplate.png>
[171]
Underfull \hbox (badness 10000) in paragraph at lines 2753--2754

 []


Underfull \hbox (badness 10000) in paragraph at lines 2755--2756

 []


Overfull \hbox (5.05357pt too wide) in paragraph at lines 2757--2758
[]\TU/DoulosSIL(0)/b/n/12 Explain why phonological features are used instead of
 phonetic characteristics in analyzing datasets. 
 []


Underfull \hbox (badness 10000) in paragraph at lines 2757--2758

 []

[172]
Underfull \hbox (badness 10000) in paragraph at lines 2768--2769

 []


Underfull \hbox (badness 10000) in paragraph at lines 2770--2771

 []


Underfull \hbox (badness 10000) in paragraph at lines 2772--2773

 []

File: ../images/final_dataset.png Graphic file (type bmp)
<../images/final_dataset.png>

Overfull \hbox (4.24382pt too wide) in paragraph at lines 2777--2778
[][] 
 []

[173]
Underfull \hbox (badness 10000) in paragraph at lines 2788--2789

 []


Underfull \hbox (badness 10000) in paragraph at lines 2790--2791

 []


Underfull \hbox (badness 10000) in paragraph at lines 2792--2793

 []

File: ../images/mendetone_d.png Graphic file (type bmp)
<../images/mendetone_d.png>
[174]
Underfull \hbox (badness 10000) in paragraph at lines 2808--2809

 []


Underfull \hbox (badness 10000) in paragraph at lines 2810--2811

 []


Underfull \hbox (badness 10000) in paragraph at lines 2812--2813

 []

File: ../images/sinusoid.png Graphic file (type bmp)
<../images/sinusoid.png>
[175]
Underfull \hbox (badness 10000) in paragraph at lines 2828--2829

 []


Underfull \hbox (badness 10000) in paragraph at lines 2830--2831

 []


Underfull \hbox (badness 10000) in paragraph at lines 2832--2833

 []

File: ../images/peng119_lamba.png Graphic file (type bmp)
<../images/peng119_lamba.png>
[176] [177] (LING200final-Wednesday,_24_June_2020_instructorcopy.aux)

LaTeX Font Warning: Some font shapes were not available, defaults substituted.

 ) 
Here is how much of TeX's memory you used:
 6866 strings out of 414044
 161320 string characters out of 2891679
 465282 words of memory out of 3000000
 24439 multiletter control sequences out of 15000+200000
 535475 words of font info for 45 fonts, out of 3000000 for 9000
 1348 hyphenation exceptions out of 8191
 44i,5n,82p,1212b,262s stack positions out of 5000i,500n,10000p,200000b,50000s

Output written on LING200final-Wednesday,_24_June_2020_instructorcopy.pdf (177 
pages).
